Log file open, 06/12/17 10:11:19
LogInit:Display: Running engine for game: TowerDefence4
LogPlatformFile: Not using cached read wrapper
LogInit:Display: RandInit(520321863) SRandInit(520321863).
LogTaskGraph: Started task graph with 5 named threads and 8 total threads with 1 sets of task threads.
LogStats: Stats thread started at 0.136658
LogInit: Using libcurl 7.47.1
LogInit:  - built for x86_64-pc-win32
LogInit:  - supports SSL with OpenSSL/1.0.2g
LogInit:  - supports HTTP deflate (compression) using libz 1.2.8
LogInit:  - other features:
LogInit:      CURL_VERSION_SSL
LogInit:      CURL_VERSION_LIBZ
LogInit:      CURL_VERSION_IPV6
LogInit:      CURL_VERSION_ASYNCHDNS
LogInit:      CURL_VERSION_LARGEFILE
LogInit:      CURL_VERSION_IDN
LogInit:  CurlRequestOptions (configurable via config and command line):
LogInit:  - bVerifyPeer = false  - Libcurl will NOT verify peer certificate
LogInit:  - bUseHttpProxy = false  - Libcurl will NOT use HTTP proxy
LogInit:  - bDontReuseConnections = false  - Libcurl will reuse connections
LogInit:  - CertBundlePath = nullptr  - Libcurl will use whatever was configured at build time.
LogInit: Build: ++UE4+Release-4.15-CL-3416026
LogInit: Engine Version: 4.15.2-3416026+++UE4+Release-4.15
LogInit: Compatible Engine Version: 4.15.0-3299760+++UE4+Release-4.15
LogInit: Net CL: 3299760
LogDevObjectVersion: Number of dev versions registered: 14
LogDevObjectVersion:   Dev-Blueprints (B0D832E4-1F89-4F0D-ACCF-7EB736FD4AA2): 8
LogDevObjectVersion:   Dev-Build (E1C64328-A22C-4D53-A36C-8E866417BD8C): 0
LogDevObjectVersion:   Dev-Core (375EC13C-06E4-48FB-B500-84F0262A717E): 2
LogDevObjectVersion:   Dev-Editor (E4B068ED-F494-42E9-A231-DA0B2E46BB41): 14
LogDevObjectVersion:   Dev-Framework (CFFC743F-43B0-4480-9391-14DF171D2073): 22
LogDevObjectVersion:   Dev-Mobile (B02B49B5-BB20-44E9-A304-32B752E40360): 0
LogDevObjectVersion:   Dev-Networking (A4E4105C-59A1-49B5-A7C5-40C4547EDFEE): 0
LogDevObjectVersion:   Dev-Online (39C831C9-5AE6-47DC-9A44-9C173E1C8E7C): 0
LogDevObjectVersion:   Dev-Physics (78F01B33-EBEA-4F98-B9B4-84EACCB95AA2): 0
LogDevObjectVersion:   Dev-Platform (6631380F-2D4D-43E0-8009-CF276956A95A): 0
LogDevObjectVersion:   Dev-Rendering (12F88B9F-8875-4AFC-A67C-D90C383ABD29): 12
LogDevObjectVersion:   Dev-Sequencer (7B5AE74C-D270-4C10-A958-57980B212A5A): 3
LogDevObjectVersion:   Dev-VR (D7296918-1DD6-4BDD-9DE2-64A83CC13884): 0
LogDevObjectVersion:   Dev-LoadTimes (C2A15278-BFE7-4AFE-6C17-90FF531DF755): 1
LogInit: Compiled (64-bit): May  1 2017 13:11:28
LogInit: Compiled with Visual C++: 19.00.23026.00
LogInit: Build Configuration: Development
LogInit: Branch Name: ++UE4+Release-4.15
LogInit: Command line:  
LogInit: Base directory: E:/Unreal 4/UE_4.15/Engine/Binaries/Win64/
LogInit: Installed Engine Build: 1
LogInit: Presizing for max 8388607 objects, including 0 objects not considered by GC, pre-allocating 0 bytes for permanent pool.
LogInit: Object subsystem initialized
[2017.06.12-09.11.19:966][  0]LogInit: Selected Device Profile: [Windows]
[2017.06.12-09.11.19:966][  0]LogInit: Applying CVar settings loaded from the selected device profile: [Windows]
[2017.06.12-09.11.20:054][  0]LogInit: Computer: PCBOI
[2017.06.12-09.11.20:054][  0]LogInit: User: Henry891
[2017.06.12-09.11.20:054][  0]LogInit: CPU Page size=65536, Cores=4
[2017.06.12-09.11.20:054][  0]LogInit: High frequency timer resolution =3.903990 MHz
[2017.06.12-09.11.20:055][  0]LogMemory: Memory total: Physical=15.9GB (16GB approx)
[2017.06.12-09.11.20:055][  0]LogMemory: Platform Memory Stats for Windows
[2017.06.12-09.11.20:055][  0]LogMemory: Process Physical Memory: 263.80 MB used, 263.80 MB peak
[2017.06.12-09.11.20:055][  0]LogMemory: Process Virtual Memory: 262.69 MB used, 262.69 MB peak
[2017.06.12-09.11.20:055][  0]LogMemory: Physical Memory: 5303.16 MB used,  11023.58 MB free, 16326.74 MB total
[2017.06.12-09.11.20:055][  0]LogMemory: Virtual Memory: 644.97 MB used,  11023.58 MB free, 134217728.00 MB total
[2017.06.12-09.11.20:973][  0]LogTextLocalizationManager: No specific translations for ('en-GB') exist, so ('en') translations will be used.
[2017.06.12-09.11.23:890][  0]LogD3D11RHI: D3D11 adapters:
[2017.06.12-09.11.24:385][  0]LogD3D11RHI:    0. 'NVIDIA GeForce GTX 1080' (Feature Level 11_0)
[2017.06.12-09.11.24:385][  0]LogD3D11RHI:       8110/0/8163 MB DedicatedVideo/DedicatedSystem/SharedSystem, Outputs:2, VendorId:0x10de
[2017.06.12-09.11.24:386][  0]LogD3D11RHI:    1. 'Microsoft Basic Render Driver' (Feature Level 11_0)
[2017.06.12-09.11.24:386][  0]LogD3D11RHI:       0/0/8163 MB DedicatedVideo/DedicatedSystem/SharedSystem, Outputs:0, VendorId:0x1414
[2017.06.12-09.11.24:386][  0]LogD3D11RHI: Chosen D3D11 Adapter: 0
[2017.06.12-09.11.24:389][  0]LogD3D11RHI: Creating new Direct3DDevice
[2017.06.12-09.11.24:389][  0]LogD3D11RHI:     GPU DeviceId: 0x1b80 (for the marketing name, search the web for "GPU Device Id")
[2017.06.12-09.11.24:389][  0]LogWindows: EnumDisplayDevices:
[2017.06.12-09.11.24:389][  0]LogWindows:    0. 'NVIDIA GeForce GTX 1080' (P:1 D:1)
[2017.06.12-09.11.24:389][  0]LogWindows:    1. 'NVIDIA GeForce GTX 1080' (P:0 D:1)
[2017.06.12-09.11.24:389][  0]LogWindows:    2. 'NVIDIA GeForce GTX 1080' (P:0 D:0)
[2017.06.12-09.11.24:389][  0]LogWindows:    3. 'NVIDIA GeForce GTX 1080' (P:0 D:0)
[2017.06.12-09.11.24:390][  0]LogWindows: DebugString: FoundDriverCount:4 
[2017.06.12-09.11.24:390][  0]LogD3D11RHI:     Adapter Name: NVIDIA GeForce GTX 1080
[2017.06.12-09.11.24:390][  0]LogD3D11RHI:   Driver Version: 382.53 (internal:22.21.13.8253, unified:382.53)
[2017.06.12-09.11.24:390][  0]LogD3D11RHI:      Driver Date: 6-7-2017
[2017.06.12-09.11.24:390][  0]LogRHI: Texture pool is 1361 MB (70% of 1945 MB)
[2017.06.12-09.11.24:861][  0]LogD3D11RHI: [Aftermath] Aftermath enabled and primed
[2017.06.12-09.11.24:861][  0]LogD3D11RHI: Async texture creation enabled
[2017.06.12-09.11.24:896][  0]LogD3D11RHI: GPU Timing Frequency: 1000.000000 (Debug: 2 1)
[2017.06.12-09.11.24:986][  0]LogShaderCompilers: Guid format shader working directory is -9 characters bigger than the processId version (../../../../UE4 projects/ohwowrepo/TowerDefence4 - Copy/Intermediate/Shaders/WorkingDirectory/4088/).
[2017.06.12-09.11.24:986][  0]LogShaderCompilers: Cleaned the shader compiler working directory 'C:/Users/Henry/AppData/Local/Temp/UnrealShaderWorkingDir/80410E3E4691D54556C955B318CE5B5A/'.
[2017.06.12-09.11.24:986][  0]LogShaderCompilers:Display: Using Local Shader Compiler.
[2017.06.12-09.11.28:445][  0]LogTemp:Display: Loaded TP AllDesktopTargetPlatform
[2017.06.12-09.11.28:484][  0]LogTemp:Display: Loaded TP MacClientTargetPlatform
[2017.06.12-09.11.28:526][  0]LogTemp:Display: Loaded TP MacNoEditorTargetPlatform
[2017.06.12-09.11.28:565][  0]LogTemp:Display: Loaded TP MacServerTargetPlatform
[2017.06.12-09.11.28:628][  0]LogTemp:Display: Loaded TP MacTargetPlatform
[2017.06.12-09.11.28:669][  0]LogTemp:Display: Loaded TP WindowsClientTargetPlatform
[2017.06.12-09.11.28:704][  0]LogTemp:Display: Loaded TP WindowsNoEditorTargetPlatform
[2017.06.12-09.11.28:740][  0]LogTemp:Display: Loaded TP WindowsServerTargetPlatform
[2017.06.12-09.11.28:768][  0]LogTemp:Display: Loaded TP WindowsTargetPlatform
[2017.06.12-09.11.28:839][  0]LogTemp:Display: Loaded TP AndroidTargetPlatform
[2017.06.12-09.11.28:874][  0]LogTemp:Display: Loaded TP Android_ASTCTargetPlatform
[2017.06.12-09.11.28:908][  0]LogTemp:Display: Loaded TP Android_ATCTargetPlatform
[2017.06.12-09.11.28:945][  0]LogTemp:Display: Loaded TP Android_DXTTargetPlatform
[2017.06.12-09.11.28:984][  0]LogTemp:Display: Loaded TP Android_ETC1TargetPlatform
[2017.06.12-09.11.29:027][  0]LogTemp:Display: Loaded TP Android_ETC2TargetPlatform
[2017.06.12-09.11.29:097][  0]LogTemp:Display: Loaded TP Android_MultiTargetPlatform
[2017.06.12-09.11.29:097][  0]LogTemp:Display: Loaded TP Android_PVRTCTargetPlatform
[2017.06.12-09.11.29:117][  0]LogTemp:Display: Loaded TP HTML5TargetPlatform
[2017.06.12-09.11.29:257][  0]LogTemp:Display: Loaded TP IOSTargetPlatform
[2017.06.12-09.11.29:281][  0]LogTemp:Display: Loaded TP TVOSTargetPlatform
[2017.06.12-09.11.29:330][  0]LogTemp:Display: Loaded TP LinuxClientTargetPlatform
[2017.06.12-09.11.29:369][  0]LogTemp:Display: Loaded TP LinuxNoEditorTargetPlatform
[2017.06.12-09.11.29:413][  0]LogTemp:Display: Loaded TP LinuxServerTargetPlatform
[2017.06.12-09.11.29:492][  0]LogTemp:Display: Loaded TP LinuxTargetPlatform
[2017.06.12-09.11.29:492][  0]LogTargetPlatformManager:Display: Building Assets For Windows
[2017.06.12-09.11.30:646][  0]LogDerivedDataCache:Display: Max Cache Size: 512 MB
[2017.06.12-09.11.30:828][  0]LogDerivedDataCache: Loaded boot cache 0.18s 50MB C:/Users/Henry/AppData/Local/UnrealEngine/4.15/DerivedDataCache/Boot.ddc.
[2017.06.12-09.11.30:828][  0]LogDerivedDataCache:Display: Loaded Boot cache: C:/Users/Henry/AppData/Local/UnrealEngine/4.15/DerivedDataCache/Boot.ddc
[2017.06.12-09.11.30:828][  0]LogDerivedDataCache: FDerivedDataBackendGraph:  Pak pak cache file ../../../../UE4 projects/ohwowrepo/TowerDefence4 - Copy/DerivedDataCache/DDC.ddp not found, will not use a pak cache.
[2017.06.12-09.11.30:828][  0]LogDerivedDataCache: Unable to find inner node Pak for hierarchical cache Hierarchy.
[2017.06.12-09.11.30:828][  0]LogDerivedDataCache: FDerivedDataBackendGraph:  CompressedPak pak cache file ../../../../UE4 projects/ohwowrepo/TowerDefence4 - Copy/DerivedDataCache/Compressed.ddp not found, will not use a pak cache.
[2017.06.12-09.11.30:828][  0]LogDerivedDataCache: Unable to find inner node CompressedPak for hierarchical cache Hierarchy.
[2017.06.12-09.11.30:918][  0]LogDerivedDataCache:Display: Pak cache opened for reading ../../../Engine/DerivedDataCache/Compressed.ddp.
[2017.06.12-09.11.30:931][  0]LogDerivedDataCache: Using Local data cache path C:/Users/Henry/AppData/Local/UnrealEngine/Common/DerivedDataCache: Writable
[2017.06.12-09.11.30:939][  0]LogSlate: Using Freetype 2.6.0
[2017.06.12-09.11.31:220][  0]LogSlate: SlateFontCache - WITH_FREETYPE: 1, WITH_HARFBUZZ: 1
[2017.06.12-09.11.31:220][  0]LogSlate: SlateFontCache - WITH_FREETYPE: 1, WITH_HARFBUZZ: 1
[2017.06.12-09.11.42:207][  0]LogInit: Selected Device Profile: [Windows]
[2017.06.12-09.11.42:209][  0]LogContentStreaming: Texture pool size is 0.00 MB
[2017.06.12-09.11.42:619][  0]LogMeshUtilities: Using QuadricMeshReduction for automatic static mesh reduction
[2017.06.12-09.11.42:641][  0]LogSimplygon: Simplygon DLL not present - disabling.
[2017.06.12-09.11.42:664][  0]LogMeshUtilities: Using SimplygonSwarm for distributed automatic mesh merging
[2017.06.12-09.11.42:664][  0]LogMeshUtilities: No automatic skeletal mesh reduction module available
[2017.06.12-09.11.42:664][  0]LogMeshUtilities: No automatic mesh merging module available
[2017.06.12-09.11.46:764][  0]LogNetVersion: GetLocalNetworkVersion: CL: 3299760, ProjectName: towerdefence4, ProjectVersion: , EngineNetworkVersion: 2, GameNetworkVersion: 0, NetworkChecksum: 3786553673
[2017.06.12-09.11.46:799][  0]LogAssetRegistry: FAssetRegistry took 0.0213 seconds to start up
[2017.06.12-09.11.47:087][  0]LogPackageLocalizationCache: Processed 3 localized package path(s) for 2 prioritized culture(s) in 0.277749 seconds
[2017.06.12-09.11.47:091][  0]LogUObjectArray: 32493 objects as part of root set at end of initial load.
[2017.06.12-09.11.47:091][  0]LogUObjectAllocator: 7077024 out of 0 bytes used by permanent object pool.
[2017.06.12-09.11.47:091][  0]LogUObjectArray: CloseDisregardForGC: 0/0 objects in disregard for GC pool
[2017.06.12-09.11.47:121][  0]LogInit: WinSock: version 1.1 (2.2), MaxSocks=32767, MaxUdp=65467
[2017.06.12-09.12.05:518][  0]LogTcpMessaging: Initializing TcpMessaging bridge
[2017.06.12-09.12.05:544][  0]LogUdpMessaging: Initializing bridge on interface 0.0.0.0:0 to multicast group 230.0.0.1:6666.
[2017.06.12-09.12.06:229][  0]LogMaterial: Uniform references updated for custom material expression Custom.
[2017.06.12-09.12.06:730][  0]SourceControl: Info Source control is disabled
[2017.06.12-09.12.06:771][  0]SourceControl: Info Source control is disabled
[2017.06.12-09.12.06:795][  0]SourceControl: Info Source control is disabled
[2017.06.12-09.12.06:819][  0]SourceControl: Info Source control is disabled
[2017.06.12-09.12.07:149][  0]LogLinker:Warning: Can't find file '/Game/TopDownBP/TopDownOverview'
[2017.06.12-09.12.07:149][  0]LogLinker:Warning: Can't find file '/Game/TopDownBP/TopDownOverview'
[2017.06.12-09.12.07:149][  0]LogUObjectGlobals:Warning: Failed to find object 'Class /Game/TopDownBP/TopDownOverview.TopDownOverview_C'
[2017.06.12-09.12.07:987][  0]LogEngine: Initializing Engine...
[2017.06.12-09.12.07:987][  0]LogHMD: Failed to initialize OpenVR with code 110
[2017.06.12-09.12.08:655][  0]LogStats: UGameplayTagsManager::ConstructGameplayTagTree: Construct from data asset -  0.000 s
[2017.06.12-09.12.08:655][  0]LogStats: UGameplayTagsManager::ConstructGameplayTagTree: GameplayTagTreeChangedEvent.Broadcast -  0.000 s
[2017.06.12-09.12.08:834][  0]LogAIModule: Creating AISystem for world Untitled
[2017.06.12-09.12.08:850][  0]LogInit: XAudio2 using 'Speakers (Realtek High Definition Audio)' : 2 channels at 48 kHz using 32 bits per sample (channel mask 0x3)
[2017.06.12-09.12.08:862][  0]LogInit: FAudioDevice initialized.
[2017.06.12-09.12.08:885][  0]LogDerivedDataCache: Saved boot cache 0.02s 50MB C:/Users/Henry/AppData/Local/UnrealEngine/4.15/DerivedDataCache/Boot.ddc.
[2017.06.12-09.12.08:890][  0]LogInit: Texture streaming: Enabled
[2017.06.12-09.12.08:938][  0]LogEngineSessionManager: EngineSessionManager initialized
[2017.06.12-09.12.08:991][  0]LogInit: Transaction tracking system initialized
[2017.06.12-09.12.09:171][  0]BlueprintLog: New page: Editor Load
[2017.06.12-09.12.09:665][  0]LocalizationService: Info Localization service is disabled
[2017.06.12-09.12.10:128][  0]LogConsoleResponse:Display: 
[2017.06.12-09.12.13:067][  0]LogCook:Display: Max memory allowance for cook 16384mb min free memory 0mb
[2017.06.12-09.12.13:067][  0]LogCook:Display: Mobile HDR setting 1
[2017.06.12-09.12.13:286][  0]LogFileCache: Scanning file cache for directory 'E:/Unreal 4/UE4 projects/ohwowrepo/TowerDefence4 - Copy/Content/' took 0.01s
[2017.06.12-09.12.15:119][  0]SourceControl: Info Source control is disabled
[2017.06.12-09.12.15:119][  0]Cmd: MAP LOAD FILE="../../../../UE4 projects/ohwowrepo/TowerDefence4 - Copy/Content/ThirdPersonBP/Maps/ThirdPersonExampleMap.umap" TEMPLATE=0 SHOWPROGRESS=1 FEATURELEVEL=3
[2017.06.12-09.12.15:242][  0]LightingResults: New page: Lighting Build
[2017.06.12-09.12.15:263][  0]MapCheck: New page: Map Check
[2017.06.12-09.12.15:263][  0]LightingResults: New page: Lighting Build
[2017.06.12-09.12.20:390][  0]LogAIModule: Creating AISystem for world ThirdPersonExampleMap
[2017.06.12-09.12.20:570][  0]LogEditorServer: Finished looking for orphan Actors (0.000 secs)
[2017.06.12-09.12.20:571][  0]Cmd: MAP CHECKDEP NOCLEARLOG
[2017.06.12-09.12.20:602][  0]MapCheck: Info Map check complete: 0 Error(s), 0 Warning(s), took 31.272ms to complete.
[2017.06.12-09.12.20:602][  0]LogFileHelpers: Loading map 'ThirdPersonExampleMap' took 5.483
[2017.06.12-09.12.20:654][  0]LogWindowsTextInputMethodSystem:Display: IME system now deactivated.
[2017.06.12-09.12.20:782][  0]LogCollectionManager: Loaded 0 collections in 0.000747 seconds
[2017.06.12-09.12.20:855][  0]LogFileCache: Scanning file cache for directory 'E:/Unreal 4/UE4 projects/ohwowrepo/TowerDefence4 - Copy/Saved/Collections/' took 0.01s
[2017.06.12-09.12.20:855][  0]LogFileCache: Scanning file cache for directory 'E:/Unreal 4/UE4 projects/ohwowrepo/TowerDefence4 - Copy/Content/Developers/Henry891/Collections/' took 0.01s
[2017.06.12-09.12.20:855][  0]LogFileCache: Scanning file cache for directory 'E:/Unreal 4/UE4 projects/ohwowrepo/TowerDefence4 - Copy/Content/Collections/' took 0.01s
[2017.06.12-09.12.20:855][  0]LogCollectionManager: Rebuilt the GUID cache for 0 collections in 0.000004 seconds
[2017.06.12-09.12.20:865][  0]LogContentBrowser: Native class hierarchy populated in 0.0100 seconds. Added 2252 classes and 455 folders.
[2017.06.12-09.12.20:919][  0]LogContentBrowser: Native class hierarchy updated for 'WidgetCarousel' in 0.0010 seconds. Added 0 classes and 0 folders.
[2017.06.12-09.12.21:872][  0]LogContentBrowser: Native class hierarchy updated for 'AddContentDialog' in 0.0005 seconds. Added 0 classes and 0 folders.
[2017.06.12-09.12.22:117][  0]LogContentBrowser: Native class hierarchy updated for 'SceneOutliner' in 0.0004 seconds. Added 1 classes and 2 folders.
[2017.06.12-09.12.22:206][  0]LogCrashTracker: Crashtracker disabled due to settings.
[2017.06.12-09.12.22:212][  0]LogUObjectGlobals:Warning: Failed to find object 'Class None.'
[2017.06.12-09.12.22:257][  0]LogContentBrowser: Native class hierarchy updated for 'HierarchicalLODOutliner' in 0.0004 seconds. Added 1 classes and 2 folders.
[2017.06.12-09.12.22:258][  0]LogLoad: (Engine Initialization) Total time: 69.53 seconds
[2017.06.12-09.12.22:258][  0]LogLoad: (Engine Initialization) Total Blueprint compile time: 0.64 seconds
[2017.06.12-09.12.22:258][  0]LogExternalProfiler: No external profilers were discovered.  External profiling features will not be available.
[2017.06.12-09.12.22:267][  0]LogOcInput: OculusInput pre-init called
[2017.06.12-09.12.22:281][  0]LogAssetRegistry: Asset discovery search completed in 35.5042 seconds
[2017.06.12-09.12.22:281][  0]LogCollectionManager: Rebuilt the object cache for 0 collections in 0.000005 seconds (found 0 objects)
[2017.06.12-09.12.22:281][  0]LogCollectionManager: Fixed up redirectors for 0 collections in 0.000020 seconds (updated 0 objects)
[2017.06.12-09.12.22:283][  0]LogContentStreaming: Texture pool size now 1000 MB
[2017.06.12-09.12.22:345][  0]LogSlate: Took 0.022090 seconds to synchronously load lazily loaded font '../../../Engine/Content/Slate/Fonts/Roboto-Regular.ttf' (155K)
[2017.06.12-09.12.22:352][  0]LogSlate: Took 0.003754 seconds to synchronously load lazily loaded font '../../../Engine/Content/Slate/Fonts/Roboto-Bold.ttf' (160K)
[2017.06.12-09.12.22:374][  0]LogSlate: Took 0.020892 seconds to synchronously load lazily loaded font '../../../Engine/Content/Editor/Slate/Fonts/FontAwesome.ttf' (139K)
[2017.06.12-09.12.22:836][  0]LogRenderer: Reallocating scene render targets to support 1128x924 NumSamples 1 (Frame:2).
[2017.06.12-09.12.45:224][250]LogRenderer: Reallocating scene render targets to support 1128x1064 NumSamples 1 (Frame:5).
[2017.06.12-09.12.50:056][688]LogRenderer: Reallocating scene render targets to support 1508x1284 NumSamples 1 (Frame:8).
[2017.06.12-09.16.25:095][420]LogSlate: Took 0.000159 seconds to synchronously load lazily loaded font '../../../Engine/Content/Slate/Fonts/Roboto-Light.ttf' (159K)
[2017.06.12-09.16.25:429][420]LogContentBrowser: Native class hierarchy updated for 'BlueprintGraph' in 0.0007 seconds. Added 112 classes and 0 folders.
[2017.06.12-09.16.25:980][420]LogSlate: Took 0.000142 seconds to synchronously load lazily loaded font '../../../Engine/Content/Slate/Fonts/Roboto-Light.ttf' (159K)
[2017.06.12-09.16.25:981][420]LogSlate: Took 0.000151 seconds to synchronously load lazily loaded font '../../../Engine/Content/Editor/Slate/Fonts/Roboto-BoldCondensed.ttf' (158K)
[2017.06.12-09.17.54:765][919]LogSlate: Took 0.000195 seconds to synchronously load lazily loaded font '../../../Engine/Content/Editor/Slate/Fonts/Roboto-Italic.ttf' (157K)
[2017.06.12-09.21.42:378][349]LogSlate: Took 0.020684 seconds to synchronously load lazily loaded font '../../../Engine/Content/Editor/Slate/Fonts/Roboto-BoldCondensedItalic.ttf' (160K)
[2017.06.12-09.21.46:944][877]BlueprintLog: New page: Compile Core
[2017.06.12-09.21.47:655][913]Cmd: OBJ SAVEPACKAGE PACKAGE="/Game/MOBA_Minion_AI/Actors/Core" FILE="../../../../UE4 projects/ohwowrepo/TowerDefence4 - Copy/Content/MOBA_Minion_AI/Actors/Core.uasset" SILENT=true
[2017.06.12-09.21.47:753][913]LogSavePackage: Save=17.43ms
[2017.06.12-09.21.47:753][913]LogSavePackage: Moving '../../../../UE4 projects/ohwowrepo/TowerDefence4 - Copy/Saved/Core31206CAC418FDAD97BD383AFE5CC61BE.tmp' to '../../../../UE4 projects/ohwowrepo/TowerDefence4 - Copy/Content/MOBA_Minion_AI/Actors/Core.uasset'
[2017.06.12-09.21.47:757][913]LogSavePackage:Display: Finished SavePackage ../../../../UE4 projects/ohwowrepo/TowerDefence4 - Copy/Content/MOBA_Minion_AI/Actors/Core.uasset
[2017.06.12-09.21.54:814][736]BlueprintLog: New page: Compile Core
[2017.06.12-09.21.56:184][880]Cmd: OBJ SAVEPACKAGE PACKAGE="/Game/MOBA_Minion_AI/Actors/Core" FILE="../../../../UE4 projects/ohwowrepo/TowerDefence4 - Copy/Content/MOBA_Minion_AI/Actors/Core.uasset" SILENT=true
[2017.06.12-09.21.56:203][880]LogSavePackage: Save=15.97ms
[2017.06.12-09.21.56:203][880]LogSavePackage: Moving '../../../../UE4 projects/ohwowrepo/TowerDefence4 - Copy/Saved/Core65B57B784ADA13D0E52A38940291372F.tmp' to '../../../../UE4 projects/ohwowrepo/TowerDefence4 - Copy/Content/MOBA_Minion_AI/Actors/Core.uasset'
[2017.06.12-09.21.56:204][880]LogSavePackage:Display: Finished SavePackage ../../../../UE4 projects/ohwowrepo/TowerDefence4 - Copy/Content/MOBA_Minion_AI/Actors/Core.uasset
[2017.06.12-09.23.27:262][765]BlueprintLog: New page: Compile GDG_GameMode
[2017.06.12-09.23.28:108][795]Cmd: OBJ SAVEPACKAGE PACKAGE="/Game/MOBA_Minion_AI/Game/GDG_GameMode" FILE="../../../../UE4 projects/ohwowrepo/TowerDefence4 - Copy/Content/MOBA_Minion_AI/Game/GDG_GameMode.uasset" SILENT=true
[2017.06.12-09.23.28:150][795]LogSavePackage: Save=30.35ms
[2017.06.12-09.23.28:150][795]LogSavePackage: Moving '../../../../UE4 projects/ohwowrepo/TowerDefence4 - Copy/Saved/GDG_GameModeD0E6F9794AC3CD6D4383BCBB3921BAA6.tmp' to '../../../../UE4 projects/ohwowrepo/TowerDefence4 - Copy/Content/MOBA_Minion_AI/Game/GDG_GameMode.uasset'
[2017.06.12-09.23.28:152][795]LogSavePackage:Display: Finished SavePackage ../../../../UE4 projects/ohwowrepo/TowerDefence4 - Copy/Content/MOBA_Minion_AI/Game/GDG_GameMode.uasset
[2017.06.12-09.23.56:174][785]BlueprintLog: New page: Compile Core
[2017.06.12-09.23.56:747][834]Cmd: OBJ SAVEPACKAGE PACKAGE="/Game/MOBA_Minion_AI/Actors/Core" FILE="../../../../UE4 projects/ohwowrepo/TowerDefence4 - Copy/Content/MOBA_Minion_AI/Actors/Core.uasset" SILENT=true
[2017.06.12-09.23.56:788][834]LogSavePackage: Save=18.53ms
[2017.06.12-09.23.56:788][834]LogSavePackage: Moving '../../../../UE4 projects/ohwowrepo/TowerDefence4 - Copy/Saved/CoreC6C8B7A04354A1127E958F8248C8A725.tmp' to '../../../../UE4 projects/ohwowrepo/TowerDefence4 - Copy/Content/MOBA_Minion_AI/Actors/Core.uasset'
[2017.06.12-09.23.56:789][834]LogSavePackage:Display: Finished SavePackage ../../../../UE4 projects/ohwowrepo/TowerDefence4 - Copy/Content/MOBA_Minion_AI/Actors/Core.uasset
[2017.06.12-09.24.12:285][636]BlueprintLog: New page: Compile Core
[2017.06.12-09.24.12:870][689]Cmd: OBJ SAVEPACKAGE PACKAGE="/Game/MOBA_Minion_AI/Actors/Core" FILE="../../../../UE4 projects/ohwowrepo/TowerDefence4 - Copy/Content/MOBA_Minion_AI/Actors/Core.uasset" SILENT=true
[2017.06.12-09.24.12:891][689]LogSavePackage: Save=18.53ms
[2017.06.12-09.24.12:891][689]LogSavePackage: Moving '../../../../UE4 projects/ohwowrepo/TowerDefence4 - Copy/Saved/CoreCAB491594E9A85A50877A0B9ECC51C91.tmp' to '../../../../UE4 projects/ohwowrepo/TowerDefence4 - Copy/Content/MOBA_Minion_AI/Actors/Core.uasset'
[2017.06.12-09.24.12:892][689]LogSavePackage:Display: Finished SavePackage ../../../../UE4 projects/ohwowrepo/TowerDefence4 - Copy/Content/MOBA_Minion_AI/Actors/Core.uasset
[2017.06.12-09.24.18:798][303]BlueprintLog: New page: Compile GameHud
[2017.06.12-09.24.19:304][340]Cmd: OBJ SAVEPACKAGE PACKAGE="/Game/MOBA_Minion_AI/UI/GameHud" FILE="../../../../UE4 projects/ohwowrepo/TowerDefence4 - Copy/Content/MOBA_Minion_AI/UI/GameHud.uasset" SILENT=true
[2017.06.12-09.24.19:315][340]LogSavePackage: Save=5.50ms
[2017.06.12-09.24.19:315][340]LogSavePackage: Moving '../../../../UE4 projects/ohwowrepo/TowerDefence4 - Copy/Saved/GameHudCD1D780B47DEA6842A2DC7B4E14AD4D1.tmp' to '../../../../UE4 projects/ohwowrepo/TowerDefence4 - Copy/Content/MOBA_Minion_AI/UI/GameHud.uasset'
[2017.06.12-09.24.19:316][340]LogSavePackage:Display: Finished SavePackage ../../../../UE4 projects/ohwowrepo/TowerDefence4 - Copy/Content/MOBA_Minion_AI/UI/GameHud.uasset
[2017.06.12-09.25.19:696][863]LogSlate: Took 0.067178 seconds to synchronously load lazily loaded font '../../../Engine/Content/Slate/Fonts/DroidSansFallback.ttf' (3848K)
[2017.06.12-09.26.24:237][ 80]LogSavePackage: Save=114.78ms
[2017.06.12-09.26.24:237][ 80]LogSavePackage: Moving '../../../../UE4 projects/ohwowrepo/TowerDefence4 - Copy/Saved/ThirdPersonExampleMap_Auto15D07237A46179CA24A1B8BA1095FC05F.tmp' to '../../../../UE4 projects/ohwowrepo/TowerDefence4 - Copy/Saved/Autosaves/Game/ThirdPersonBP/Maps/ThirdPersonExampleMap_Auto1.umap'
[2017.06.12-09.26.24:238][ 80]LogSavePackage:Display: Finished SavePackage ../../../../UE4 projects/ohwowrepo/TowerDefence4 - Copy/Saved/Autosaves/Game/ThirdPersonBP/Maps/ThirdPersonExampleMap_Auto1.umap
[2017.06.12-09.26.24:239][ 80]LogFileHelpers: Editor autosave (incl. sublevels) for '/Game/ThirdPersonBP/Maps/ThirdPersonExampleMap' took 0.353
[2017.06.12-09.26.24:239][ 80]LogFileHelpers: Editor autosave (incl. sublevels) for all levels took 0.353
[2017.06.12-09.26.24:241][ 80]OBJ SavePackage: Generating thumbnails for [0] asset(s) in package [/Game/MOBA_Minion_AI/UI/HealthBlock] ([1] browsable assets)...
[2017.06.12-09.26.24:241][ 80]OBJ SavePackage: Finished generating thumbnails for package [/Game/MOBA_Minion_AI/UI/HealthBlock]
[2017.06.12-09.26.24:259][ 80]LogSavePackage: Save=12.39ms
[2017.06.12-09.26.24:259][ 80]LogSavePackage: Moving '../../../../UE4 projects/ohwowrepo/TowerDefence4 - Copy/Saved/HealthBlock_Auto1D2E649254EBB2955D6E880992593D0AB.tmp' to '../../../../UE4 projects/ohwowrepo/TowerDefence4 - Copy/Saved/Autosaves/Game/MOBA_Minion_AI/UI/HealthBlock_Auto1.uasset'
[2017.06.12-09.26.24:259][ 80]LogSavePackage:Display: Finished SavePackage ../../../../UE4 projects/ohwowrepo/TowerDefence4 - Copy/Saved/Autosaves/Game/MOBA_Minion_AI/UI/HealthBlock_Auto1.uasset
[2017.06.12-09.26.24:260][ 80]OBJ SavePackage: Generating thumbnails for [0] asset(s) in package [/Game/MOBA_Minion_AI/UI/GameHud] ([1] browsable assets)...
[2017.06.12-09.26.24:260][ 80]OBJ SavePackage: Finished generating thumbnails for package [/Game/MOBA_Minion_AI/UI/GameHud]
[2017.06.12-09.26.24:269][ 80]LogSavePackage: Save=6.92ms
[2017.06.12-09.26.24:269][ 80]LogSavePackage: Moving '../../../../UE4 projects/ohwowrepo/TowerDefence4 - Copy/Saved/GameHud_Auto10A67DE9847E1FED3C90610AA69E11666.tmp' to '../../../../UE4 projects/ohwowrepo/TowerDefence4 - Copy/Saved/Autosaves/Game/MOBA_Minion_AI/UI/GameHud_Auto1.uasset'
[2017.06.12-09.26.24:270][ 80]LogSavePackage:Display: Finished SavePackage ../../../../UE4 projects/ohwowrepo/TowerDefence4 - Copy/Saved/Autosaves/Game/MOBA_Minion_AI/UI/GameHud_Auto1.uasset
[2017.06.12-09.26.24:270][ 80]LogFileHelpers: Auto-saving content packages took 0.029
[2017.06.12-09.28.08:938][233]BlueprintLog: New page: Compile GameHud
[2017.06.12-09.28.09:596][265]Cmd: OBJ SAVEPACKAGE PACKAGE="/Game/MOBA_Minion_AI/UI/GameHud" FILE="../../../../UE4 projects/ohwowrepo/TowerDefence4 - Copy/Content/MOBA_Minion_AI/UI/GameHud.uasset" SILENT=true
[2017.06.12-09.28.09:607][265]LogSavePackage: Save=8.26ms
[2017.06.12-09.28.09:607][265]LogSavePackage: Moving '../../../../UE4 projects/ohwowrepo/TowerDefence4 - Copy/Saved/GameHud9B10DD2D468BE696B0F72FBB27A59B1C.tmp' to '../../../../UE4 projects/ohwowrepo/TowerDefence4 - Copy/Content/MOBA_Minion_AI/UI/GameHud.uasset'
[2017.06.12-09.28.09:610][265]LogSavePackage:Display: Finished SavePackage ../../../../UE4 projects/ohwowrepo/TowerDefence4 - Copy/Content/MOBA_Minion_AI/UI/GameHud.uasset
[2017.06.12-09.28.42:116][528]BlueprintLog: New page: Compile GameHud
[2017.06.12-09.28.42:659][556]Cmd: OBJ SAVEPACKAGE PACKAGE="/Game/MOBA_Minion_AI/UI/GameHud" FILE="../../../../UE4 projects/ohwowrepo/TowerDefence4 - Copy/Content/MOBA_Minion_AI/UI/GameHud.uasset" SILENT=true
[2017.06.12-09.28.42:670][556]LogSavePackage: Save=7.72ms
[2017.06.12-09.28.42:670][556]LogSavePackage: Moving '../../../../UE4 projects/ohwowrepo/TowerDefence4 - Copy/Saved/GameHud238AFD55492384EBBB8811BA2B8A060B.tmp' to '../../../../UE4 projects/ohwowrepo/TowerDefence4 - Copy/Content/MOBA_Minion_AI/UI/GameHud.uasset'
[2017.06.12-09.28.42:671][556]LogSavePackage:Display: Finished SavePackage ../../../../UE4 projects/ohwowrepo/TowerDefence4 - Copy/Content/MOBA_Minion_AI/UI/GameHud.uasset
[2017.06.12-09.30.30:837][745]BlueprintLog: New page: Compile HealthBlock
[2017.06.12-09.30.31:673][803]Cmd: OBJ SAVEPACKAGE PACKAGE="/Game/MOBA_Minion_AI/UI/HealthBlock" FILE="../../../../UE4 projects/ohwowrepo/TowerDefence4 - Copy/Content/MOBA_Minion_AI/UI/HealthBlock.uasset" SILENT=true
[2017.06.12-09.30.31:687][803]LogSavePackage: Save=11.76ms
[2017.06.12-09.30.31:688][803]LogSavePackage: Moving '../../../../UE4 projects/ohwowrepo/TowerDefence4 - Copy/Saved/HealthBlock7133357B4C2E2281D1A8DCA3C318CEDF.tmp' to '../../../../UE4 projects/ohwowrepo/TowerDefence4 - Copy/Content/MOBA_Minion_AI/UI/HealthBlock.uasset'
[2017.06.12-09.30.31:690][803]LogSavePackage:Display: Finished SavePackage ../../../../UE4 projects/ohwowrepo/TowerDefence4 - Copy/Content/MOBA_Minion_AI/UI/HealthBlock.uasset
[2017.06.12-09.31.17:199][327]LogScript:Warning: Accessed None trying to read property CallFunc_K2_GetPawn_ReturnValue2
	GDG_PlayerController_C /Engine/Transient.World_13:PersistentLevel.GDG_PlayerController_C_0
	Function /Game/MOBA_Minion_AI/Game/GDG_PlayerController.GDG_PlayerController_C:ExecuteUbergraph_GDG_PlayerController:088D
[2017.06.12-09.31.17:199][327]LogScript:Warning: Accessed None trying to read property CallFunc_K2_GetRootComponent_ReturnValue
	GDG_PlayerController_C /Engine/Transient.World_13:PersistentLevel.GDG_PlayerController_C_0
	Function /Game/MOBA_Minion_AI/Game/GDG_PlayerController.GDG_PlayerController_C:ExecuteUbergraph_GDG_PlayerController:08BF
[2017.06.12-09.31.17:199][327]LogScript:Warning: Accessed None trying to read property CallFunc_K2_GetPawn_ReturnValue2
	GDG_PlayerController_C /Engine/Transient.World_13:PersistentLevel.GDG_PlayerController_C_0
	Function /Game/MOBA_Minion_AI/Game/GDG_PlayerController.GDG_PlayerController_C:ExecuteUbergraph_GDG_PlayerController:0916
[2017.06.12-09.31.17:199][327]LogScript:Warning: Accessed None trying to read property CallFunc_K2_GetPawn_ReturnValue2
	GDG_PlayerController_C /Engine/Transient.World_13:PersistentLevel.GDG_PlayerController_C_0
	Function /Game/MOBA_Minion_AI/Game/GDG_PlayerController.GDG_PlayerController_C:ExecuteUbergraph_GDG_PlayerController:096E
[2017.06.12-09.31.17:199][327]LogScript:Warning: Accessed None trying to read property CallFunc_K2_GetRootComponent_ReturnValue2
	GDG_PlayerController_C /Engine/Transient.World_13:PersistentLevel.GDG_PlayerController_C_0
	Function /Game/MOBA_Minion_AI/Game/GDG_PlayerController.GDG_PlayerController_C:ExecuteUbergraph_GDG_PlayerController:09A0
[2017.06.12-09.31.17:199][327]LogScript:Warning: Accessed None trying to read property CallFunc_K2_GetPawn_ReturnValue3
	GDG_PlayerController_C /Engine/Transient.World_13:PersistentLevel.GDG_PlayerController_C_0
	Function /Game/MOBA_Minion_AI/Game/GDG_PlayerController.GDG_PlayerController_C:ExecuteUbergraph_GDG_PlayerController:0A63
[2017.06.12-09.31.17:199][327]LogScript:Warning: Accessed None trying to read property CallFunc_K2_GetPawn_ReturnValue4
	GDG_PlayerController_C /Engine/Transient.World_13:PersistentLevel.GDG_PlayerController_C_0
	Function /Game/MOBA_Minion_AI/Game/GDG_PlayerController.GDG_PlayerController_C:ExecuteUbergraph_GDG_PlayerController:0BBB
[2017.06.12-09.31.17:199][327]LogScript:Warning: Accessed None trying to read property CallFunc_K2_GetPawn_ReturnValue2
	GDG_PlayerController_C /Engine/Transient.World_13:PersistentLevel.GDG_PlayerController_C_0
	Function /Game/MOBA_Minion_AI/Game/GDG_PlayerController.GDG_PlayerController_C:ExecuteUbergraph_GDG_PlayerController:088D
[2017.06.12-09.31.17:199][327]LogScript:Warning: Accessed None trying to read property CallFunc_K2_GetRootComponent_ReturnValue
	GDG_PlayerController_C /Engine/Transient.World_13:PersistentLevel.GDG_PlayerController_C_0
	Function /Game/MOBA_Minion_AI/Game/GDG_PlayerController.GDG_PlayerController_C:ExecuteUbergraph_GDG_PlayerController:08BF
[2017.06.12-09.31.17:199][327]LogScript:Warning: Accessed None trying to read property CallFunc_K2_GetPawn_ReturnValue2
	GDG_PlayerController_C /Engine/Transient.World_13:PersistentLevel.GDG_PlayerController_C_0
	Function /Game/MOBA_Minion_AI/Game/GDG_PlayerController.GDG_PlayerController_C:ExecuteUbergraph_GDG_PlayerController:0916
[2017.06.12-09.31.17:199][327]LogScript:Warning: Accessed None trying to read property CallFunc_K2_GetPawn_ReturnValue2
	GDG_PlayerController_C /Engine/Transient.World_13:PersistentLevel.GDG_PlayerController_C_0
	Function /Game/MOBA_Minion_AI/Game/GDG_PlayerController.GDG_PlayerController_C:ExecuteUbergraph_GDG_PlayerController:096E
[2017.06.12-09.31.17:199][327]LogScript:Warning: Accessed None trying to read property CallFunc_K2_GetRootComponent_ReturnValue2
	GDG_PlayerController_C /Engine/Transient.World_13:PersistentLevel.GDG_PlayerController_C_0
	Function /Game/MOBA_Minion_AI/Game/GDG_PlayerController.GDG_PlayerController_C:ExecuteUbergraph_GDG_PlayerController:09A0
[2017.06.12-09.31.17:199][327]LogScript:Warning: Accessed None trying to read property CallFunc_K2_GetPawn_ReturnValue3
	GDG_PlayerController_C /Engine/Transient.World_13:PersistentLevel.GDG_PlayerController_C_0
	Function /Game/MOBA_Minion_AI/Game/GDG_PlayerController.GDG_PlayerController_C:ExecuteUbergraph_GDG_PlayerController:0A63
[2017.06.12-09.31.17:199][327]LogScript:Warning: Accessed None trying to read property CallFunc_K2_GetPawn_ReturnValue4
	GDG_PlayerController_C /Engine/Transient.World_13:PersistentLevel.GDG_PlayerController_C_0
	Function /Game/MOBA_Minion_AI/Game/GDG_PlayerController.GDG_PlayerController_C:ExecuteUbergraph_GDG_PlayerController:0BBB
[2017.06.12-09.31.17:402][328]LogScript:Warning: Accessed None trying to read property CallFunc_K2_GetPawn_ReturnValue2
	GDG_PlayerController_C /Engine/Transient.World_13:PersistentLevel.GDG_PlayerController_C_0
	Function /Game/MOBA_Minion_AI/Game/GDG_PlayerController.GDG_PlayerController_C:ExecuteUbergraph_GDG_PlayerController:088D
[2017.06.12-09.31.17:402][328]LogScript:Warning: Accessed None trying to read property CallFunc_K2_GetRootComponent_ReturnValue
	GDG_PlayerController_C /Engine/Transient.World_13:PersistentLevel.GDG_PlayerController_C_0
	Function /Game/MOBA_Minion_AI/Game/GDG_PlayerController.GDG_PlayerController_C:ExecuteUbergraph_GDG_PlayerController:08BF
[2017.06.12-09.31.17:402][328]LogScript:Warning: Accessed None trying to read property CallFunc_K2_GetPawn_ReturnValue2
	GDG_PlayerController_C /Engine/Transient.World_13:PersistentLevel.GDG_PlayerController_C_0
	Function /Game/MOBA_Minion_AI/Game/GDG_PlayerController.GDG_PlayerController_C:ExecuteUbergraph_GDG_PlayerController:0916
[2017.06.12-09.32.23:728][148]BlueprintLog: New page: Compile GDG_PlayerController
[2017.06.12-09.32.24:791][196]LogSavePackage: Save=63.45ms
[2017.06.12-09.32.24:791][196]LogSavePackage: Moving '../../../../UE4 projects/ohwowrepo/TowerDefence4 - Copy/Saved/GDG_PlayerController8712891146531631F583E4BBBEDFAF5D.tmp' to '../../../../UE4 projects/ohwowrepo/TowerDefence4 - Copy/Content/MOBA_Minion_AI/Game/GDG_PlayerController.uasset'
[2017.06.12-09.32.24:792][196]LogSavePackage:Display: Finished SavePackage ../../../../UE4 projects/ohwowrepo/TowerDefence4 - Copy/Content/MOBA_Minion_AI/Game/GDG_PlayerController.uasset
[2017.06.12-09.32.26:754][349]LogActorComponent: UnregisterComponent: (/Engine/Transient.EditorFloorComp) Not registered. Aborting.
[2017.06.12-09.32.26:815][349]LogActorComponent: UnregisterComponent: (/Engine/Transient.EditorFloorComp) Not registered. Aborting.
[2017.06.12-09.32.26:876][349]LogActorComponent: UnregisterComponent: (/Engine/Transient.EditorFloorComp) Not registered. Aborting.
[2017.06.12-09.32.30:081][699]LogSavePackage: Save=107.59ms
[2017.06.12-09.32.30:081][699]LogSavePackage: Moving '../../../../UE4 projects/ohwowrepo/TowerDefence4 - Copy/Saved/ThirdPersonExampleMap64551CD940861E6B03307085E7B1A09C.tmp' to '../../../../UE4 projects/ohwowrepo/TowerDefence4 - Copy/Content/ThirdPersonBP/Maps/ThirdPersonExampleMap.umap'
[2017.06.12-09.32.30:083][699]LogSavePackage:Display: Finished SavePackage ../../../../UE4 projects/ohwowrepo/TowerDefence4 - Copy/Content/ThirdPersonBP/Maps/ThirdPersonExampleMap.umap
[2017.06.12-09.32.30:110][699]LogFileHelpers: Saving map 'ThirdPersonExampleMap' took 0.196
[2017.06.12-09.32.30:137][699]Cmd: OBJ SAVEPACKAGE PACKAGE="/Game/MOBA_Minion_AI/Units/Friendly/BaseUnit" FILE="../../../../UE4 projects/ohwowrepo/TowerDefence4 - Copy/Content/MOBA_Minion_AI/Units/Friendly/BaseUnit.uasset" SILENT=true
[2017.06.12-09.32.30:242][699]LogSavePackage: Save=99.59ms
[2017.06.12-09.32.30:242][699]LogSavePackage: Moving '../../../../UE4 projects/ohwowrepo/TowerDefence4 - Copy/Saved/BaseUnit0D196795474A4BDC9EE3F384C977C170.tmp' to '../../../../UE4 projects/ohwowrepo/TowerDefence4 - Copy/Content/MOBA_Minion_AI/Units/Friendly/BaseUnit.uasset'
[2017.06.12-09.32.30:244][699]LogSavePackage:Display: Finished SavePackage ../../../../UE4 projects/ohwowrepo/TowerDefence4 - Copy/Content/MOBA_Minion_AI/Units/Friendly/BaseUnit.uasset
[2017.06.12-09.32.32:111][911]LogWindowsTextInputMethodSystem:Display: IME system now deactivated.
[2017.06.12-09.32.32:291][912]Cmd: QUIT_EDITOR
[2017.06.12-09.32.32:331][912]LogExit: Preparing to exit.
[2017.06.12-09.32.33:022][912]LogDirectoryWatcher: A directory notification for 'E:/Unreal 4/UE4 projects/ohwowrepo/TowerDefence4 - Copy/Content/' was aborted.
[2017.06.12-09.32.33:054][912]LogExit: Editor shut down
[2017.06.12-09.32.33:054][912]LogExit: Transaction tracking system shut down
[2017.06.12-09.32.33:166][912]LogObj: Freed 0b from 0 cluster array pools.
[2017.06.12-09.32.33:166][912]LogExit: Object subsystem successfully closed.
[2017.06.12-09.32.33:232][912]LogD3D11RHI: Shutdown
[2017.06.12-09.32.33:232][912]LogD3D11RHI: CleanupD3DDevice
[2017.06.12-09.32.33:280][912]LogD3D11RHI: ~FD3D11DynamicRHI
[2017.06.12-09.32.33:286][912]LogModuleManager: Shutting down and abandoning module SequencerWidgets (506)
[2017.06.12-09.32.33:286][912]LogModuleManager: Shutting down and abandoning module BlueprintGraph (504)
[2017.06.12-09.32.33:286][912]LogModuleManager: Shutting down and abandoning module BlueprintProfiler (502)
[2017.06.12-09.32.33:286][912]LogModuleManager: Shutting down and abandoning module HierarchicalLODOutliner (500)
[2017.06.12-09.32.33:286][912]LogModuleManager: Shutting down and abandoning module CrashTracker (498)
[2017.06.12-09.32.33:286][912]LogModuleManager: Shutting down and abandoning module SceneOutliner (496)
[2017.06.12-09.32.33:286][912]LogModuleManager: Shutting down and abandoning module AddContentDialog (494)
[2017.06.12-09.32.33:286][912]LogDirectoryWatcher: A directory notification for 'E:/Unreal 4/UE_4.15/FeaturePacks/' was aborted.
[2017.06.12-09.32.33:287][912]LogModuleManager: Shutting down and abandoning module WidgetCarousel (493)
[2017.06.12-09.32.33:287][912]LogModuleManager: Shutting down and abandoning module EditorWidgets (490)
[2017.06.12-09.32.33:287][912]LogModuleManager: Shutting down and abandoning module CollectionManager (488)
[2017.06.12-09.32.33:287][912]LogDirectoryWatcher: A directory notification for 'E:/Unreal 4/UE4 projects/ohwowrepo/TowerDefence4 - Copy/Content/Collections/' was aborted.
[2017.06.12-09.32.33:287][912]LogDirectoryWatcher: A directory notification for 'E:/Unreal 4/UE4 projects/ohwowrepo/TowerDefence4 - Copy/Content/Developers/Henry891/Collections/' was aborted.
[2017.06.12-09.32.33:287][912]LogDirectoryWatcher: A directory notification for 'E:/Unreal 4/UE4 projects/ohwowrepo/TowerDefence4 - Copy/Saved/Collections/' was aborted.
[2017.06.12-09.32.33:287][912]LogModuleManager: Shutting down and abandoning module StatsViewer (486)
[2017.06.12-09.32.33:287][912]LogModuleManager: Shutting down and abandoning module FoliageEdit (484)
[2017.06.12-09.32.33:287][912]LogModuleManager: Shutting down and abandoning module LandscapeEditor (482)
[2017.06.12-09.32.33:287][912]LogModuleManager: Shutting down and abandoning module SceneDepthPickerMode (480)
[2017.06.12-09.32.33:287][912]LogModuleManager: Shutting down and abandoning module ActorPickerMode (478)
[2017.06.12-09.32.33:287][912]LogModuleManager: Shutting down and abandoning module GeometryMode (476)
[2017.06.12-09.32.33:287][912]LogModuleManager: Shutting down and abandoning module TextureAlignMode (474)
[2017.06.12-09.32.33:287][912]LogModuleManager: Shutting down and abandoning module BspMode (472)
[2017.06.12-09.32.33:287][912]LogModuleManager: Shutting down and abandoning module HardwareSurvey (470)
[2017.06.12-09.32.33:287][912]LogModuleManager: Shutting down and abandoning module SequenceRecorderSections (468)
[2017.06.12-09.32.33:287][912]LogModuleManager: Shutting down and abandoning module AutomationWorker (466)
[2017.06.12-09.32.33:287][912]LogModuleManager: Shutting down and abandoning module MatineeToLevelSequence (464)
[2017.06.12-09.32.33:287][912]LogModuleManager: Shutting down and abandoning module LevelSequenceEditor (462)
[2017.06.12-09.32.33:287][912]LogModuleManager: Shutting down and abandoning module PlacementMode (461)
[2017.06.12-09.32.33:287][912]LogModuleManager: Shutting down and abandoning module WmfMediaFactory (458)
[2017.06.12-09.32.33:287][912]LogModuleManager: Shutting down and abandoning module WmfMediaEditor (456)
[2017.06.12-09.32.33:287][912]LogModuleManager: Shutting down and abandoning module MfMediaFactory (454)
[2017.06.12-09.32.33:287][912]LogModuleManager: Shutting down and abandoning module MfMediaEditor (452)
[2017.06.12-09.32.33:287][912]LogModuleManager: Shutting down and abandoning module AvfMediaFactory (450)
[2017.06.12-09.32.33:287][912]LogModuleManager: Shutting down and abandoning module AvfMediaEditor (448)
[2017.06.12-09.32.33:287][912]LogModuleManager: Shutting down and abandoning module AndroidMediaFactory (446)
[2017.06.12-09.32.33:287][912]LogModuleManager: Shutting down and abandoning module Media (445)
[2017.06.12-09.32.33:287][912]LogModuleManager: Shutting down and abandoning module AndroidMediaEditor (442)
[2017.06.12-09.32.33:287][912]LogModuleManager: Shutting down and abandoning module CharacterAI (440)
[2017.06.12-09.32.33:287][912]LogModuleManager: Shutting down and abandoning module AudioCapture (438)
[2017.06.12-09.32.33:287][912]LogModuleManager: Shutting down and abandoning module SequenceRecorder (437)
[2017.06.12-09.32.33:288][912]LogModuleManager: Shutting down and abandoning module SmartSnapping (434)
[2017.06.12-09.32.33:288][912]LogModuleManager: Shutting down and abandoning module SessionServices (432)
[2017.06.12-09.32.33:288][912]LogModuleManager: Shutting down and abandoning module ViewportSnapping (430)
[2017.06.12-09.32.33:288][912]LogModuleManager: Shutting down and abandoning module ViewportInteraction (428)
[2017.06.12-09.32.33:288][912]LogModuleManager: Shutting down and abandoning module LogVisualizer (426)
[2017.06.12-09.32.33:288][912]LogModuleManager: Shutting down and abandoning module IntroTutorials (424)
[2017.06.12-09.32.33:288][912]LogModuleManager: Shutting down and abandoning module GameProjectGeneration (423)
[2017.06.12-09.32.33:288][912]LogModuleManager: Shutting down and abandoning module EditorLiveStreaming (420)
[2017.06.12-09.32.33:288][912]LogModuleManager: Shutting down and abandoning module IOSPlatformEditor (418)
[2017.06.12-09.32.33:288][912]LogModuleManager: Shutting down and abandoning module HTML5PlatformEditor (416)
[2017.06.12-09.32.33:288][912]LogModuleManager: Shutting down and abandoning module AndroidPlatformEditor (414)
[2017.06.12-09.32.33:288][912]LogModuleManager: Shutting down and abandoning module AndroidDeviceDetection (413)
[2017.06.12-09.32.34:256][912]LogModuleManager: Shutting down and abandoning module IOSRuntimeSettings (410)
[2017.06.12-09.32.34:256][912]LogModuleManager: Shutting down and abandoning module AndroidRuntimeSettings (408)
[2017.06.12-09.32.34:256][912]LogModuleManager: Shutting down and abandoning module InputBindingEditor (406)
[2017.06.12-09.32.34:257][912]LogModuleManager: Shutting down and abandoning module NiagaraEditor (404)
[2017.06.12-09.32.34:257][912]LogModuleManager: Shutting down and abandoning module MergeActors (402)
[2017.06.12-09.32.34:257][912]LogModuleManager: Shutting down and abandoning module SizeMap (400)
[2017.06.12-09.32.34:257][912]LogModuleManager: Shutting down and abandoning module TreeMap (398)
[2017.06.12-09.32.34:257][912]LogModuleManager: Shutting down and abandoning module ReferenceViewer (396)
[2017.06.12-09.32.34:257][912]LogModuleManager: Shutting down and abandoning module LocalizationDashboard (394)
[2017.06.12-09.32.34:257][912]LogModuleManager: Shutting down and abandoning module LocalizationService (393)
[2017.06.12-09.32.34:257][912]LogModuleManager: Shutting down and abandoning module HardwareTargeting (390)
[2017.06.12-09.32.34:257][912]LogModuleManager: Shutting down and abandoning module DeviceProfileEditor (388)
[2017.06.12-09.32.34:257][912]LogModuleManager: Shutting down and abandoning module UndoHistory (386)
[2017.06.12-09.32.34:257][912]LogModuleManager: Shutting down and abandoning module UserFeedback (384)
[2017.06.12-09.32.34:257][912]LogModuleManager: Shutting down and abandoning module XmlParser (382)
[2017.06.12-09.32.34:257][912]LogModuleManager: Shutting down and abandoning module Blutility (380)
[2017.06.12-09.32.34:257][912]LogModuleManager: Shutting down and abandoning module ProjectSettingsViewer (378)
[2017.06.12-09.32.34:257][912]LogModuleManager: Shutting down and abandoning module ProjectTargetPlatformEditor (377)
[2017.06.12-09.32.34:257][912]LogModuleManager: Shutting down and abandoning module EditorSettingsViewer (374)
[2017.06.12-09.32.34:257][912]LogModuleManager: Shutting down and abandoning module SettingsEditor (372)
[2017.06.12-09.32.34:257][912]LogModuleManager: Shutting down and abandoning module ProjectLauncher (370)
[2017.06.12-09.32.34:257][912]LogModuleManager: Shutting down and abandoning module SessionFrontend (368)
[2017.06.12-09.32.34:257][912]LogModuleManager: Shutting down and abandoning module ProfilerClient (366)
[2017.06.12-09.32.34:257][912]LogModuleManager: Shutting down and abandoning module DeviceManager (364)
[2017.06.12-09.32.34:257][912]LogModuleManager: Shutting down and abandoning module TargetDeviceServices (363)
[2017.06.12-09.32.34:309][912]LogModuleManager: Shutting down and abandoning module AutomationController (360)
[2017.06.12-09.32.34:309][912]LogModuleManager: Shutting down and abandoning module AutomationWindow (358)
[2017.06.12-09.32.34:309][912]LogModuleManager: Shutting down and abandoning module Layers (356)
[2017.06.12-09.32.34:309][912]LogModuleManager: Shutting down and abandoning module ComponentVisualizers (354)
[2017.06.12-09.32.34:309][912]LogModuleManager: Shutting down and abandoning module DetailCustomizations (352)
[2017.06.12-09.32.34:309][912]LogModuleManager: Shutting down and abandoning module PackagesDialog (350)
[2017.06.12-09.32.34:309][912]LogModuleManager: Shutting down and abandoning module Persona (348)
[2017.06.12-09.32.34:309][912]LogModuleManager: Shutting down and abandoning module AnimGraph (347)
[2017.06.12-09.32.34:309][912]LogModuleManager: Shutting down and abandoning module Kismet (344)
[2017.06.12-09.32.34:314][912]LogModuleManager: Shutting down and abandoning module GraphEditor (342)
[2017.06.12-09.32.34:315][912]LogModuleManager: Shutting down and abandoning module ClassViewer (340)
[2017.06.12-09.32.34:315][912]LogModuleManager: Shutting down and abandoning module Toolbox (338)
[2017.06.12-09.32.34:315][912]LogModuleManager: Shutting down and abandoning module ModuleUI (336)
[2017.06.12-09.32.34:315][912]LogModuleManager: Shutting down and abandoning module MovieSceneTools (334)
[2017.06.12-09.32.34:315][912]LogModuleManager: Shutting down and abandoning module OutputLog (332)
[2017.06.12-09.32.34:315][912]LogModuleManager: Shutting down and abandoning module GammaUI (330)
[2017.06.12-09.32.34:315][912]LogModuleManager: Shutting down and abandoning module Documentation (328)
[2017.06.12-09.32.34:315][912]LogModuleManager: Shutting down and abandoning module Niagara (326)
[2017.06.12-09.32.34:315][912]LogModuleManager: Shutting down and abandoning module StreamingPauseRendering (324)
[2017.06.12-09.32.34:315][912]LogModuleManager: Shutting down and abandoning module AnalyticsET (322)
[2017.06.12-09.32.34:315][912]LogModuleManager: Shutting down and abandoning module PortalServices (320)
[2017.06.12-09.32.34:315][912]LogModuleManager: Shutting down and abandoning module PortalRpc (318)
[2017.06.12-09.32.34:315][912]LogModuleManager: Shutting down and abandoning module MessagingRpc (316)
[2017.06.12-09.32.34:315][912]LogModuleManager: Shutting down and abandoning module AIModule (314)
[2017.06.12-09.32.34:315][912]LogModuleManager: Shutting down and abandoning module GameplayDebugger (313)
[2017.06.12-09.32.34:315][912]LogModuleManager: Shutting down and abandoning module AITestSuite (311)
[2017.06.12-09.32.34:315][912]LogModuleManager: Shutting down and abandoning module ProfilerService (308)
[2017.06.12-09.32.34:441][912]LogModuleManager: Shutting down and abandoning module TaskGraph (306)
[2017.06.12-09.32.34:441][912]LogModuleManager: Shutting down and abandoning module SteamVRController (304)
[2017.06.12-09.32.34:441][912]LogModuleManager: Shutting down and abandoning module SteamVR (302)
[2017.06.12-09.32.34:441][912]LogModuleManager: Shutting down and abandoning module ProceduralMeshComponentEditor (300)
[2017.06.12-09.32.34:441][912]LogModuleManager: Shutting down and abandoning module ProceduralMeshComponent (298)
[2017.06.12-09.32.34:441][912]LogModuleManager: Shutting down and abandoning module OculusLibrary (296)
[2017.06.12-09.32.34:441][912]LogModuleManager: Shutting down and abandoning module OculusInput (294)
[2017.06.12-09.32.34:441][912]LogModuleManager: Shutting down and abandoning module MobilePatchingUtils (292)
[2017.06.12-09.32.34:441][912]LogModuleManager: Shutting down and abandoning module CustomMeshComponent (290)
[2017.06.12-09.32.34:441][912]LogModuleManager: Shutting down and abandoning module CableComponent (288)
[2017.06.12-09.32.34:441][912]LogModuleManager: Shutting down and abandoning module ArchVisCharacter (286)
[2017.06.12-09.32.34:441][912]LogModuleManager: Shutting down and abandoning module MediaPlayerEditor (282)
[2017.06.12-09.32.34:441][912]LogModuleManager: Shutting down and abandoning module HTML5Networking (280)
[2017.06.12-09.32.34:441][912]LogModuleManager: Shutting down and abandoning module AlembicImporter (278)
[2017.06.12-09.32.34:441][912]LogModuleManager: Shutting down and abandoning module AlembicLibrary (277)
[2017.06.12-09.32.34:441][912]LogModuleManager: Shutting down and abandoning module GeometryCache (276)
[2017.06.12-09.32.34:441][912]LogModuleManager: Shutting down and abandoning module GeometryCacheEd (275)
[2017.06.12-09.32.34:441][912]LogModuleManager: Shutting down and abandoning module SuperSearchEditor (270)
[2017.06.12-09.32.34:441][912]LogModuleManager: Shutting down and abandoning module SuperSearch (269)
[2017.06.12-09.32.34:441][912]LogModuleManager: Shutting down and abandoning module SpeedTreeImporter (266)
[2017.06.12-09.32.34:441][912]LogModuleManager: Shutting down and abandoning module PluginBrowser (264)
[2017.06.12-09.32.34:441][912]LogModuleManager: Shutting down and abandoning module MobileLauncherProfileWizard (262)
[2017.06.12-09.32.34:441][912]LogModuleManager: Shutting down and abandoning module EpicSurvey (260)
[2017.06.12-09.32.34:441][912]LogModuleManager: Shutting down and abandoning module VisualStudioSourceCodeAccess (258)
[2017.06.12-09.32.34:441][912]LogModuleManager: Shutting down and abandoning module DesktopPlatform (257)
[2017.06.12-09.32.34:441][912]LogModuleManager: Shutting down and abandoning module UObjectPlugin (254)
[2017.06.12-09.32.34:441][912]LogModuleManager: Shutting down and abandoning module SubversionSourceControl (252)
[2017.06.12-09.32.34:441][912]LogModuleManager: Shutting down and abandoning module PerforceSourceControl (250)
[2017.06.12-09.32.34:441][912]LogModuleManager: Shutting down and abandoning module GitSourceControl (248)
[2017.06.12-09.32.34:441][912]LogModuleManager: Shutting down and abandoning module SourceControl (247)
[2017.06.12-09.32.34:441][912]LogModuleManager: Shutting down and abandoning module LightPropagationVolumeEditor (244)
[2017.06.12-09.32.34:441][912]LogModuleManager: Shutting down and abandoning module PaperTiledImporter (242)
[2017.06.12-09.32.34:441][912]LogModuleManager: Shutting down and abandoning module PaperSpriteSheetImporter (240)
[2017.06.12-09.32.34:441][912]LogModuleManager: Shutting down and abandoning module Paper2DEditor (238)
[2017.06.12-09.32.34:442][912]LogModuleManager: Shutting down and abandoning module MeshPaint (237)
[2017.06.12-09.32.34:442][912]LogModuleManager: Shutting down and abandoning module LevelEditor (235)
[2017.06.12-09.32.34:442][912]LogModuleManager: Shutting down and abandoning module PixelInspectorModule (234)
[2017.06.12-09.32.34:442][912]LogModuleManager: Shutting down and abandoning module MainFrame (232)
[2017.06.12-09.32.34:442][912]LogModuleManager: Shutting down and abandoning module HotReload (231)
[2017.06.12-09.32.34:443][912]LogModuleManager: Shutting down and abandoning module ContentBrowser (227)
[2017.06.12-09.32.34:443][912]LogModuleManager: Shutting down and abandoning module PhysXVehiclesEditor (224)
[2017.06.12-09.32.34:443][912]LogModuleManager: Shutting down and abandoning module PhysXVehicles (222)
[2017.06.12-09.32.34:443][912]LogModuleManager: Shutting down and abandoning module LocationServicesBPLibrary (220)
[2017.06.12-09.32.34:443][912]LogModuleManager: Shutting down and abandoning module UdpMessaging (218)
[2017.06.12-09.32.34:544][912]LogModuleManager: Shutting down and abandoning module TcpMessaging (216)
[2017.06.12-09.32.34:645][912]LogModuleManager: Shutting down and abandoning module GameplayTagsEditor (214)
[2017.06.12-09.32.34:645][912]LogModuleManager: Shutting down and abandoning module FacialAnimationEditor (212)
[2017.06.12-09.32.34:645][912]LogModuleManager: Shutting down and abandoning module FacialAnimation (210)
[2017.06.12-09.32.34:645][912]LogModuleManager: Shutting down and abandoning module LightPropagationVolumeRuntime (208)
[2017.06.12-09.32.34:645][912]LogModuleManager: Shutting down and abandoning module Paper2D (206)
[2017.06.12-09.32.34:645][912]LogModuleManager: Shutting down and abandoning module WindowsMoviePlayer (204)
[2017.06.12-09.32.34:645][912]LogModuleManager: Shutting down and abandoning module WmfMedia (202)
[2017.06.12-09.32.34:645][912]LogModuleManager: Shutting down and abandoning module MfMedia (200)
[2017.06.12-09.32.34:645][912]LogModuleManager: Shutting down and abandoning module MediaAssets (198)
[2017.06.12-09.32.34:645][912]LogModuleManager: Shutting down and abandoning module GameLiveStreaming (196)
[2017.06.12-09.32.34:645][912]LogModuleManager: Shutting down and abandoning module EnvironmentQueryEditor (194)
[2017.06.12-09.32.34:645][912]LogModuleManager: Shutting down and abandoning module VREditor (192)
[2017.06.12-09.32.34:645][912]LogModuleManager: Shutting down and abandoning module GameplayTasksEditor (190)
[2017.06.12-09.32.34:645][912]LogModuleManager: Shutting down and abandoning module BehaviorTreeEditor (188)
[2017.06.12-09.32.34:645][912]LogModuleManager: Shutting down and abandoning module FunctionalTesting (186)
[2017.06.12-09.32.34:645][912]LogModuleManager: Shutting down and abandoning module CollisionAnalyzer (184)
[2017.06.12-09.32.34:645][912]LogModuleManager: Shutting down and abandoning module UMG (182)
[2017.06.12-09.32.34:645][912]LogModuleManager: Shutting down and abandoning module UMGEditor (181)
[2017.06.12-09.32.34:645][912]LogModuleManager: Shutting down and abandoning module Sequencer (180)
[2017.06.12-09.32.34:645][912]LogModuleManager: Shutting down and abandoning module AssetTools (178)
[2017.06.12-09.32.34:645][912]LogModuleManager: Shutting down and abandoning module MessageLog (177)
[2017.06.12-09.32.34:645][912]LogModuleManager: Shutting down and abandoning module WorkspaceMenuStructure (176)
[2017.06.12-09.32.34:645][912]LogModuleManager: Shutting down and abandoning module SlateReflector (170)
[2017.06.12-09.32.34:645][912]LogModuleManager: Shutting down and abandoning module Slate (168)
[2017.06.12-09.32.34:645][912]LogModuleManager: Shutting down and abandoning module EditorStyle (166)
[2017.06.12-09.32.34:647][912]LogModuleManager: Shutting down and abandoning module SourceCodeAccess (164)
[2017.06.12-09.32.34:647][912]LogModuleManager: Shutting down and abandoning module HeadMountedDisplay (162)
[2017.06.12-09.32.34:647][912]LogModuleManager: Shutting down and abandoning module XAudio2 (160)
[2017.06.12-09.32.34:647][912]LogModuleManager: Shutting down and abandoning module Networking (158)
[2017.06.12-09.32.34:647][912]LogModuleManager: Shutting down and abandoning module Core (154)
[2017.06.12-09.32.34:647][912]LogModuleManager: Shutting down and abandoning module AssetRegistry (152)
[2017.06.12-09.32.34:678][912]LogDirectoryWatcher: A directory notification for '../../../Engine/Content/' was aborted.
[2017.06.12-09.32.34:678][912]LogDirectoryWatcher: A directory notification for '../../../../UE4 projects/ohwowrepo/TowerDefence4 - Copy/Content/' was aborted.
[2017.06.12-09.32.34:678][912]LogDirectoryWatcher: A directory notification for '../../../Engine/Plugins/2D/Paper2D/Content/' was aborted.
[2017.06.12-09.32.34:678][912]LogModuleManager: Shutting down and abandoning module DirectoryWatcher (151)
[2017.06.12-09.32.34:678][912]LogModuleManager: Shutting down and abandoning module KismetCompiler (148)
[2017.06.12-09.32.34:678][912]LogModuleManager: Shutting down and abandoning module PhysXFormats (146)
[2017.06.12-09.32.34:678][912]LogModuleManager: Shutting down and abandoning module MeshUtilities (144)
[2017.06.12-09.32.34:678][912]LogModuleManager: Shutting down and abandoning module SimplygonSwarm (143)
[2017.06.12-09.32.34:678][912]LogModuleManager: Shutting down and abandoning module SimplygonMeshReduction (141)
[2017.06.12-09.32.34:678][912]LogModuleManager: Shutting down and abandoning module QuadricMeshReduction (139)
[2017.06.12-09.32.34:678][912]LogModuleManager: Shutting down and abandoning module PropertyEditor (137)
[2017.06.12-09.32.34:678][912]LogModuleManager: Shutting down and abandoning module DerivedDataCache (134)
[2017.06.12-09.32.34:689][912]LogDerivedDataCache: Shutdown
[2017.06.12-09.32.34:689][912]LogModuleManager: Shutting down and abandoning module TargetPlatform (132)
[2017.06.12-09.32.34:689][912]LogModuleManager: Shutting down and abandoning module VulkanShaderFormat (131)
[2017.06.12-09.32.34:689][912]LogModuleManager: Shutting down and abandoning module ShaderFormatOpenGL (129)
[2017.06.12-09.32.34:689][912]LogModuleManager: Shutting down and abandoning module ShaderFormatD3D (127)
[2017.06.12-09.32.34:689][912]LogModuleManager: Shutting down and abandoning module MetalShaderFormat (125)
[2017.06.12-09.32.34:689][912]LogModuleManager: Shutting down and abandoning module TextureFormatUncompressed (123)
[2017.06.12-09.32.34:689][912]LogModuleManager: Shutting down and abandoning module TextureFormatPVR (121)
[2017.06.12-09.32.34:689][912]LogModuleManager: Shutting down and abandoning module TextureFormatDXT (119)
[2017.06.12-09.32.34:689][912]LogModuleManager: Shutting down and abandoning module TextureFormatIntelISPCTexComp (117)
[2017.06.12-09.32.34:689][912]LogModuleManager: Shutting down and abandoning module TextureFormatASTC (115)
[2017.06.12-09.32.34:689][912]LogModuleManager: Shutting down and abandoning module ImageWrapper (114)
[2017.06.12-09.32.34:689][912]LogModuleManager: Shutting down and abandoning module TextureFormatAndroid (111)
[2017.06.12-09.32.34:689][912]LogModuleManager: Shutting down and abandoning module AudioFormatOpus (109)
[2017.06.12-09.32.34:689][912]LogModuleManager: Shutting down and abandoning module AudioFormatOgg (107)
[2017.06.12-09.32.34:689][912]LogModuleManager: Shutting down and abandoning module AudioFormatADPCM (105)
[2017.06.12-09.32.34:689][912]LogModuleManager: Shutting down and abandoning module LinuxTargetPlatform (103)
[2017.06.12-09.32.34:689][912]LogModuleManager: Shutting down and abandoning module LinuxServerTargetPlatform (101)
[2017.06.12-09.32.34:689][912]LogModuleManager: Shutting down and abandoning module LinuxNoEditorTargetPlatform (99)
[2017.06.12-09.32.34:689][912]LogModuleManager: Shutting down and abandoning module LinuxClientTargetPlatform (97)
[2017.06.12-09.32.34:689][912]LogModuleManager: Shutting down and abandoning module TVOSTargetPlatform (95)
[2017.06.12-09.32.34:689][912]LogModuleManager: Shutting down and abandoning module Messaging (93)
[2017.06.12-09.32.34:689][912]LogModuleManager: Shutting down and abandoning module IOSTargetPlatform (91)
[2017.06.12-09.32.34:689][912]LogModuleManager: Shutting down and abandoning module HTML5TargetPlatform (89)
[2017.06.12-09.32.34:689][912]LogModuleManager: Shutting down and abandoning module Android_PVRTCTargetPlatform (87)
[2017.06.12-09.32.34:689][912]LogModuleManager: Shutting down and abandoning module Android_MultiTargetPlatform (85)
[2017.06.12-09.32.34:689][912]LogModuleManager: Shutting down and abandoning module Android_ETC2TargetPlatform (83)
[2017.06.12-09.32.34:689][912]LogModuleManager: Shutting down and abandoning module Android_ETC1TargetPlatform (81)
[2017.06.12-09.32.34:689][912]LogModuleManager: Shutting down and abandoning module Android_DXTTargetPlatform (79)
[2017.06.12-09.32.34:689][912]LogModuleManager: Shutting down and abandoning module Android_ATCTargetPlatform (77)
[2017.06.12-09.32.34:689][912]LogModuleManager: Shutting down and abandoning module Android_ASTCTargetPlatform (75)
[2017.06.12-09.32.34:689][912]LogModuleManager: Shutting down and abandoning module AndroidTargetPlatform (73)
[2017.06.12-09.32.34:689][912]LogModuleManager: Shutting down and abandoning module WindowsTargetPlatform (71)
[2017.06.12-09.32.34:689][912]LogModuleManager: Shutting down and abandoning module WindowsServerTargetPlatform (69)
[2017.06.12-09.32.34:689][912]LogModuleManager: Shutting down and abandoning module WindowsNoEditorTargetPlatform (67)
[2017.06.12-09.32.34:689][912]LogModuleManager: Shutting down and abandoning module WindowsClientTargetPlatform (65)
[2017.06.12-09.32.34:689][912]LogModuleManager: Shutting down and abandoning module MacTargetPlatform (63)
[2017.06.12-09.32.34:689][912]LogModuleManager: Shutting down and abandoning module MacServerTargetPlatform (61)
[2017.06.12-09.32.34:689][912]LogModuleManager: Shutting down and abandoning module MacNoEditorTargetPlatform (59)
[2017.06.12-09.32.34:689][912]LogModuleManager: Shutting down and abandoning module MacClientTargetPlatform (57)
[2017.06.12-09.32.34:689][912]LogModuleManager: Shutting down and abandoning module AllDesktopTargetPlatform (55)
[2017.06.12-09.32.34:689][912]LogModuleManager: Shutting down and abandoning module InputCore (52)
[2017.06.12-09.32.34:689][912]LogModuleManager: Shutting down and abandoning module Settings (50)
[2017.06.12-09.32.34:689][912]LogModuleManager: Shutting down and abandoning module OculusRift (48)
[2017.06.12-09.32.34:689][912]LogModuleManager: Shutting down and abandoning module GearVR (46)
[2017.06.12-09.32.34:689][912]LogModuleManager: Shutting down and abandoning module ExampleDeviceProfileSelector (44)
[2017.06.12-09.32.34:689][912]LogModuleManager: Shutting down and abandoning module OnlineBlueprintSupport (42)
[2017.06.12-09.32.34:689][912]LogModuleManager: Shutting down and abandoning module OnlineSubsystem (38)
[2017.06.12-09.32.34:689][912]LogOnline:Display: Unloading online subsystem: NULL
[2017.06.12-09.32.34:689][912]LogModuleManager: Shutting down and abandoning module XMPP (37)
[2017.06.12-09.32.34:690][912]LogModuleManager: Shutting down and abandoning module HTTP (35)
[2017.06.12-09.32.34:690][912]LogHttp:Display: Http module shutting down, but needs to wait on 1 outstanding Http requests:
[2017.06.12-09.32.34:690][912]LogHttp:Display: 	verb=[POST] url=[https://datarouter.ol.epicgames.com/datarouter/api/v1/public/data?SessionID=%7B689481A0-4BED-C5F8-5675-618F4C1A54AC%7D&AppID=UEEditor.Rocket.Release&AppVersion=4.15.2-3416026%2B%2B%2BUE4%2BRelease-4.15&UserID=792a68a44fbb11f39c5b928b0a92b453%7C1c2770170c974dea87ad2b41ec4a65ab%7C76525198-daab-451b-b1f3-7338e1d38b7d&AppEnvironment=datacollector-binary&UploadType=eteventstream] status=Processing
[2017.06.12-09.32.34:723][912]LogModuleManager: Shutting down and abandoning module SSL (34)
[2017.06.12-09.32.34:724][912]LogModuleManager: Shutting down and abandoning module AudioEditor (30)
[2017.06.12-09.32.34:724][912]LogModuleManager: Shutting down and abandoning module TextureCompressor (28)
[2017.06.12-09.32.34:724][912]LogModuleManager: Shutting down and abandoning module ShaderCore (26)
[2017.06.12-09.32.34:724][912]LogModuleManager: Shutting down and abandoning module Landscape (24)
[2017.06.12-09.32.34:724][912]LogModuleManager: Shutting down and abandoning module SlateRHIRenderer (22)
[2017.06.12-09.32.34:727][912]LogModuleManager: Shutting down and abandoning module OpenGLDrv (20)
[2017.06.12-09.32.34:727][912]LogModuleManager: Shutting down and abandoning module D3D11RHI (18)
[2017.06.12-09.32.34:727][912]LogModuleManager: Shutting down and abandoning module AnimGraphRuntime (16)
[2017.06.12-09.32.34:727][912]LogModuleManager: Shutting down and abandoning module Renderer (14)
[2017.06.12-09.32.34:727][912]LogModuleManager: Shutting down and abandoning module Engine (12)
[2017.06.12-09.32.34:727][912]LogModuleManager: Shutting down and abandoning module CoreUObject (10)
[2017.06.12-09.32.34:727][912]LogModuleManager: Shutting down and abandoning module NetworkFile (8)
[2017.06.12-09.32.34:727][912]LogModuleManager: Shutting down and abandoning module StreamingFile (6)
[2017.06.12-09.32.34:727][912]LogModuleManager: Shutting down and abandoning module SandboxFile (4)
[2017.06.12-09.32.34:727][912]LogModuleManager: Shutting down and abandoning module PakFile (2)
[2017.06.12-09.32.34:728][912]LogExit: Exiting.
[2017.06.12-09.32.34:730][912]Log file closed, 06/12/17 10:32:34
