Log file open, 06/19/17 10:05:30
LogInit:Display: Running engine for game: TowerDefence8
LogPlatformFile: Not using cached read wrapper
LogInit:Display: RandInit(2040648735) SRandInit(2040648735).
LogTaskGraph: Started task graph with 5 named threads and 8 total threads with 1 sets of task threads.
LogStats: Stats thread started at 0.171710
LogInit: Using libcurl 7.47.1
LogInit:  - built for x86_64-pc-win32
LogInit:  - supports SSL with OpenSSL/1.0.2g
LogInit:  - supports HTTP deflate (compression) using libz 1.2.8
LogInit:  - other features:
LogInit:      CURL_VERSION_SSL
LogInit:      CURL_VERSION_LIBZ
LogInit:      CURL_VERSION_IPV6
LogInit:      CURL_VERSION_ASYNCHDNS
LogInit:      CURL_VERSION_LARGEFILE
LogInit:      CURL_VERSION_IDN
LogInit:  CurlRequestOptions (configurable via config and command line):
LogInit:  - bVerifyPeer = false  - Libcurl will NOT verify peer certificate
LogInit:  - bUseHttpProxy = false  - Libcurl will NOT use HTTP proxy
LogInit:  - bDontReuseConnections = false  - Libcurl will reuse connections
LogInit:  - CertBundlePath = nullptr  - Libcurl will use whatever was configured at build time.
LogInit: Build: ++UE4+Release-4.15-CL-3416026
LogInit: Engine Version: 4.15.2-3416026+++UE4+Release-4.15
LogInit: Compatible Engine Version: 4.15.0-3299760+++UE4+Release-4.15
LogInit: Net CL: 3299760
LogDevObjectVersion: Number of dev versions registered: 14
LogDevObjectVersion:   Dev-Blueprints (B0D832E4-1F89-4F0D-ACCF-7EB736FD4AA2): 8
LogDevObjectVersion:   Dev-Build (E1C64328-A22C-4D53-A36C-8E866417BD8C): 0
LogDevObjectVersion:   Dev-Core (375EC13C-06E4-48FB-B500-84F0262A717E): 2
LogDevObjectVersion:   Dev-Editor (E4B068ED-F494-42E9-A231-DA0B2E46BB41): 14
LogDevObjectVersion:   Dev-Framework (CFFC743F-43B0-4480-9391-14DF171D2073): 22
LogDevObjectVersion:   Dev-Mobile (B02B49B5-BB20-44E9-A304-32B752E40360): 0
LogDevObjectVersion:   Dev-Networking (A4E4105C-59A1-49B5-A7C5-40C4547EDFEE): 0
LogDevObjectVersion:   Dev-Online (39C831C9-5AE6-47DC-9A44-9C173E1C8E7C): 0
LogDevObjectVersion:   Dev-Physics (78F01B33-EBEA-4F98-B9B4-84EACCB95AA2): 0
LogDevObjectVersion:   Dev-Platform (6631380F-2D4D-43E0-8009-CF276956A95A): 0
LogDevObjectVersion:   Dev-Rendering (12F88B9F-8875-4AFC-A67C-D90C383ABD29): 12
LogDevObjectVersion:   Dev-Sequencer (7B5AE74C-D270-4C10-A958-57980B212A5A): 3
LogDevObjectVersion:   Dev-VR (D7296918-1DD6-4BDD-9DE2-64A83CC13884): 0
LogDevObjectVersion:   Dev-LoadTimes (C2A15278-BFE7-4AFE-6C17-90FF531DF755): 1
LogInit: Compiled (64-bit): May  1 2017 13:11:28
LogInit: Compiled with Visual C++: 19.00.23026.00
LogInit: Build Configuration: Development
LogInit: Branch Name: ++UE4+Release-4.15
LogInit: Command line:  
LogInit: Base directory: E:/Unreal 4/UE_4.15/Engine/Binaries/Win64/
LogInit: Installed Engine Build: 1
LogInit: Presizing for max 8388607 objects, including 0 objects not considered by GC, pre-allocating 0 bytes for permanent pool.
LogInit: Object subsystem initialized
[2017.06.19-09.05.31:808][  0]LogInit: Selected Device Profile: [Windows]
[2017.06.19-09.05.31:808][  0]LogInit: Applying CVar settings loaded from the selected device profile: [Windows]
[2017.06.19-09.05.31:889][  0]LogInit: Computer: PCBOI
[2017.06.19-09.05.31:889][  0]LogInit: User: Henry891
[2017.06.19-09.05.31:889][  0]LogInit: CPU Page size=65536, Cores=4
[2017.06.19-09.05.31:889][  0]LogInit: High frequency timer resolution =3.903992 MHz
[2017.06.19-09.05.31:889][  0]LogMemory: Memory total: Physical=15.9GB (16GB approx)
[2017.06.19-09.05.31:890][  0]LogMemory: Platform Memory Stats for Windows
[2017.06.19-09.05.31:890][  0]LogMemory: Process Physical Memory: 264.33 MB used, 264.33 MB peak
[2017.06.19-09.05.31:890][  0]LogMemory: Process Virtual Memory: 259.54 MB used, 259.54 MB peak
[2017.06.19-09.05.31:890][  0]LogMemory: Physical Memory: 4931.97 MB used,  11394.77 MB free, 16326.74 MB total
[2017.06.19-09.05.31:890][  0]LogMemory: Virtual Memory: 641.96 MB used,  11394.77 MB free, 134217728.00 MB total
[2017.06.19-09.05.32:718][  0]LogTextLocalizationManager: No specific translations for ('en-GB') exist, so ('en') translations will be used.
[2017.06.19-09.05.36:287][  0]LogD3D11RHI: D3D11 adapters:
[2017.06.19-09.05.36:776][  0]LogD3D11RHI:    0. 'NVIDIA GeForce GTX 1080' (Feature Level 11_0)
[2017.06.19-09.05.36:776][  0]LogD3D11RHI:       8110/0/8163 MB DedicatedVideo/DedicatedSystem/SharedSystem, Outputs:2, VendorId:0x10de
[2017.06.19-09.05.36:777][  0]LogD3D11RHI:    1. 'Microsoft Basic Render Driver' (Feature Level 11_0)
[2017.06.19-09.05.36:778][  0]LogD3D11RHI:       0/0/8163 MB DedicatedVideo/DedicatedSystem/SharedSystem, Outputs:0, VendorId:0x1414
[2017.06.19-09.05.36:778][  0]LogD3D11RHI: Chosen D3D11 Adapter: 0
[2017.06.19-09.05.36:781][  0]LogD3D11RHI: Creating new Direct3DDevice
[2017.06.19-09.05.36:781][  0]LogD3D11RHI:     GPU DeviceId: 0x1b80 (for the marketing name, search the web for "GPU Device Id")
[2017.06.19-09.05.36:781][  0]LogWindows: EnumDisplayDevices:
[2017.06.19-09.05.36:781][  0]LogWindows:    0. 'NVIDIA GeForce GTX 1080' (P:1 D:1)
[2017.06.19-09.05.36:781][  0]LogWindows:    1. 'NVIDIA GeForce GTX 1080' (P:0 D:1)
[2017.06.19-09.05.36:782][  0]LogWindows:    2. 'NVIDIA GeForce GTX 1080' (P:0 D:0)
[2017.06.19-09.05.36:782][  0]LogWindows:    3. 'NVIDIA GeForce GTX 1080' (P:0 D:0)
[2017.06.19-09.05.36:782][  0]LogWindows: DebugString: FoundDriverCount:4 
[2017.06.19-09.05.36:782][  0]LogD3D11RHI:     Adapter Name: NVIDIA GeForce GTX 1080
[2017.06.19-09.05.36:782][  0]LogD3D11RHI:   Driver Version: 382.53 (internal:22.21.13.8253, unified:382.53)
[2017.06.19-09.05.36:782][  0]LogD3D11RHI:      Driver Date: 6-7-2017
[2017.06.19-09.05.36:782][  0]LogRHI: Texture pool is 1361 MB (70% of 1945 MB)
[2017.06.19-09.05.37:239][  0]LogD3D11RHI: [Aftermath] Aftermath enabled and primed
[2017.06.19-09.05.37:239][  0]LogD3D11RHI: Async texture creation enabled
[2017.06.19-09.05.37:267][  0]LogD3D11RHI: GPU Timing Frequency: 1000.000000 (Debug: 2 1)
[2017.06.19-09.05.37:357][  0]LogShaderCompilers: Guid format shader working directory is 7 characters bigger than the processId version (../../../../UE4 projects/TowerDefence8/Intermediate/Shaders/WorkingDirectory/10524/).
[2017.06.19-09.05.37:357][  0]LogShaderCompilers: Cleaned the shader compiler working directory 'C:/Users/Henry/AppData/Local/Temp/UnrealShaderWorkingDir/BD47C9164BF24D724F0B4CB3B9604B81/'.
[2017.06.19-09.05.37:357][  0]LogShaderCompilers:Display: Using Local Shader Compiler.
[2017.06.19-09.05.40:623][  0]LogTemp:Display: Loaded TP AllDesktopTargetPlatform
[2017.06.19-09.05.40:657][  0]LogTemp:Display: Loaded TP MacClientTargetPlatform
[2017.06.19-09.05.40:690][  0]LogTemp:Display: Loaded TP MacNoEditorTargetPlatform
[2017.06.19-09.05.40:725][  0]LogTemp:Display: Loaded TP MacServerTargetPlatform
[2017.06.19-09.05.40:774][  0]LogTemp:Display: Loaded TP MacTargetPlatform
[2017.06.19-09.05.40:808][  0]LogTemp:Display: Loaded TP WindowsClientTargetPlatform
[2017.06.19-09.05.40:843][  0]LogTemp:Display: Loaded TP WindowsNoEditorTargetPlatform
[2017.06.19-09.05.40:876][  0]LogTemp:Display: Loaded TP WindowsServerTargetPlatform
[2017.06.19-09.05.40:903][  0]LogTemp:Display: Loaded TP WindowsTargetPlatform
[2017.06.19-09.05.40:955][  0]LogTemp:Display: Loaded TP AndroidTargetPlatform
[2017.06.19-09.05.40:989][  0]LogTemp:Display: Loaded TP Android_ASTCTargetPlatform
[2017.06.19-09.05.41:023][  0]LogTemp:Display: Loaded TP Android_ATCTargetPlatform
[2017.06.19-09.05.41:056][  0]LogTemp:Display: Loaded TP Android_DXTTargetPlatform
[2017.06.19-09.05.41:090][  0]LogTemp:Display: Loaded TP Android_ETC1TargetPlatform
[2017.06.19-09.05.41:124][  0]LogTemp:Display: Loaded TP Android_ETC2TargetPlatform
[2017.06.19-09.05.41:190][  0]LogTemp:Display: Loaded TP Android_MultiTargetPlatform
[2017.06.19-09.05.41:190][  0]LogTemp:Display: Loaded TP Android_PVRTCTargetPlatform
[2017.06.19-09.05.41:211][  0]LogTemp:Display: Loaded TP HTML5TargetPlatform
[2017.06.19-09.05.41:352][  0]LogTemp:Display: Loaded TP IOSTargetPlatform
[2017.06.19-09.05.41:375][  0]LogTemp:Display: Loaded TP TVOSTargetPlatform
[2017.06.19-09.05.41:408][  0]LogTemp:Display: Loaded TP LinuxClientTargetPlatform
[2017.06.19-09.05.41:441][  0]LogTemp:Display: Loaded TP LinuxNoEditorTargetPlatform
[2017.06.19-09.05.41:475][  0]LogTemp:Display: Loaded TP LinuxServerTargetPlatform
[2017.06.19-09.05.41:544][  0]LogTemp:Display: Loaded TP LinuxTargetPlatform
[2017.06.19-09.05.41:544][  0]LogTargetPlatformManager:Display: Building Assets For Windows
[2017.06.19-09.05.42:625][  0]LogDerivedDataCache:Display: Max Cache Size: 512 MB
[2017.06.19-09.05.42:808][  0]LogDerivedDataCache: Loaded boot cache 0.18s 50MB C:/Users/Henry/AppData/Local/UnrealEngine/4.15/DerivedDataCache/Boot.ddc.
[2017.06.19-09.05.42:808][  0]LogDerivedDataCache:Display: Loaded Boot cache: C:/Users/Henry/AppData/Local/UnrealEngine/4.15/DerivedDataCache/Boot.ddc
[2017.06.19-09.05.42:809][  0]LogDerivedDataCache: FDerivedDataBackendGraph:  Pak pak cache file ../../../../UE4 projects/TowerDefence8/DerivedDataCache/DDC.ddp not found, will not use a pak cache.
[2017.06.19-09.05.42:809][  0]LogDerivedDataCache: Unable to find inner node Pak for hierarchical cache Hierarchy.
[2017.06.19-09.05.42:809][  0]LogDerivedDataCache: FDerivedDataBackendGraph:  CompressedPak pak cache file ../../../../UE4 projects/TowerDefence8/DerivedDataCache/Compressed.ddp not found, will not use a pak cache.
[2017.06.19-09.05.42:809][  0]LogDerivedDataCache: Unable to find inner node CompressedPak for hierarchical cache Hierarchy.
[2017.06.19-09.05.42:887][  0]LogDerivedDataCache:Display: Pak cache opened for reading ../../../Engine/DerivedDataCache/Compressed.ddp.
[2017.06.19-09.05.42:901][  0]LogDerivedDataCache: Using Local data cache path C:/Users/Henry/AppData/Local/UnrealEngine/Common/DerivedDataCache: Writable
[2017.06.19-09.05.42:909][  0]LogSlate: Using Freetype 2.6.0
[2017.06.19-09.05.43:055][  0]LogSlate: SlateFontCache - WITH_FREETYPE: 1, WITH_HARFBUZZ: 1
[2017.06.19-09.05.43:055][  0]LogSlate: SlateFontCache - WITH_FREETYPE: 1, WITH_HARFBUZZ: 1
[2017.06.19-09.05.53:233][  0]LogInit: Selected Device Profile: [Windows]
[2017.06.19-09.05.53:235][  0]LogContentStreaming: Texture pool size is 0.00 MB
[2017.06.19-09.05.53:581][  0]LogMeshUtilities: Using QuadricMeshReduction for automatic static mesh reduction
[2017.06.19-09.05.53:605][  0]LogSimplygon: Simplygon DLL not present - disabling.
[2017.06.19-09.05.53:630][  0]LogMeshUtilities: Using SimplygonSwarm for distributed automatic mesh merging
[2017.06.19-09.05.53:630][  0]LogMeshUtilities: No automatic skeletal mesh reduction module available
[2017.06.19-09.05.53:630][  0]LogMeshUtilities: No automatic mesh merging module available
[2017.06.19-09.05.56:814][  0]LogNetVersion: GetLocalNetworkVersion: CL: 3299760, ProjectName: towerdefence8, ProjectVersion: , EngineNetworkVersion: 2, GameNetworkVersion: 0, NetworkChecksum: 3837293768
[2017.06.19-09.05.56:850][  0]LogAssetRegistry: FAssetRegistry took 0.0216 seconds to start up
[2017.06.19-09.05.57:084][  0]LogPackageLocalizationCache: Processed 3 localized package path(s) for 2 prioritized culture(s) in 0.222789 seconds
[2017.06.19-09.05.57:089][  0]LogUObjectArray: 32493 objects as part of root set at end of initial load.
[2017.06.19-09.05.57:089][  0]LogUObjectAllocator: 7077024 out of 0 bytes used by permanent object pool.
[2017.06.19-09.05.57:089][  0]LogUObjectArray: CloseDisregardForGC: 0/0 objects in disregard for GC pool
[2017.06.19-09.05.57:122][  0]LogInit: WinSock: version 1.1 (2.2), MaxSocks=32767, MaxUdp=65467
[2017.06.19-09.06.17:567][  0]LogTcpMessaging: Initializing TcpMessaging bridge
[2017.06.19-09.06.17:594][  0]LogUdpMessaging: Initializing bridge on interface 0.0.0.0:0 to multicast group 230.0.0.1:6666.
[2017.06.19-09.06.18:289][  0]LogMaterial: Uniform references updated for custom material expression Custom.
[2017.06.19-09.06.18:767][  0]SourceControl: Info Source control is disabled
[2017.06.19-09.06.18:808][  0]SourceControl: Info Source control is disabled
[2017.06.19-09.06.18:834][  0]SourceControl: Info Source control is disabled
[2017.06.19-09.06.18:859][  0]SourceControl: Info Source control is disabled
[2017.06.19-09.06.19:124][  0]LogLinker:Warning: Can't find file '/Game/TopDownBP/TopDownOverview'
[2017.06.19-09.06.19:124][  0]LogLinker:Warning: Can't find file '/Game/TopDownBP/TopDownOverview'
[2017.06.19-09.06.19:124][  0]LogUObjectGlobals:Warning: Failed to find object 'Class /Game/TopDownBP/TopDownOverview.TopDownOverview_C'
[2017.06.19-09.06.19:888][  0]LogEngine: Initializing Engine...
[2017.06.19-09.06.19:888][  0]LogHMD: Failed to initialize OpenVR with code 110
[2017.06.19-09.06.20:531][  0]LogStats: UGameplayTagsManager::ConstructGameplayTagTree: Construct from data asset -  0.000 s
[2017.06.19-09.06.20:531][  0]LogStats: UGameplayTagsManager::ConstructGameplayTagTree: GameplayTagTreeChangedEvent.Broadcast -  0.000 s
[2017.06.19-09.06.20:705][  0]LogAIModule: Creating AISystem for world Untitled
[2017.06.19-09.06.20:721][  0]LogInit: XAudio2 using 'Speakers (Realtek High Definition Audio)' : 2 channels at 48 kHz using 32 bits per sample (channel mask 0x3)
[2017.06.19-09.06.20:732][  0]LogInit: FAudioDevice initialized.
[2017.06.19-09.06.20:756][  0]LogDerivedDataCache: Saved boot cache 0.02s 50MB C:/Users/Henry/AppData/Local/UnrealEngine/4.15/DerivedDataCache/Boot.ddc.
[2017.06.19-09.06.20:761][  0]LogInit: Texture streaming: Enabled
[2017.06.19-09.06.20:810][  0]LogEngineSessionManager: EngineSessionManager initialized
[2017.06.19-09.06.20:862][  0]LogInit: Transaction tracking system initialized
[2017.06.19-09.06.21:051][  0]BlueprintLog: New page: Editor Load
[2017.06.19-09.06.21:575][  0]LocalizationService: Info Localization service is disabled
[2017.06.19-09.06.22:067][  0]LogConsoleResponse:Display: 
[2017.06.19-09.06.24:886][  0]LogCook:Display: Max memory allowance for cook 16384mb min free memory 0mb
[2017.06.19-09.06.24:886][  0]LogCook:Display: Mobile HDR setting 1
[2017.06.19-09.06.25:235][  0]LogFileCache: Scanning file cache for directory 'E:/Unreal 4/UE4 projects/TowerDefence8/Content/' took 0.02s
[2017.06.19-09.06.26:265][  0]SourceControl: Info Source control is disabled
[2017.06.19-09.06.26:265][  0]Cmd: MAP LOAD FILE="../../../../UE4 projects/TowerDefence8/Content/ThirdPersonBP/Maps/ThirdPersonExampleMap.umap" TEMPLATE=0 SHOWPROGRESS=1 FEATURELEVEL=3
[2017.06.19-09.06.26:266][  0]LightingResults: New page: Lighting Build
[2017.06.19-09.06.26:288][  0]MapCheck: New page: Map Check
[2017.06.19-09.06.26:289][  0]LightingResults: New page: Lighting Build
[2017.06.19-09.06.31:049][  0]LogAIModule: Creating AISystem for world ThirdPersonExampleMap
[2017.06.19-09.06.31:184][  0]LogEditorServer: Finished looking for orphan Actors (0.000 secs)
[2017.06.19-09.06.31:185][  0]Cmd: MAP CHECKDEP NOCLEARLOG
[2017.06.19-09.06.31:220][  0]MapCheck: Info Map check complete: 0 Error(s), 0 Warning(s), took 35.866ms to complete.
[2017.06.19-09.06.31:221][  0]LogFileHelpers: Loading map 'ThirdPersonExampleMap' took 4.955
[2017.06.19-09.06.31:279][  0]LogWindowsTextInputMethodSystem:Display: IME system now deactivated.
[2017.06.19-09.06.31:383][  0]LogCollectionManager: Loaded 0 collections in 0.000630 seconds
[2017.06.19-09.06.31:449][  0]LogFileCache: Scanning file cache for directory 'E:/Unreal 4/UE4 projects/TowerDefence8/Saved/Collections/' took 0.01s
[2017.06.19-09.06.31:449][  0]LogFileCache: Scanning file cache for directory 'E:/Unreal 4/UE4 projects/TowerDefence8/Content/Developers/Henry891/Collections/' took 0.01s
[2017.06.19-09.06.31:449][  0]LogFileCache: Scanning file cache for directory 'E:/Unreal 4/UE4 projects/TowerDefence8/Content/Collections/' took 0.01s
[2017.06.19-09.06.31:449][  0]LogCollectionManager: Rebuilt the GUID cache for 0 collections in 0.000003 seconds
[2017.06.19-09.06.31:458][  0]LogContentBrowser: Native class hierarchy populated in 0.0083 seconds. Added 2252 classes and 455 folders.
[2017.06.19-09.06.31:495][  0]LogContentBrowser: Native class hierarchy updated for 'WidgetCarousel' in 0.0004 seconds. Added 0 classes and 0 folders.
[2017.06.19-09.06.32:357][  0]LogContentBrowser: Native class hierarchy updated for 'AddContentDialog' in 0.0004 seconds. Added 0 classes and 0 folders.
[2017.06.19-09.06.32:548][  0]LogContentBrowser: Native class hierarchy updated for 'SceneOutliner' in 0.0004 seconds. Added 1 classes and 2 folders.
[2017.06.19-09.06.32:616][  0]LogCrashTracker: Crashtracker disabled due to settings.
[2017.06.19-09.06.32:624][  0]LogUObjectGlobals:Warning: Failed to find object 'Class None.'
[2017.06.19-09.06.32:671][  0]LogContentBrowser: Native class hierarchy updated for 'HierarchicalLODOutliner' in 0.0004 seconds. Added 1 classes and 2 folders.
[2017.06.19-09.06.32:672][  0]LogLoad: (Engine Initialization) Total time: 68.25 seconds
[2017.06.19-09.06.32:672][  0]LogLoad: (Engine Initialization) Total Blueprint compile time: 0.81 seconds
[2017.06.19-09.06.32:672][  0]LogExternalProfiler: No external profilers were discovered.  External profiling features will not be available.
[2017.06.19-09.06.32:681][  0]LogOcInput: OculusInput pre-init called
[2017.06.19-09.06.32:701][  0]LogContentStreaming: Texture pool size now 1000 MB
[2017.06.19-09.06.32:722][  0]LogSlate: Took 0.019985 seconds to synchronously load lazily loaded font '../../../Engine/Content/Slate/Fonts/Roboto-Regular.ttf' (155K)
[2017.06.19-09.06.32:729][  0]LogSlate: Took 0.003504 seconds to synchronously load lazily loaded font '../../../Engine/Content/Slate/Fonts/Roboto-Bold.ttf' (160K)
[2017.06.19-09.06.32:742][  0]LogSlate: Took 0.012479 seconds to synchronously load lazily loaded font '../../../Engine/Content/Editor/Slate/Fonts/FontAwesome.ttf' (139K)
[2017.06.19-09.06.33:186][  0]LogRenderer: Reallocating scene render targets to support 1508x1284 NumSamples 1 (Frame:2).
[2017.06.19-09.06.33:279][  1]LogAssetRegistry: Asset discovery search completed in 36.4502 seconds
[2017.06.19-09.06.33:279][  1]LogCollectionManager: Rebuilt the object cache for 0 collections in 0.000007 seconds (found 0 objects)
[2017.06.19-09.06.33:279][  1]LogCollectionManager: Fixed up redirectors for 0 collections in 0.000025 seconds (updated 0 objects)
[2017.06.19-09.09.41:053][393]LogEditorViewport: Clicking on Actor (LMB): StaticMeshActor (Floor)
[2017.06.19-09.09.42:047][488]LogEditorViewport: Clicking on Actor (LMB): BaseUnit_C (ThirdPersonCharacter6)
[2017.06.19-09.11.35:364][379]LogSlate: Took 0.210021 seconds to synchronously load lazily loaded font '../../../Engine/Content/Slate/Fonts/Roboto-Light.ttf' (159K)
[2017.06.19-09.11.35:848][379]LogSlate: Took 0.000160 seconds to synchronously load lazily loaded font '../../../Engine/Content/Slate/Fonts/Roboto-Regular.ttf' (155K)
[2017.06.19-09.11.35:972][379]LogContentBrowser: Native class hierarchy updated for 'BlueprintGraph' in 0.0009 seconds. Added 112 classes and 0 folders.
[2017.06.19-09.11.36:853][379]LogSlate: Took 0.016113 seconds to synchronously load lazily loaded font '../../../Engine/Content/Editor/Slate/Fonts/Roboto-BoldCondensed.ttf' (158K)
[2017.06.19-09.11.38:000][380]LogSlate: Took 0.017693 seconds to synchronously load lazily loaded font '../../../Engine/Content/Editor/Slate/Fonts/Roboto-Italic.ttf' (157K)
[2017.06.19-09.11.50:566][998]LogTemp: Repeting last play command: Selected Viewport
[2017.06.19-09.11.50:588][998]LogBlueprintUserMessages: Early PlayInEditor Detection: Level '/Game/ThirdPersonBP/Maps/ThirdPersonExampleMap.ThirdPersonExampleMap:PersistentLevel' has LevelScriptBlueprint '/Game/ThirdPersonBP/Maps/ThirdPersonExampleMap.ThirdPersonExampleMap:PersistentLevel.ThirdPersonExampleMap' with GeneratedClass '/Game/ThirdPersonBP/Maps/ThirdPersonExampleMap.ThirdPersonExampleMap_C' with ClassGeneratedBy '/Game/ThirdPersonBP/Maps/ThirdPersonExampleMap.ThirdPersonExampleMap:PersistentLevel.ThirdPersonExampleMap'
[2017.06.19-09.11.50:588][998]LogPlayLevel: PlayLevel: No blueprints needed recompiling
[2017.06.19-09.11.50:589][998]PIE: New page: PIE session: ThirdPersonExampleMap (19 Jun 2017 11:11:50)
[2017.06.19-09.11.50:589][998]LogPlayLevel: Creating play world package: /Game/ThirdPersonBP/Maps/UEDPIE_0_ThirdPersonExampleMap
[2017.06.19-09.11.50:608][998]LogPlayLevel: PIE: StaticDuplicateObject took: (0.019264s)
[2017.06.19-09.11.50:609][998]LogAIModule: Creating AISystem for world ThirdPersonExampleMap
[2017.06.19-09.11.50:610][998]LogPlayLevel: PIE: World Init took: (0.001383s)
[2017.06.19-09.11.50:610][998]LogPlayLevel: PIE: Created PIE world by copying editor world from /Game/ThirdPersonBP/Maps/ThirdPersonExampleMap.ThirdPersonExampleMap to /Game/ThirdPersonBP/Maps/UEDPIE_0_ThirdPersonExampleMap.ThirdPersonExampleMap (0.021016s)
[2017.06.19-09.11.50:663][998]LogInit: XAudio2 using 'Speakers (Realtek High Definition Audio)' : 2 channels at 48 kHz using 32 bits per sample (channel mask 0x3)
[2017.06.19-09.11.50:671][998]LogInit: FAudioDevice initialized.
[2017.06.19-09.11.50:774][998]LogLoad: Game class is 'GDG_GameMode_C'
[2017.06.19-09.11.50:796][998]LogWorld: Bringing World /Game/ThirdPersonBP/Maps/UEDPIE_0_ThirdPersonExampleMap.ThirdPersonExampleMap up for play (max tick rate 0) at 2017.06.19-10.11.50
[2017.06.19-09.11.50:809][998]LogWorld: Bringing up level for play took: 0.017170
[2017.06.19-09.11.50:834][998]LogContentBrowser: Native class hierarchy updated for 'MovieSceneCapture' in 0.0005 seconds. Added 11 classes and 0 folders.
[2017.06.19-09.11.50:838][998]PIE: Info Play in editor start time for /Game/ThirdPersonBP/Maps/UEDPIE_0_ThirdPersonExampleMap 0.083
[2017.06.19-09.11.50:838][998]LogBlueprintUserMessages: Late PlayInEditor Detection: Level '/Game/ThirdPersonBP/Maps/ThirdPersonExampleMap.ThirdPersonExampleMap:PersistentLevel' has LevelScriptBlueprint '/Game/ThirdPersonBP/Maps/ThirdPersonExampleMap.ThirdPersonExampleMap:PersistentLevel.ThirdPersonExampleMap' with GeneratedClass '/Game/ThirdPersonBP/Maps/ThirdPersonExampleMap.ThirdPersonExampleMap_C' with ClassGeneratedBy '/Game/ThirdPersonBP/Maps/ThirdPersonExampleMap.ThirdPersonExampleMap:PersistentLevel.ThirdPersonExampleMap'
[2017.06.19-09.13.10:283][897]LogBlueprintUserMessages: Early EndPlayMap Detection: Level '/Game/ThirdPersonBP/Maps/ThirdPersonExampleMap.ThirdPersonExampleMap:PersistentLevel' has LevelScriptBlueprint '/Game/ThirdPersonBP/Maps/ThirdPersonExampleMap.ThirdPersonExampleMap:PersistentLevel.ThirdPersonExampleMap' with GeneratedClass '/Game/ThirdPersonBP/Maps/ThirdPersonExampleMap.ThirdPersonExampleMap_C' with ClassGeneratedBy '/Game/ThirdPersonBP/Maps/ThirdPersonExampleMap.ThirdPersonExampleMap:PersistentLevel.ThirdPersonExampleMap'
[2017.06.19-09.13.10:670][897]LogBlueprintUserMessages: Late EndPlayMap Detection: Level '/Game/ThirdPersonBP/Maps/ThirdPersonExampleMap.ThirdPersonExampleMap:PersistentLevel' has LevelScriptBlueprint '/Game/ThirdPersonBP/Maps/ThirdPersonExampleMap.ThirdPersonExampleMap:PersistentLevel.ThirdPersonExampleMap' with GeneratedClass '/Game/ThirdPersonBP/Maps/ThirdPersonExampleMap.ThirdPersonExampleMap_C' with ClassGeneratedBy '/Game/ThirdPersonBP/Maps/ThirdPersonExampleMap.ThirdPersonExampleMap:PersistentLevel.ThirdPersonExampleMap'
[2017.06.19-09.13.49:733][205]LogEditorViewport: Clicking on Actor (LMB): Base_C (Core)
[2017.06.19-09.13.52:169][329]LogTemp: Repeting last play command: Selected Viewport
[2017.06.19-09.13.52:188][329]LogBlueprintUserMessages: Early PlayInEditor Detection: Level '/Game/ThirdPersonBP/Maps/ThirdPersonExampleMap.ThirdPersonExampleMap:PersistentLevel' has LevelScriptBlueprint '/Game/ThirdPersonBP/Maps/ThirdPersonExampleMap.ThirdPersonExampleMap:PersistentLevel.ThirdPersonExampleMap' with GeneratedClass '/Game/ThirdPersonBP/Maps/ThirdPersonExampleMap.ThirdPersonExampleMap_C' with ClassGeneratedBy '/Game/ThirdPersonBP/Maps/ThirdPersonExampleMap.ThirdPersonExampleMap:PersistentLevel.ThirdPersonExampleMap'
[2017.06.19-09.13.52:188][329]LogPlayLevel: PlayLevel: No blueprints needed recompiling
[2017.06.19-09.13.52:188][329]PIE: New page: PIE session: ThirdPersonExampleMap (19 Jun 2017 11:13:52)
[2017.06.19-09.13.52:188][329]LogPlayLevel: Creating play world package: /Game/ThirdPersonBP/Maps/UEDPIE_0_ThirdPersonExampleMap
[2017.06.19-09.13.52:205][329]LogPlayLevel: PIE: StaticDuplicateObject took: (0.017323s)
[2017.06.19-09.13.52:206][329]LogAIModule: Creating AISystem for world ThirdPersonExampleMap
[2017.06.19-09.13.52:206][329]LogPlayLevel: PIE: World Init took: (0.000845s)
[2017.06.19-09.13.52:206][329]LogPlayLevel: PIE: Created PIE world by copying editor world from /Game/ThirdPersonBP/Maps/ThirdPersonExampleMap.ThirdPersonExampleMap to /Game/ThirdPersonBP/Maps/UEDPIE_0_ThirdPersonExampleMap.ThirdPersonExampleMap (0.018482s)
[2017.06.19-09.13.52:234][329]LogInit: XAudio2 using 'Speakers (Realtek High Definition Audio)' : 2 channels at 48 kHz using 32 bits per sample (channel mask 0x3)
[2017.06.19-09.13.52:241][329]LogInit: FAudioDevice initialized.
[2017.06.19-09.13.52:272][329]LogLoad: Game class is 'GDG_GameMode_C'
[2017.06.19-09.13.52:276][329]LogWorld: Bringing World /Game/ThirdPersonBP/Maps/UEDPIE_0_ThirdPersonExampleMap.ThirdPersonExampleMap up for play (max tick rate 0) at 2017.06.19-10.13.52
[2017.06.19-09.13.52:278][329]LogWorld: Bringing up level for play took: 0.004349
[2017.06.19-09.13.52:281][329]PIE: Info Play in editor start time for /Game/ThirdPersonBP/Maps/UEDPIE_0_ThirdPersonExampleMap -0.475
[2017.06.19-09.13.52:281][329]LogBlueprintUserMessages: Late PlayInEditor Detection: Level '/Game/ThirdPersonBP/Maps/ThirdPersonExampleMap.ThirdPersonExampleMap:PersistentLevel' has LevelScriptBlueprint '/Game/ThirdPersonBP/Maps/ThirdPersonExampleMap.ThirdPersonExampleMap:PersistentLevel.ThirdPersonExampleMap' with GeneratedClass '/Game/ThirdPersonBP/Maps/ThirdPersonExampleMap.ThirdPersonExampleMap_C' with ClassGeneratedBy '/Game/ThirdPersonBP/Maps/ThirdPersonExampleMap.ThirdPersonExampleMap:PersistentLevel.ThirdPersonExampleMap'
[2017.06.19-09.13.55:471][520]LogScriptCore:Warning: Script Msg: Attempted to access index 1 from array UnitCreationQue of length 1!
[2017.06.19-09.13.55:471][520]LogScriptCore:Warning: Script Msg: Attempted to access index 2 from array UnitCreationQue of length 1!
[2017.06.19-09.13.55:471][520]LogScriptCore:Warning: Script Msg: Attempted to access index 3 from array UnitCreationQue of length 1!
[2017.06.19-09.13.55:471][520]LogScriptCore:Warning: Script Msg: Attempted to access index 4 from array UnitCreationQue of length 1!
[2017.06.19-09.13.56:778][600]LogScriptCore:Warning: Script Msg: Attempted to access index 2 from array UnitCreationQue of length 2!
[2017.06.19-09.13.56:778][600]LogScriptCore:Warning: Script Msg: Attempted to access index 3 from array UnitCreationQue of length 2!
[2017.06.19-09.13.56:778][600]LogScriptCore:Warning: Script Msg: Attempted to access index 4 from array UnitCreationQue of length 2!
[2017.06.19-09.14.00:407][818]LogScriptCore:Warning: Script Msg: Attempted to access index 1 from array UnitCreationQue of length 1!
[2017.06.19-09.14.00:407][818]LogScriptCore:Warning: Script Msg: Attempted to access index 2 from array UnitCreationQue of length 1!
[2017.06.19-09.14.00:407][818]LogScriptCore:Warning: Script Msg: Attempted to access index 3 from array UnitCreationQue of length 1!
[2017.06.19-09.14.00:407][818]LogScriptCore:Warning: Script Msg: Attempted to access index 4 from array UnitCreationQue of length 1!
[2017.06.19-09.14.05:388][117]LogScriptCore:Warning: Script Msg: Attempted to access index 0 from array UnitCreationQue of length 0!
[2017.06.19-09.14.05:388][117]LogScriptCore:Warning: Script Msg: Attempted to access index 1 from array UnitCreationQue of length 0!
[2017.06.19-09.14.05:388][117]LogScriptCore:Warning: Script Msg: Attempted to access index 2 from array UnitCreationQue of length 0!
[2017.06.19-09.14.05:388][117]LogScriptCore:Warning: Script Msg: Attempted to access index 3 from array UnitCreationQue of length 0!
[2017.06.19-09.14.05:388][117]LogScriptCore:Warning: Script Msg: Attempted to access index 4 from array UnitCreationQue of length 0!
[2017.06.19-09.15.30:364][295]LogSlate: Took 0.000173 seconds to synchronously load lazily loaded font '../../../Engine/Content/Slate/Fonts/Roboto-Light.ttf' (159K)
[2017.06.19-09.15.59:442][169]LogScript:Warning: Accessed None trying to read property CallFunc_GetBlackboardValueAsActor_ReturnValue
	Task_SpiderAttack_C /Game/ThirdPersonBP/Maps/UEDPIE_0_ThirdPersonExampleMap.ThirdPersonExampleMap:PersistentLevel.MinionAICON_C_2.BTComponent.SpiderAttack_C_0
	Function /Game/MOBA_Minion_AI/AI/Tasks/Task_SpiderAttack.Task_SpiderAttack_C:ExecuteUbergraph_Task_SpiderAttack:00A0
[2017.06.19-09.15.59:442][169]PIE:Error: Error Blueprint Runtime Error: Accessed None trying to read property CallFunc_GetBlackboardValueAsActor_ReturnValue from function: 'ExecuteUbergraph_Task_SpiderAttack' from node: LineTraceByChannel in graph: EventGraph in object: Task_SpiderAttack with description: Accessed None trying to read property CallFunc_GetBlackboardValueAsActor_ReturnValue
[2017.06.19-09.16.09:463][932]LogScript:Warning: Accessed None trying to read property CallFunc_GetBlackboardValueAsActor_ReturnValue
	Task_SpiderAttack_C /Game/ThirdPersonBP/Maps/UEDPIE_0_ThirdPersonExampleMap.ThirdPersonExampleMap:PersistentLevel.MinionAICON_C_1.BTComponent.SpiderAttack_C_0
	Function /Game/MOBA_Minion_AI/AI/Tasks/Task_SpiderAttack.Task_SpiderAttack_C:ExecuteUbergraph_Task_SpiderAttack:00A0
[2017.06.19-09.16.09:463][932]PIE:Error: Error Blueprint Runtime Error: Accessed None trying to read property CallFunc_GetBlackboardValueAsActor_ReturnValue from function: 'ExecuteUbergraph_Task_SpiderAttack' from node: LineTraceByChannel in graph: EventGraph in object: Task_SpiderAttack with description: Accessed None trying to read property CallFunc_GetBlackboardValueAsActor_ReturnValue
[2017.06.19-09.16.54:578][527]Cmd: RestartLevel
[2017.06.19-09.16.54:595][528]LogNet: Browse: /Game/ThirdPersonBP/Maps/ThirdPersonExampleMap?restart
[2017.06.19-09.16.54:596][528]LogLoad: LoadMap: /Game/ThirdPersonBP/Maps/ThirdPersonExampleMap
[2017.06.19-09.16.54:614][528]Cmd: MEM
[2017.06.19-09.16.54:626][528]LogMemory: Platform Memory Stats for Windows
[2017.06.19-09.16.54:626][528]LogMemory: Process Physical Memory: 1628.42 MB used, 1728.73 MB peak
[2017.06.19-09.16.54:626][528]LogMemory: Process Virtual Memory: 2602.39 MB used, 2747.92 MB peak
[2017.06.19-09.16.54:626][528]LogMemory: Physical Memory: 6393.16 MB used,  9933.58 MB free, 16326.74 MB total
[2017.06.19-09.16.54:626][528]LogMemory: Virtual Memory: 3399.05 MB used,  9933.58 MB free, 134217728.00 MB total
[2017.06.19-09.16.54:626][528]LogMemory: 
[2017.06.19-09.16.54:626][528]Allocator Stats for TBB: (not implemented)
[2017.06.19-09.16.54:626][528]LogPlayLevel: Creating play world package: /Game/ThirdPersonBP/Maps/UEDPIE_0_ThirdPersonExampleMap
[2017.06.19-09.16.54:642][528]LogPlayLevel: PIE: StaticDuplicateObject took: (0.016107s)
[2017.06.19-09.16.54:643][528]LogAIModule: Creating AISystem for world ThirdPersonExampleMap
[2017.06.19-09.16.54:643][528]LogPlayLevel: PIE: World Init took: (0.000926s)
[2017.06.19-09.16.54:643][528]LogPlayLevel: PIE: Created PIE world by copying editor world from /Game/ThirdPersonBP/Maps/ThirdPersonExampleMap.ThirdPersonExampleMap to /Game/ThirdPersonBP/Maps/UEDPIE_0_ThirdPersonExampleMap.ThirdPersonExampleMap (0.017323s)
[2017.06.19-09.16.54:644][528]LogLoad: Game class is 'GDG_GameMode_C'
[2017.06.19-09.16.54:660][528]LogWorld: Bringing World /Game/ThirdPersonBP/Maps/UEDPIE_0_ThirdPersonExampleMap.ThirdPersonExampleMap up for play (max tick rate 0) at 2017.06.19-10.16.54
[2017.06.19-09.16.54:661][528]LogWorld: Bringing up level for play took: 0.016496
[2017.06.19-09.16.54:664][528]LogLoad: Took 0.069167 seconds to LoadMap(/Game/ThirdPersonBP/Maps/UEDPIE_0_ThirdPersonExampleMap)
[2017.06.19-09.16.55:052][550]LogScript:Warning: Accessed None trying to read property K2Node_DynamicCast_AsBase_Unit2
	GDG_PlayerPawn_C /Game/ThirdPersonBP/Maps/UEDPIE_0_ThirdPersonExampleMap.ThirdPersonExampleMap:PersistentLevel.GDG_PlayerPawn_C_0
	Function /Game/MOBA_Minion_AI/Game/GDG_PlayerPawn.GDG_PlayerPawn_C:ExecuteUbergraph_GDG_PlayerPawn:061C
[2017.06.19-09.16.55:052][550]PIE:Error: Error Blueprint Runtime Error: Accessed None trying to read property K2Node_DynamicCast_AsBase_Unit2 from function: 'ExecuteUbergraph_GDG_PlayerPawn' from node: Set Visibility in graph: EventGraph in object: GDG_PlayerPawn with description: Accessed None trying to read property K2Node_DynamicCast_AsBase_Unit2
[2017.06.19-09.16.55:052][550]LogScript:Warning: Accessed None
	GDG_PlayerPawn_C /Game/ThirdPersonBP/Maps/UEDPIE_0_ThirdPersonExampleMap.ThirdPersonExampleMap:PersistentLevel.GDG_PlayerPawn_C_0
	Function /Game/MOBA_Minion_AI/Game/GDG_PlayerPawn.GDG_PlayerPawn_C:ExecuteUbergraph_GDG_PlayerPawn:0631
[2017.06.19-09.16.55:052][550]PIE:Error: Error Blueprint Runtime Error: Accessed None from function: 'ExecuteUbergraph_GDG_PlayerPawn' from node: Set Visibility in graph: EventGraph in object: GDG_PlayerPawn with description: Accessed None
[2017.06.19-09.16.57:749][715]LogScriptCore:Warning: Script Msg: Attempted to access index 1 from array UnitCreationQue of length 1!
[2017.06.19-09.16.57:749][715]LogScriptCore:Warning: Script Msg: Attempted to access index 2 from array UnitCreationQue of length 1!
[2017.06.19-09.16.57:749][715]LogScriptCore:Warning: Script Msg: Attempted to access index 3 from array UnitCreationQue of length 1!
[2017.06.19-09.16.57:749][715]LogScriptCore:Warning: Script Msg: Attempted to access index 4 from array UnitCreationQue of length 1!
[2017.06.19-09.16.57:896][724]LogScriptCore:Warning: Script Msg: Attempted to access index 2 from array UnitCreationQue of length 2!
[2017.06.19-09.16.57:896][724]LogScriptCore:Warning: Script Msg: Attempted to access index 3 from array UnitCreationQue of length 2!
[2017.06.19-09.16.57:896][724]LogScriptCore:Warning: Script Msg: Attempted to access index 4 from array UnitCreationQue of length 2!
[2017.06.19-09.17.02:713][ 17]LogScriptCore:Warning: Script Msg: Attempted to access index 1 from array UnitCreationQue of length 1!
[2017.06.19-09.17.02:713][ 17]LogScriptCore:Warning: Script Msg: Attempted to access index 2 from array UnitCreationQue of length 1!
[2017.06.19-09.17.02:713][ 17]LogScriptCore:Warning: Script Msg: Attempted to access index 3 from array UnitCreationQue of length 1!
[2017.06.19-09.17.02:713][ 17]LogScriptCore:Warning: Script Msg: Attempted to access index 4 from array UnitCreationQue of length 1!
[2017.06.19-09.17.07:704][316]LogScriptCore:Warning: Script Msg: Attempted to access index 0 from array UnitCreationQue of length 0!
[2017.06.19-09.17.07:704][316]LogScriptCore:Warning: Script Msg: Attempted to access index 1 from array UnitCreationQue of length 0!
[2017.06.19-09.17.07:704][316]LogScriptCore:Warning: Script Msg: Attempted to access index 2 from array UnitCreationQue of length 0!
[2017.06.19-09.17.07:704][316]LogScriptCore:Warning: Script Msg: Attempted to access index 3 from array UnitCreationQue of length 0!
[2017.06.19-09.17.07:704][316]LogScriptCore:Warning: Script Msg: Attempted to access index 4 from array UnitCreationQue of length 0!
[2017.06.19-09.17.57:614][258]LogBlueprintUserMessages: Early EndPlayMap Detection: Level '/Game/ThirdPersonBP/Maps/ThirdPersonExampleMap.ThirdPersonExampleMap:PersistentLevel' has LevelScriptBlueprint '/Game/ThirdPersonBP/Maps/ThirdPersonExampleMap.ThirdPersonExampleMap:PersistentLevel.ThirdPersonExampleMap' with GeneratedClass '/Game/ThirdPersonBP/Maps/ThirdPersonExampleMap.ThirdPersonExampleMap_C' with ClassGeneratedBy '/Game/ThirdPersonBP/Maps/ThirdPersonExampleMap.ThirdPersonExampleMap:PersistentLevel.ThirdPersonExampleMap'
[2017.06.19-09.17.57:710][258]LogBlueprintUserMessages: Late EndPlayMap Detection: Level '/Game/ThirdPersonBP/Maps/ThirdPersonExampleMap.ThirdPersonExampleMap:PersistentLevel' has LevelScriptBlueprint '/Game/ThirdPersonBP/Maps/ThirdPersonExampleMap.ThirdPersonExampleMap:PersistentLevel.ThirdPersonExampleMap' with GeneratedClass '/Game/ThirdPersonBP/Maps/ThirdPersonExampleMap.ThirdPersonExampleMap_C' with ClassGeneratedBy '/Game/ThirdPersonBP/Maps/ThirdPersonExampleMap.ThirdPersonExampleMap:PersistentLevel.ThirdPersonExampleMap'
[2017.06.19-09.18.48:150][104]LogSavePackage: Save=157.46ms
[2017.06.19-09.18.48:150][104]LogSavePackage: Moving '../../../../UE4 projects/TowerDefence8/Saved/ThirdPersonExampleMap26E43BF5453FEDFFFE9075A2881B3CF8.tmp' to '../../../../UE4 projects/TowerDefence8/Content/ThirdPersonBP/Maps/ThirdPersonExampleMap.umap'
[2017.06.19-09.18.48:190][104]LogSavePackage:Display: Finished SavePackage ../../../../UE4 projects/TowerDefence8/Content/ThirdPersonBP/Maps/ThirdPersonExampleMap.umap
[2017.06.19-09.18.48:220][104]LogFileHelpers: Saving map 'ThirdPersonExampleMap' took 0.819
[2017.06.19-09.18.53:033][370]LogWindowsTextInputMethodSystem:Display: IME system now deactivated.
[2017.06.19-09.18.53:296][371]Cmd: QUIT_EDITOR
[2017.06.19-09.18.53:560][371]LogExit: Preparing to exit.
[2017.06.19-09.18.53:909][371]LogDirectoryWatcher: A directory notification for 'E:/Unreal 4/UE4 projects/TowerDefence8/Content/' was aborted.
[2017.06.19-09.18.53:944][371]LogExit: Editor shut down
[2017.06.19-09.18.53:944][371]LogExit: Transaction tracking system shut down
[2017.06.19-09.18.54:049][371]LogObj: Freed 0b from 0 cluster array pools.
[2017.06.19-09.18.54:050][371]LogExit: Object subsystem successfully closed.
[2017.06.19-09.18.54:103][371]LogD3D11RHI: Shutdown
[2017.06.19-09.18.54:103][371]LogD3D11RHI: CleanupD3DDevice
[2017.06.19-09.18.54:169][371]LogD3D11RHI: ~FD3D11DynamicRHI
[2017.06.19-09.18.54:175][371]LogModuleManager: Shutting down and abandoning module MovieSceneCapture (506)
[2017.06.19-09.18.54:175][371]LogModuleManager: Shutting down and abandoning module BlueprintGraph (504)
[2017.06.19-09.18.54:175][371]LogModuleManager: Shutting down and abandoning module BlueprintProfiler (502)
[2017.06.19-09.18.54:175][371]LogModuleManager: Shutting down and abandoning module HierarchicalLODOutliner (500)
[2017.06.19-09.18.54:175][371]LogModuleManager: Shutting down and abandoning module CrashTracker (498)
[2017.06.19-09.18.54:175][371]LogModuleManager: Shutting down and abandoning module SceneOutliner (496)
[2017.06.19-09.18.54:175][371]LogModuleManager: Shutting down and abandoning module AddContentDialog (494)
[2017.06.19-09.18.54:175][371]LogDirectoryWatcher: A directory notification for 'E:/Unreal 4/UE_4.15/FeaturePacks/' was aborted.
[2017.06.19-09.18.54:177][371]LogModuleManager: Shutting down and abandoning module WidgetCarousel (493)
[2017.06.19-09.18.54:177][371]LogModuleManager: Shutting down and abandoning module EditorWidgets (490)
[2017.06.19-09.18.54:177][371]LogModuleManager: Shutting down and abandoning module CollectionManager (488)
[2017.06.19-09.18.54:177][371]LogDirectoryWatcher: A directory notification for 'E:/Unreal 4/UE4 projects/TowerDefence8/Content/Collections/' was aborted.
[2017.06.19-09.18.54:177][371]LogDirectoryWatcher: A directory notification for 'E:/Unreal 4/UE4 projects/TowerDefence8/Content/Developers/Henry891/Collections/' was aborted.
[2017.06.19-09.18.54:177][371]LogDirectoryWatcher: A directory notification for 'E:/Unreal 4/UE4 projects/TowerDefence8/Saved/Collections/' was aborted.
[2017.06.19-09.18.54:177][371]LogModuleManager: Shutting down and abandoning module StatsViewer (486)
[2017.06.19-09.18.54:177][371]LogModuleManager: Shutting down and abandoning module FoliageEdit (484)
[2017.06.19-09.18.54:177][371]LogModuleManager: Shutting down and abandoning module LandscapeEditor (482)
[2017.06.19-09.18.54:177][371]LogModuleManager: Shutting down and abandoning module SceneDepthPickerMode (480)
[2017.06.19-09.18.54:177][371]LogModuleManager: Shutting down and abandoning module ActorPickerMode (478)
[2017.06.19-09.18.54:177][371]LogModuleManager: Shutting down and abandoning module GeometryMode (476)
[2017.06.19-09.18.54:177][371]LogModuleManager: Shutting down and abandoning module TextureAlignMode (474)
[2017.06.19-09.18.54:177][371]LogModuleManager: Shutting down and abandoning module BspMode (472)
[2017.06.19-09.18.54:177][371]LogModuleManager: Shutting down and abandoning module HardwareSurvey (470)
[2017.06.19-09.18.54:177][371]LogModuleManager: Shutting down and abandoning module SequenceRecorderSections (468)
[2017.06.19-09.18.54:177][371]LogModuleManager: Shutting down and abandoning module AutomationWorker (466)
[2017.06.19-09.18.54:177][371]LogModuleManager: Shutting down and abandoning module MatineeToLevelSequence (464)
[2017.06.19-09.18.54:177][371]LogModuleManager: Shutting down and abandoning module LevelSequenceEditor (462)
[2017.06.19-09.18.54:177][371]LogModuleManager: Shutting down and abandoning module PlacementMode (461)
[2017.06.19-09.18.54:177][371]LogModuleManager: Shutting down and abandoning module WmfMediaFactory (458)
[2017.06.19-09.18.54:177][371]LogModuleManager: Shutting down and abandoning module WmfMediaEditor (456)
[2017.06.19-09.18.54:177][371]LogModuleManager: Shutting down and abandoning module MfMediaFactory (454)
[2017.06.19-09.18.54:177][371]LogModuleManager: Shutting down and abandoning module MfMediaEditor (452)
[2017.06.19-09.18.54:177][371]LogModuleManager: Shutting down and abandoning module AvfMediaFactory (450)
[2017.06.19-09.18.54:177][371]LogModuleManager: Shutting down and abandoning module AvfMediaEditor (448)
[2017.06.19-09.18.54:177][371]LogModuleManager: Shutting down and abandoning module AndroidMediaFactory (446)
[2017.06.19-09.18.54:177][371]LogModuleManager: Shutting down and abandoning module Media (445)
[2017.06.19-09.18.54:177][371]LogModuleManager: Shutting down and abandoning module AndroidMediaEditor (442)
[2017.06.19-09.18.54:177][371]LogModuleManager: Shutting down and abandoning module CharacterAI (440)
[2017.06.19-09.18.54:177][371]LogModuleManager: Shutting down and abandoning module AudioCapture (438)
[2017.06.19-09.18.54:177][371]LogModuleManager: Shutting down and abandoning module SequenceRecorder (437)
[2017.06.19-09.18.54:177][371]LogModuleManager: Shutting down and abandoning module SmartSnapping (434)
[2017.06.19-09.18.54:177][371]LogModuleManager: Shutting down and abandoning module SessionServices (432)
[2017.06.19-09.18.54:177][371]LogModuleManager: Shutting down and abandoning module ViewportSnapping (430)
[2017.06.19-09.18.54:177][371]LogModuleManager: Shutting down and abandoning module ViewportInteraction (428)
[2017.06.19-09.18.54:177][371]LogModuleManager: Shutting down and abandoning module LogVisualizer (426)
[2017.06.19-09.18.54:177][371]LogModuleManager: Shutting down and abandoning module IntroTutorials (424)
[2017.06.19-09.18.54:177][371]LogModuleManager: Shutting down and abandoning module GameProjectGeneration (423)
[2017.06.19-09.18.54:177][371]LogModuleManager: Shutting down and abandoning module EditorLiveStreaming (420)
[2017.06.19-09.18.54:177][371]LogModuleManager: Shutting down and abandoning module IOSPlatformEditor (418)
[2017.06.19-09.18.54:177][371]LogModuleManager: Shutting down and abandoning module HTML5PlatformEditor (416)
[2017.06.19-09.18.54:177][371]LogModuleManager: Shutting down and abandoning module AndroidPlatformEditor (414)
[2017.06.19-09.18.54:177][371]LogModuleManager: Shutting down and abandoning module AndroidDeviceDetection (413)
[2017.06.19-09.18.55:029][371]LogModuleManager: Shutting down and abandoning module IOSRuntimeSettings (410)
[2017.06.19-09.18.55:029][371]LogModuleManager: Shutting down and abandoning module AndroidRuntimeSettings (408)
[2017.06.19-09.18.55:029][371]LogModuleManager: Shutting down and abandoning module InputBindingEditor (406)
[2017.06.19-09.18.55:029][371]LogModuleManager: Shutting down and abandoning module NiagaraEditor (404)
[2017.06.19-09.18.55:029][371]LogModuleManager: Shutting down and abandoning module MergeActors (402)
[2017.06.19-09.18.55:029][371]LogModuleManager: Shutting down and abandoning module SizeMap (400)
[2017.06.19-09.18.55:029][371]LogModuleManager: Shutting down and abandoning module TreeMap (398)
[2017.06.19-09.18.55:029][371]LogModuleManager: Shutting down and abandoning module ReferenceViewer (396)
[2017.06.19-09.18.55:029][371]LogModuleManager: Shutting down and abandoning module LocalizationDashboard (394)
[2017.06.19-09.18.55:029][371]LogModuleManager: Shutting down and abandoning module LocalizationService (393)
[2017.06.19-09.18.55:029][371]LogModuleManager: Shutting down and abandoning module HardwareTargeting (390)
[2017.06.19-09.18.55:029][371]LogModuleManager: Shutting down and abandoning module DeviceProfileEditor (388)
[2017.06.19-09.18.55:029][371]LogModuleManager: Shutting down and abandoning module UndoHistory (386)
[2017.06.19-09.18.55:029][371]LogModuleManager: Shutting down and abandoning module UserFeedback (384)
[2017.06.19-09.18.55:029][371]LogModuleManager: Shutting down and abandoning module XmlParser (382)
[2017.06.19-09.18.55:029][371]LogModuleManager: Shutting down and abandoning module Blutility (380)
[2017.06.19-09.18.55:029][371]LogModuleManager: Shutting down and abandoning module ProjectSettingsViewer (378)
[2017.06.19-09.18.55:029][371]LogModuleManager: Shutting down and abandoning module ProjectTargetPlatformEditor (377)
[2017.06.19-09.18.55:029][371]LogModuleManager: Shutting down and abandoning module EditorSettingsViewer (374)
[2017.06.19-09.18.55:029][371]LogModuleManager: Shutting down and abandoning module SettingsEditor (372)
[2017.06.19-09.18.55:029][371]LogModuleManager: Shutting down and abandoning module ProjectLauncher (370)
[2017.06.19-09.18.55:029][371]LogModuleManager: Shutting down and abandoning module SessionFrontend (368)
[2017.06.19-09.18.55:029][371]LogModuleManager: Shutting down and abandoning module ProfilerClient (366)
[2017.06.19-09.18.55:029][371]LogModuleManager: Shutting down and abandoning module DeviceManager (364)
[2017.06.19-09.18.55:029][371]LogModuleManager: Shutting down and abandoning module TargetDeviceServices (363)
[2017.06.19-09.18.55:082][371]LogModuleManager: Shutting down and abandoning module AutomationController (360)
[2017.06.19-09.18.55:082][371]LogModuleManager: Shutting down and abandoning module AutomationWindow (358)
[2017.06.19-09.18.55:082][371]LogModuleManager: Shutting down and abandoning module Layers (356)
[2017.06.19-09.18.55:082][371]LogModuleManager: Shutting down and abandoning module ComponentVisualizers (354)
[2017.06.19-09.18.55:082][371]LogModuleManager: Shutting down and abandoning module DetailCustomizations (352)
[2017.06.19-09.18.55:082][371]LogModuleManager: Shutting down and abandoning module PackagesDialog (350)
[2017.06.19-09.18.55:083][371]LogModuleManager: Shutting down and abandoning module Persona (348)
[2017.06.19-09.18.55:083][371]LogModuleManager: Shutting down and abandoning module AnimGraph (347)
[2017.06.19-09.18.55:083][371]LogModuleManager: Shutting down and abandoning module Kismet (344)
[2017.06.19-09.18.55:089][371]LogModuleManager: Shutting down and abandoning module GraphEditor (342)
[2017.06.19-09.18.55:089][371]LogModuleManager: Shutting down and abandoning module ClassViewer (340)
[2017.06.19-09.18.55:089][371]LogModuleManager: Shutting down and abandoning module Toolbox (338)
[2017.06.19-09.18.55:089][371]LogModuleManager: Shutting down and abandoning module ModuleUI (336)
[2017.06.19-09.18.55:089][371]LogModuleManager: Shutting down and abandoning module MovieSceneTools (334)
[2017.06.19-09.18.55:089][371]LogModuleManager: Shutting down and abandoning module OutputLog (332)
[2017.06.19-09.18.55:089][371]LogModuleManager: Shutting down and abandoning module GammaUI (330)
[2017.06.19-09.18.55:089][371]LogModuleManager: Shutting down and abandoning module Documentation (328)
[2017.06.19-09.18.55:089][371]LogModuleManager: Shutting down and abandoning module Niagara (326)
[2017.06.19-09.18.55:089][371]LogModuleManager: Shutting down and abandoning module StreamingPauseRendering (324)
[2017.06.19-09.18.55:089][371]LogModuleManager: Shutting down and abandoning module AnalyticsET (322)
[2017.06.19-09.18.55:089][371]LogModuleManager: Shutting down and abandoning module PortalServices (320)
[2017.06.19-09.18.55:089][371]LogModuleManager: Shutting down and abandoning module PortalRpc (318)
[2017.06.19-09.18.55:089][371]LogModuleManager: Shutting down and abandoning module MessagingRpc (316)
[2017.06.19-09.18.55:089][371]LogModuleManager: Shutting down and abandoning module AIModule (314)
[2017.06.19-09.18.55:089][371]LogModuleManager: Shutting down and abandoning module GameplayDebugger (313)
[2017.06.19-09.18.55:089][371]LogModuleManager: Shutting down and abandoning module AITestSuite (311)
[2017.06.19-09.18.55:089][371]LogModuleManager: Shutting down and abandoning module ProfilerService (308)
[2017.06.19-09.18.55:192][371]LogModuleManager: Shutting down and abandoning module TaskGraph (306)
[2017.06.19-09.18.55:193][371]LogModuleManager: Shutting down and abandoning module SteamVRController (304)
[2017.06.19-09.18.55:193][371]LogModuleManager: Shutting down and abandoning module SteamVR (302)
[2017.06.19-09.18.55:193][371]LogModuleManager: Shutting down and abandoning module ProceduralMeshComponentEditor (300)
[2017.06.19-09.18.55:193][371]LogModuleManager: Shutting down and abandoning module ProceduralMeshComponent (298)
[2017.06.19-09.18.55:193][371]LogModuleManager: Shutting down and abandoning module OculusLibrary (296)
[2017.06.19-09.18.55:193][371]LogModuleManager: Shutting down and abandoning module OculusInput (294)
[2017.06.19-09.18.55:193][371]LogModuleManager: Shutting down and abandoning module MobilePatchingUtils (292)
[2017.06.19-09.18.55:193][371]LogModuleManager: Shutting down and abandoning module CustomMeshComponent (290)
[2017.06.19-09.18.55:193][371]LogModuleManager: Shutting down and abandoning module CableComponent (288)
[2017.06.19-09.18.55:193][371]LogModuleManager: Shutting down and abandoning module ArchVisCharacter (286)
[2017.06.19-09.18.55:193][371]LogModuleManager: Shutting down and abandoning module MediaPlayerEditor (282)
[2017.06.19-09.18.55:193][371]LogModuleManager: Shutting down and abandoning module HTML5Networking (280)
[2017.06.19-09.18.55:193][371]LogModuleManager: Shutting down and abandoning module AlembicImporter (278)
[2017.06.19-09.18.55:193][371]LogModuleManager: Shutting down and abandoning module AlembicLibrary (277)
[2017.06.19-09.18.55:193][371]LogModuleManager: Shutting down and abandoning module GeometryCache (276)
[2017.06.19-09.18.55:193][371]LogModuleManager: Shutting down and abandoning module GeometryCacheEd (275)
[2017.06.19-09.18.55:193][371]LogModuleManager: Shutting down and abandoning module SuperSearchEditor (270)
[2017.06.19-09.18.55:193][371]LogModuleManager: Shutting down and abandoning module SuperSearch (269)
[2017.06.19-09.18.55:193][371]LogModuleManager: Shutting down and abandoning module SpeedTreeImporter (266)
[2017.06.19-09.18.55:193][371]LogModuleManager: Shutting down and abandoning module PluginBrowser (264)
[2017.06.19-09.18.55:193][371]LogModuleManager: Shutting down and abandoning module MobileLauncherProfileWizard (262)
[2017.06.19-09.18.55:193][371]LogModuleManager: Shutting down and abandoning module EpicSurvey (260)
[2017.06.19-09.18.55:193][371]LogModuleManager: Shutting down and abandoning module VisualStudioSourceCodeAccess (258)
[2017.06.19-09.18.55:193][371]LogModuleManager: Shutting down and abandoning module DesktopPlatform (257)
[2017.06.19-09.18.55:193][371]LogModuleManager: Shutting down and abandoning module UObjectPlugin (254)
[2017.06.19-09.18.55:193][371]LogModuleManager: Shutting down and abandoning module SubversionSourceControl (252)
[2017.06.19-09.18.55:193][371]LogModuleManager: Shutting down and abandoning module PerforceSourceControl (250)
[2017.06.19-09.18.55:193][371]LogModuleManager: Shutting down and abandoning module GitSourceControl (248)
[2017.06.19-09.18.55:193][371]LogModuleManager: Shutting down and abandoning module SourceControl (247)
[2017.06.19-09.18.55:193][371]LogModuleManager: Shutting down and abandoning module LightPropagationVolumeEditor (244)
[2017.06.19-09.18.55:193][371]LogModuleManager: Shutting down and abandoning module PaperTiledImporter (242)
[2017.06.19-09.18.55:193][371]LogModuleManager: Shutting down and abandoning module PaperSpriteSheetImporter (240)
[2017.06.19-09.18.55:193][371]LogModuleManager: Shutting down and abandoning module Paper2DEditor (238)
[2017.06.19-09.18.55:193][371]LogModuleManager: Shutting down and abandoning module MeshPaint (237)
[2017.06.19-09.18.55:193][371]LogModuleManager: Shutting down and abandoning module LevelEditor (235)
[2017.06.19-09.18.55:194][371]LogModuleManager: Shutting down and abandoning module PixelInspectorModule (234)
[2017.06.19-09.18.55:194][371]LogModuleManager: Shutting down and abandoning module MainFrame (232)
[2017.06.19-09.18.55:194][371]LogModuleManager: Shutting down and abandoning module HotReload (231)
[2017.06.19-09.18.55:194][371]LogModuleManager: Shutting down and abandoning module ContentBrowser (227)
[2017.06.19-09.18.55:195][371]LogModuleManager: Shutting down and abandoning module PhysXVehiclesEditor (224)
[2017.06.19-09.18.55:195][371]LogModuleManager: Shutting down and abandoning module PhysXVehicles (222)
[2017.06.19-09.18.55:195][371]LogModuleManager: Shutting down and abandoning module LocationServicesBPLibrary (220)
[2017.06.19-09.18.55:195][371]LogModuleManager: Shutting down and abandoning module UdpMessaging (218)
[2017.06.19-09.18.55:296][371]LogModuleManager: Shutting down and abandoning module TcpMessaging (216)
[2017.06.19-09.18.55:396][371]LogModuleManager: Shutting down and abandoning module GameplayTagsEditor (214)
[2017.06.19-09.18.55:396][371]LogModuleManager: Shutting down and abandoning module FacialAnimationEditor (212)
[2017.06.19-09.18.55:396][371]LogModuleManager: Shutting down and abandoning module FacialAnimation (210)
[2017.06.19-09.18.55:396][371]LogModuleManager: Shutting down and abandoning module LightPropagationVolumeRuntime (208)
[2017.06.19-09.18.55:396][371]LogModuleManager: Shutting down and abandoning module Paper2D (206)
[2017.06.19-09.18.55:396][371]LogModuleManager: Shutting down and abandoning module WindowsMoviePlayer (204)
[2017.06.19-09.18.55:396][371]LogModuleManager: Shutting down and abandoning module WmfMedia (202)
[2017.06.19-09.18.55:396][371]LogModuleManager: Shutting down and abandoning module MfMedia (200)
[2017.06.19-09.18.55:396][371]LogModuleManager: Shutting down and abandoning module MediaAssets (198)
[2017.06.19-09.18.55:396][371]LogModuleManager: Shutting down and abandoning module GameLiveStreaming (196)
[2017.06.19-09.18.55:396][371]LogModuleManager: Shutting down and abandoning module EnvironmentQueryEditor (194)
[2017.06.19-09.18.55:396][371]LogModuleManager: Shutting down and abandoning module VREditor (192)
[2017.06.19-09.18.55:396][371]LogModuleManager: Shutting down and abandoning module GameplayTasksEditor (190)
[2017.06.19-09.18.55:396][371]LogModuleManager: Shutting down and abandoning module BehaviorTreeEditor (188)
[2017.06.19-09.18.55:396][371]LogModuleManager: Shutting down and abandoning module FunctionalTesting (186)
[2017.06.19-09.18.55:396][371]LogModuleManager: Shutting down and abandoning module CollisionAnalyzer (184)
[2017.06.19-09.18.55:396][371]LogModuleManager: Shutting down and abandoning module UMG (182)
[2017.06.19-09.18.55:396][371]LogModuleManager: Shutting down and abandoning module UMGEditor (181)
[2017.06.19-09.18.55:396][371]LogModuleManager: Shutting down and abandoning module Sequencer (180)
[2017.06.19-09.18.55:396][371]LogModuleManager: Shutting down and abandoning module AssetTools (178)
[2017.06.19-09.18.55:396][371]LogModuleManager: Shutting down and abandoning module MessageLog (177)
[2017.06.19-09.18.55:396][371]LogModuleManager: Shutting down and abandoning module WorkspaceMenuStructure (176)
[2017.06.19-09.18.55:396][371]LogModuleManager: Shutting down and abandoning module SlateReflector (170)
[2017.06.19-09.18.55:396][371]LogModuleManager: Shutting down and abandoning module Slate (168)
[2017.06.19-09.18.55:396][371]LogModuleManager: Shutting down and abandoning module EditorStyle (166)
[2017.06.19-09.18.55:398][371]LogModuleManager: Shutting down and abandoning module SourceCodeAccess (164)
[2017.06.19-09.18.55:398][371]LogModuleManager: Shutting down and abandoning module HeadMountedDisplay (162)
[2017.06.19-09.18.55:398][371]LogModuleManager: Shutting down and abandoning module XAudio2 (160)
[2017.06.19-09.18.55:398][371]LogModuleManager: Shutting down and abandoning module Networking (158)
[2017.06.19-09.18.55:398][371]LogModuleManager: Shutting down and abandoning module Core (154)
[2017.06.19-09.18.55:398][371]LogModuleManager: Shutting down and abandoning module AssetRegistry (152)
[2017.06.19-09.18.55:592][371]LogDirectoryWatcher: A directory notification for '../../../Engine/Content/' was aborted.
[2017.06.19-09.18.55:592][371]LogDirectoryWatcher: A directory notification for '../../../../UE4 projects/TowerDefence8/Content/' was aborted.
[2017.06.19-09.18.55:592][371]LogDirectoryWatcher: A directory notification for '../../../Engine/Plugins/2D/Paper2D/Content/' was aborted.
[2017.06.19-09.18.55:592][371]LogModuleManager: Shutting down and abandoning module DirectoryWatcher (151)
[2017.06.19-09.18.55:593][371]LogModuleManager: Shutting down and abandoning module KismetCompiler (148)
[2017.06.19-09.18.55:593][371]LogModuleManager: Shutting down and abandoning module PhysXFormats (146)
[2017.06.19-09.18.55:593][371]LogModuleManager: Shutting down and abandoning module MeshUtilities (144)
[2017.06.19-09.18.55:593][371]LogModuleManager: Shutting down and abandoning module SimplygonSwarm (143)
[2017.06.19-09.18.55:593][371]LogModuleManager: Shutting down and abandoning module SimplygonMeshReduction (141)
[2017.06.19-09.18.55:593][371]LogModuleManager: Shutting down and abandoning module QuadricMeshReduction (139)
[2017.06.19-09.18.55:593][371]LogModuleManager: Shutting down and abandoning module PropertyEditor (137)
[2017.06.19-09.18.55:593][371]LogModuleManager: Shutting down and abandoning module DerivedDataCache (134)
[2017.06.19-09.18.55:630][371]LogDerivedDataCache: Shutdown
[2017.06.19-09.18.55:630][371]LogModuleManager: Shutting down and abandoning module TargetPlatform (132)
[2017.06.19-09.18.55:630][371]LogModuleManager: Shutting down and abandoning module VulkanShaderFormat (131)
[2017.06.19-09.18.55:630][371]LogModuleManager: Shutting down and abandoning module ShaderFormatOpenGL (129)
[2017.06.19-09.18.55:630][371]LogModuleManager: Shutting down and abandoning module ShaderFormatD3D (127)
[2017.06.19-09.18.55:630][371]LogModuleManager: Shutting down and abandoning module MetalShaderFormat (125)
[2017.06.19-09.18.55:630][371]LogModuleManager: Shutting down and abandoning module TextureFormatUncompressed (123)
[2017.06.19-09.18.55:630][371]LogModuleManager: Shutting down and abandoning module TextureFormatPVR (121)
[2017.06.19-09.18.55:630][371]LogModuleManager: Shutting down and abandoning module TextureFormatDXT (119)
[2017.06.19-09.18.55:630][371]LogModuleManager: Shutting down and abandoning module TextureFormatIntelISPCTexComp (117)
[2017.06.19-09.18.55:630][371]LogModuleManager: Shutting down and abandoning module TextureFormatASTC (115)
[2017.06.19-09.18.55:630][371]LogModuleManager: Shutting down and abandoning module ImageWrapper (114)
[2017.06.19-09.18.55:630][371]LogModuleManager: Shutting down and abandoning module TextureFormatAndroid (111)
[2017.06.19-09.18.55:630][371]LogModuleManager: Shutting down and abandoning module AudioFormatOpus (109)
[2017.06.19-09.18.55:630][371]LogModuleManager: Shutting down and abandoning module AudioFormatOgg (107)
[2017.06.19-09.18.55:630][371]LogModuleManager: Shutting down and abandoning module AudioFormatADPCM (105)
[2017.06.19-09.18.55:630][371]LogModuleManager: Shutting down and abandoning module LinuxTargetPlatform (103)
[2017.06.19-09.18.55:630][371]LogModuleManager: Shutting down and abandoning module LinuxServerTargetPlatform (101)
[2017.06.19-09.18.55:630][371]LogModuleManager: Shutting down and abandoning module LinuxNoEditorTargetPlatform (99)
[2017.06.19-09.18.55:630][371]LogModuleManager: Shutting down and abandoning module LinuxClientTargetPlatform (97)
[2017.06.19-09.18.55:630][371]LogModuleManager: Shutting down and abandoning module TVOSTargetPlatform (95)
[2017.06.19-09.18.55:630][371]LogModuleManager: Shutting down and abandoning module Messaging (93)
[2017.06.19-09.18.55:630][371]LogModuleManager: Shutting down and abandoning module IOSTargetPlatform (91)
[2017.06.19-09.18.55:630][371]LogModuleManager: Shutting down and abandoning module HTML5TargetPlatform (89)
[2017.06.19-09.18.55:630][371]LogModuleManager: Shutting down and abandoning module Android_PVRTCTargetPlatform (87)
[2017.06.19-09.18.55:630][371]LogModuleManager: Shutting down and abandoning module Android_MultiTargetPlatform (85)
[2017.06.19-09.18.55:630][371]LogModuleManager: Shutting down and abandoning module Android_ETC2TargetPlatform (83)
[2017.06.19-09.18.55:630][371]LogModuleManager: Shutting down and abandoning module Android_ETC1TargetPlatform (81)
[2017.06.19-09.18.55:630][371]LogModuleManager: Shutting down and abandoning module Android_DXTTargetPlatform (79)
[2017.06.19-09.18.55:630][371]LogModuleManager: Shutting down and abandoning module Android_ATCTargetPlatform (77)
[2017.06.19-09.18.55:630][371]LogModuleManager: Shutting down and abandoning module Android_ASTCTargetPlatform (75)
[2017.06.19-09.18.55:630][371]LogModuleManager: Shutting down and abandoning module AndroidTargetPlatform (73)
[2017.06.19-09.18.55:630][371]LogModuleManager: Shutting down and abandoning module WindowsTargetPlatform (71)
[2017.06.19-09.18.55:630][371]LogModuleManager: Shutting down and abandoning module WindowsServerTargetPlatform (69)
[2017.06.19-09.18.55:630][371]LogModuleManager: Shutting down and abandoning module WindowsNoEditorTargetPlatform (67)
[2017.06.19-09.18.55:630][371]LogModuleManager: Shutting down and abandoning module WindowsClientTargetPlatform (65)
[2017.06.19-09.18.55:630][371]LogModuleManager: Shutting down and abandoning module MacTargetPlatform (63)
[2017.06.19-09.18.55:630][371]LogModuleManager: Shutting down and abandoning module MacServerTargetPlatform (61)
[2017.06.19-09.18.55:630][371]LogModuleManager: Shutting down and abandoning module MacNoEditorTargetPlatform (59)
[2017.06.19-09.18.55:630][371]LogModuleManager: Shutting down and abandoning module MacClientTargetPlatform (57)
[2017.06.19-09.18.55:630][371]LogModuleManager: Shutting down and abandoning module AllDesktopTargetPlatform (55)
[2017.06.19-09.18.55:630][371]LogModuleManager: Shutting down and abandoning module InputCore (52)
[2017.06.19-09.18.55:630][371]LogModuleManager: Shutting down and abandoning module Settings (50)
[2017.06.19-09.18.55:630][371]LogModuleManager: Shutting down and abandoning module OculusRift (48)
[2017.06.19-09.18.55:630][371]LogModuleManager: Shutting down and abandoning module GearVR (46)
[2017.06.19-09.18.55:630][371]LogModuleManager: Shutting down and abandoning module ExampleDeviceProfileSelector (44)
[2017.06.19-09.18.55:630][371]LogModuleManager: Shutting down and abandoning module OnlineBlueprintSupport (42)
[2017.06.19-09.18.55:630][371]LogModuleManager: Shutting down and abandoning module OnlineSubsystem (38)
[2017.06.19-09.18.55:630][371]LogOnline:Display: Unloading online subsystem: NULL
[2017.06.19-09.18.55:630][371]LogModuleManager: Shutting down and abandoning module XMPP (37)
[2017.06.19-09.18.55:630][371]LogModuleManager: Shutting down and abandoning module HTTP (35)
[2017.06.19-09.18.55:630][371]LogHttp:Display: Http module shutting down, but needs to wait on 1 outstanding Http requests:
[2017.06.19-09.18.55:630][371]LogHttp:Display: 	verb=[POST] url=[https://datarouter.ol.epicgames.com/datarouter/api/v1/public/data?SessionID=%7B66B66320-4437-DA57-F085-5CBE19C7E330%7D&AppID=UEEditor.Rocket.Release&AppVersion=4.15.2-3416026%2B%2B%2BUE4%2BRelease-4.15&UserID=792a68a44fbb11f39c5b928b0a92b453%7C1c2770170c974dea87ad2b41ec4a65ab%7C76525198-daab-451b-b1f3-7338e1d38b7d&AppEnvironment=datacollector-binary&UploadType=eteventstream] status=Processing
[2017.06.19-09.18.55:634][371]LogModuleManager: Shutting down and abandoning module SSL (34)
[2017.06.19-09.18.55:635][371]LogModuleManager: Shutting down and abandoning module AudioEditor (30)
[2017.06.19-09.18.55:635][371]LogModuleManager: Shutting down and abandoning module TextureCompressor (28)
[2017.06.19-09.18.55:635][371]LogModuleManager: Shutting down and abandoning module ShaderCore (26)
[2017.06.19-09.18.55:635][371]LogModuleManager: Shutting down and abandoning module Landscape (24)
[2017.06.19-09.18.55:636][371]LogModuleManager: Shutting down and abandoning module SlateRHIRenderer (22)
[2017.06.19-09.18.55:637][371]LogModuleManager: Shutting down and abandoning module OpenGLDrv (20)
[2017.06.19-09.18.55:637][371]LogModuleManager: Shutting down and abandoning module D3D11RHI (18)
[2017.06.19-09.18.55:637][371]LogModuleManager: Shutting down and abandoning module AnimGraphRuntime (16)
[2017.06.19-09.18.55:637][371]LogModuleManager: Shutting down and abandoning module Renderer (14)
[2017.06.19-09.18.55:637][371]LogModuleManager: Shutting down and abandoning module Engine (12)
[2017.06.19-09.18.55:637][371]LogModuleManager: Shutting down and abandoning module CoreUObject (10)
[2017.06.19-09.18.55:637][371]LogModuleManager: Shutting down and abandoning module NetworkFile (8)
[2017.06.19-09.18.55:637][371]LogModuleManager: Shutting down and abandoning module StreamingFile (6)
[2017.06.19-09.18.55:637][371]LogModuleManager: Shutting down and abandoning module SandboxFile (4)
[2017.06.19-09.18.55:637][371]LogModuleManager: Shutting down and abandoning module PakFile (2)
[2017.06.19-09.18.55:639][371]LogExit: Exiting.
[2017.06.19-09.18.55:640][371]Log file closed, 06/19/17 10:18:55
