Log file open, 06/07/17 15:50:40
LogInit:Display: Running engine for game: TowerDefence4
LogPlatformFile: Not using cached read wrapper
LogInit:Display: RandInit(-729984438) SRandInit(-729984438).
LogTaskGraph: Started task graph with 5 named threads and 8 total threads with 1 sets of task threads.
LogStats: Stats thread started at 0.065816
LogInit: Using libcurl 7.47.1
LogInit:  - built for x86_64-pc-win32
LogInit:  - supports SSL with OpenSSL/1.0.2g
LogInit:  - supports HTTP deflate (compression) using libz 1.2.8
LogInit:  - other features:
LogInit:      CURL_VERSION_SSL
LogInit:      CURL_VERSION_LIBZ
LogInit:      CURL_VERSION_IPV6
LogInit:      CURL_VERSION_ASYNCHDNS
LogInit:      CURL_VERSION_LARGEFILE
LogInit:      CURL_VERSION_IDN
LogInit:  CurlRequestOptions (configurable via config and command line):
LogInit:  - bVerifyPeer = false  - Libcurl will NOT verify peer certificate
LogInit:  - bUseHttpProxy = false  - Libcurl will NOT use HTTP proxy
LogInit:  - bDontReuseConnections = false  - Libcurl will reuse connections
LogInit:  - CertBundlePath = nullptr  - Libcurl will use whatever was configured at build time.
LogInit: Build: ++UE4+Release-4.15-CL-3416026
LogInit: Engine Version: 4.15.2-3416026+++UE4+Release-4.15
LogInit: Compatible Engine Version: 4.15.0-3299760+++UE4+Release-4.15
LogInit: Net CL: 3299760
LogDevObjectVersion: Number of dev versions registered: 14
LogDevObjectVersion:   Dev-Blueprints (B0D832E4-1F89-4F0D-ACCF-7EB736FD4AA2): 8
LogDevObjectVersion:   Dev-Build (E1C64328-A22C-4D53-A36C-8E866417BD8C): 0
LogDevObjectVersion:   Dev-Core (375EC13C-06E4-48FB-B500-84F0262A717E): 2
LogDevObjectVersion:   Dev-Editor (E4B068ED-F494-42E9-A231-DA0B2E46BB41): 14
LogDevObjectVersion:   Dev-Framework (CFFC743F-43B0-4480-9391-14DF171D2073): 22
LogDevObjectVersion:   Dev-Mobile (B02B49B5-BB20-44E9-A304-32B752E40360): 0
LogDevObjectVersion:   Dev-Networking (A4E4105C-59A1-49B5-A7C5-40C4547EDFEE): 0
LogDevObjectVersion:   Dev-Online (39C831C9-5AE6-47DC-9A44-9C173E1C8E7C): 0
LogDevObjectVersion:   Dev-Physics (78F01B33-EBEA-4F98-B9B4-84EACCB95AA2): 0
LogDevObjectVersion:   Dev-Platform (6631380F-2D4D-43E0-8009-CF276956A95A): 0
LogDevObjectVersion:   Dev-Rendering (12F88B9F-8875-4AFC-A67C-D90C383ABD29): 12
LogDevObjectVersion:   Dev-Sequencer (7B5AE74C-D270-4C10-A958-57980B212A5A): 3
LogDevObjectVersion:   Dev-VR (D7296918-1DD6-4BDD-9DE2-64A83CC13884): 0
LogDevObjectVersion:   Dev-LoadTimes (C2A15278-BFE7-4AFE-6C17-90FF531DF755): 1
LogInit: Compiled (64-bit): May  1 2017 13:11:28
LogInit: Compiled with Visual C++: 19.00.23026.00
LogInit: Build Configuration: Development
LogInit: Branch Name: ++UE4+Release-4.15
LogInit: Command line:  
LogInit: Base directory: E:/Unreal 4/UE_4.15/Engine/Binaries/Win64/
LogInit: Installed Engine Build: 1
LogInit: Presizing for max 8388607 objects, including 0 objects not considered by GC, pre-allocating 0 bytes for permanent pool.
LogInit: Object subsystem initialized
[2017.06.07-14.50.41:611][  0]LogInit: Selected Device Profile: [Windows]
[2017.06.07-14.50.41:611][  0]LogInit: Applying CVar settings loaded from the selected device profile: [Windows]
[2017.06.07-14.50.41:619][  0]LogInit: Computer: PCBOI
[2017.06.07-14.50.41:619][  0]LogInit: User: Henry891
[2017.06.07-14.50.41:619][  0]LogInit: CPU Page size=65536, Cores=4
[2017.06.07-14.50.41:619][  0]LogInit: High frequency timer resolution =3.903988 MHz
[2017.06.07-14.50.41:619][  0]LogMemory: Memory total: Physical=15.9GB (16GB approx)
[2017.06.07-14.50.41:619][  0]LogMemory: Platform Memory Stats for Windows
[2017.06.07-14.50.41:619][  0]LogMemory: Process Physical Memory: 263.87 MB used, 263.87 MB peak
[2017.06.07-14.50.41:619][  0]LogMemory: Process Virtual Memory: 262.62 MB used, 262.62 MB peak
[2017.06.07-14.50.41:619][  0]LogMemory: Physical Memory: 5549.22 MB used,  10777.52 MB free, 16326.74 MB total
[2017.06.07-14.50.41:619][  0]LogMemory: Virtual Memory: 644.97 MB used,  10777.52 MB free, 134217728.00 MB total
[2017.06.07-14.50.41:671][  0]LogTextLocalizationManager: No specific translations for ('en-GB') exist, so ('en') translations will be used.
[2017.06.07-14.50.42:127][  0]LogD3D11RHI: D3D11 adapters:
[2017.06.07-14.50.42:593][  0]LogD3D11RHI:    0. 'NVIDIA GeForce GTX 1080' (Feature Level 11_0)
[2017.06.07-14.50.42:593][  0]LogD3D11RHI:       8110/0/8163 MB DedicatedVideo/DedicatedSystem/SharedSystem, Outputs:2, VendorId:0x10de
[2017.06.07-14.50.42:594][  0]LogD3D11RHI:    1. 'Microsoft Basic Render Driver' (Feature Level 11_0)
[2017.06.07-14.50.42:594][  0]LogD3D11RHI:       0/0/8163 MB DedicatedVideo/DedicatedSystem/SharedSystem, Outputs:0, VendorId:0x1414
[2017.06.07-14.50.42:594][  0]LogD3D11RHI: Chosen D3D11 Adapter: 0
[2017.06.07-14.50.42:597][  0]LogD3D11RHI: Creating new Direct3DDevice
[2017.06.07-14.50.42:597][  0]LogD3D11RHI:     GPU DeviceId: 0x1b80 (for the marketing name, search the web for "GPU Device Id")
[2017.06.07-14.50.42:597][  0]LogWindows: EnumDisplayDevices:
[2017.06.07-14.50.42:597][  0]LogWindows:    0. 'NVIDIA GeForce GTX 1080' (P:1 D:1)
[2017.06.07-14.50.42:597][  0]LogWindows:    1. 'NVIDIA GeForce GTX 1080' (P:0 D:1)
[2017.06.07-14.50.42:597][  0]LogWindows:    2. 'NVIDIA GeForce GTX 1080' (P:0 D:0)
[2017.06.07-14.50.42:597][  0]LogWindows:    3. 'NVIDIA GeForce GTX 1080' (P:0 D:0)
[2017.06.07-14.50.42:597][  0]LogWindows: DebugString: FoundDriverCount:4 
[2017.06.07-14.50.42:597][  0]LogD3D11RHI:     Adapter Name: NVIDIA GeForce GTX 1080
[2017.06.07-14.50.42:597][  0]LogD3D11RHI:   Driver Version: 382.33 (internal:22.21.13.8233, unified:382.33)
[2017.06.07-14.50.42:597][  0]LogD3D11RHI:      Driver Date: 5-17-2017
[2017.06.07-14.50.42:597][  0]LogRHI: Texture pool is 1361 MB (70% of 1945 MB)
[2017.06.07-14.50.43:038][  0]LogD3D11RHI: [Aftermath] Aftermath enabled and primed
[2017.06.07-14.50.43:038][  0]LogD3D11RHI: Async texture creation enabled
[2017.06.07-14.50.43:072][  0]LogD3D11RHI: GPU Timing Frequency: 1000.000000 (Debug: 2 1)
[2017.06.07-14.50.43:163][  0]LogShaderCompilers: Guid format shader working directory is 8 characters bigger than the processId version (../../../../UE4 projects/TowerDefence4/Intermediate/Shaders/WorkingDirectory/9908/).
[2017.06.07-14.50.43:163][  0]LogShaderCompilers: Cleaned the shader compiler working directory 'C:/Users/Henry/AppData/Local/Temp/UnrealShaderWorkingDir/2013C9FE4B75F7FECDD87184BA6AECB6/'.
[2017.06.07-14.50.43:163][  0]LogShaderCompilers:Display: Using Local Shader Compiler.
[2017.06.07-14.50.43:931][  0]LogTemp:Display: Loaded TP AllDesktopTargetPlatform
[2017.06.07-14.50.43:964][  0]LogTemp:Display: Loaded TP MacClientTargetPlatform
[2017.06.07-14.50.43:996][  0]LogTemp:Display: Loaded TP MacNoEditorTargetPlatform
[2017.06.07-14.50.44:028][  0]LogTemp:Display: Loaded TP MacServerTargetPlatform
[2017.06.07-14.50.44:061][  0]LogTemp:Display: Loaded TP MacTargetPlatform
[2017.06.07-14.50.44:095][  0]LogTemp:Display: Loaded TP WindowsClientTargetPlatform
[2017.06.07-14.50.44:127][  0]LogTemp:Display: Loaded TP WindowsNoEditorTargetPlatform
[2017.06.07-14.50.44:159][  0]LogTemp:Display: Loaded TP WindowsServerTargetPlatform
[2017.06.07-14.50.44:183][  0]LogTemp:Display: Loaded TP WindowsTargetPlatform
[2017.06.07-14.50.44:214][  0]LogTemp:Display: Loaded TP AndroidTargetPlatform
[2017.06.07-14.50.44:245][  0]LogTemp:Display: Loaded TP Android_ASTCTargetPlatform
[2017.06.07-14.50.44:277][  0]LogTemp:Display: Loaded TP Android_ATCTargetPlatform
[2017.06.07-14.50.44:308][  0]LogTemp:Display: Loaded TP Android_DXTTargetPlatform
[2017.06.07-14.50.44:341][  0]LogTemp:Display: Loaded TP Android_ETC1TargetPlatform
[2017.06.07-14.50.44:374][  0]LogTemp:Display: Loaded TP Android_ETC2TargetPlatform
[2017.06.07-14.50.44:441][  0]LogTemp:Display: Loaded TP Android_MultiTargetPlatform
[2017.06.07-14.50.44:441][  0]LogTemp:Display: Loaded TP Android_PVRTCTargetPlatform
[2017.06.07-14.50.44:463][  0]LogTemp:Display: Loaded TP HTML5TargetPlatform
[2017.06.07-14.50.44:529][  0]LogTemp:Display: Loaded TP IOSTargetPlatform
[2017.06.07-14.50.44:552][  0]LogTemp:Display: Loaded TP TVOSTargetPlatform
[2017.06.07-14.50.44:586][  0]LogTemp:Display: Loaded TP LinuxClientTargetPlatform
[2017.06.07-14.50.44:620][  0]LogTemp:Display: Loaded TP LinuxNoEditorTargetPlatform
[2017.06.07-14.50.44:653][  0]LogTemp:Display: Loaded TP LinuxServerTargetPlatform
[2017.06.07-14.50.44:686][  0]LogTemp:Display: Loaded TP LinuxTargetPlatform
[2017.06.07-14.50.44:686][  0]LogTargetPlatformManager:Display: Building Assets For Windows
[2017.06.07-14.50.44:909][  0]LogDerivedDataCache:Display: Max Cache Size: 512 MB
[2017.06.07-14.50.44:949][  0]LogDerivedDataCache: Loaded boot cache 0.04s 50MB C:/Users/Henry/AppData/Local/UnrealEngine/4.15/DerivedDataCache/Boot.ddc.
[2017.06.07-14.50.44:949][  0]LogDerivedDataCache:Display: Loaded Boot cache: C:/Users/Henry/AppData/Local/UnrealEngine/4.15/DerivedDataCache/Boot.ddc
[2017.06.07-14.50.44:949][  0]LogDerivedDataCache: FDerivedDataBackendGraph:  Pak pak cache file ../../../../UE4 projects/TowerDefence4/DerivedDataCache/DDC.ddp not found, will not use a pak cache.
[2017.06.07-14.50.44:949][  0]LogDerivedDataCache: Unable to find inner node Pak for hierarchical cache Hierarchy.
[2017.06.07-14.50.44:949][  0]LogDerivedDataCache: FDerivedDataBackendGraph:  CompressedPak pak cache file ../../../../UE4 projects/TowerDefence4/DerivedDataCache/Compressed.ddp not found, will not use a pak cache.
[2017.06.07-14.50.44:949][  0]LogDerivedDataCache: Unable to find inner node CompressedPak for hierarchical cache Hierarchy.
[2017.06.07-14.50.44:964][  0]LogDerivedDataCache:Display: Pak cache opened for reading ../../../Engine/DerivedDataCache/Compressed.ddp.
[2017.06.07-14.50.44:976][  0]LogDerivedDataCache: Using Local data cache path C:/Users/Henry/AppData/Local/UnrealEngine/Common/DerivedDataCache: Writable
[2017.06.07-14.50.44:983][  0]LogSlate: Using Freetype 2.6.0
[2017.06.07-14.50.44:983][  0]LogSlate: SlateFontCache - WITH_FREETYPE: 1, WITH_HARFBUZZ: 1
[2017.06.07-14.50.44:983][  0]LogSlate: SlateFontCache - WITH_FREETYPE: 1, WITH_HARFBUZZ: 1
[2017.06.07-14.50.45:202][  0]LogInit: Selected Device Profile: [Windows]
[2017.06.07-14.50.45:204][  0]LogContentStreaming: Texture pool size is 0.00 MB
[2017.06.07-14.50.45:340][  0]LogMeshUtilities: Using QuadricMeshReduction for automatic static mesh reduction
[2017.06.07-14.50.45:364][  0]LogSimplygon: Simplygon DLL not present - disabling.
[2017.06.07-14.50.45:388][  0]LogMeshUtilities: Using SimplygonSwarm for distributed automatic mesh merging
[2017.06.07-14.50.45:388][  0]LogMeshUtilities: No automatic skeletal mesh reduction module available
[2017.06.07-14.50.45:388][  0]LogMeshUtilities: No automatic mesh merging module available
[2017.06.07-14.50.45:760][  0]LogNetVersion: GetLocalNetworkVersion: CL: 3299760, ProjectName: towerdefence4, ProjectVersion: , EngineNetworkVersion: 2, GameNetworkVersion: 0, NetworkChecksum: 3786553673
[2017.06.07-14.50.45:796][  0]LogAssetRegistry: FAssetRegistry took 0.0224 seconds to start up
[2017.06.07-14.50.45:825][  0]LogPackageLocalizationCache: Processed 3 localized package path(s) for 2 prioritized culture(s) in 0.015348 seconds
[2017.06.07-14.50.45:829][  0]LogUObjectArray: 32493 objects as part of root set at end of initial load.
[2017.06.07-14.50.45:829][  0]LogUObjectAllocator: 7077024 out of 0 bytes used by permanent object pool.
[2017.06.07-14.50.45:829][  0]LogUObjectArray: CloseDisregardForGC: 0/0 objects in disregard for GC pool
[2017.06.07-14.50.45:861][  0]LogInit: WinSock: version 1.1 (2.2), MaxSocks=32767, MaxUdp=65467
[2017.06.07-14.50.46:848][  0]LogTcpMessaging: Initializing TcpMessaging bridge
[2017.06.07-14.50.46:873][  0]LogUdpMessaging: Initializing bridge on interface 0.0.0.0:0 to multicast group 230.0.0.1:6666.
[2017.06.07-14.50.47:143][  0]LogMaterial: Uniform references updated for custom material expression Custom.
[2017.06.07-14.50.47:351][  0]SourceControl: Info Source control is disabled
[2017.06.07-14.50.47:352][  0]SourceControl: Info Source control is disabled
[2017.06.07-14.50.47:376][  0]SourceControl: Info Source control is disabled
[2017.06.07-14.50.47:399][  0]SourceControl: Info Source control is disabled
[2017.06.07-14.50.47:551][  0]LogLinker:Warning: Can't find file '/Game/TopDownBP/TopDownOverview'
[2017.06.07-14.50.47:551][  0]LogLinker:Warning: Can't find file '/Game/TopDownBP/TopDownOverview'
[2017.06.07-14.50.47:551][  0]LogUObjectGlobals:Warning: Failed to find object 'Class /Game/TopDownBP/TopDownOverview.TopDownOverview_C'
[2017.06.07-14.50.48:055][  0]LogEngine: Initializing Engine...
[2017.06.07-14.50.48:055][  0]LogHMD: Failed to initialize OpenVR with code 110
[2017.06.07-14.50.48:137][  0]LogStats: UGameplayTagsManager::ConstructGameplayTagTree: Construct from data asset -  0.000 s
[2017.06.07-14.50.48:137][  0]LogStats: UGameplayTagsManager::ConstructGameplayTagTree: GameplayTagTreeChangedEvent.Broadcast -  0.000 s
[2017.06.07-14.50.48:202][  0]LogAIModule: Creating AISystem for world Untitled
[2017.06.07-14.50.48:219][  0]LogInit: XAudio2 using 'Speakers (Realtek High Definition Audio)' : 2 channels at 48 kHz using 32 bits per sample (channel mask 0x3)
[2017.06.07-14.50.48:256][  0]LogInit: FAudioDevice initialized.
[2017.06.07-14.50.48:278][  0]LogDerivedDataCache: Saved boot cache 0.02s 50MB C:/Users/Henry/AppData/Local/UnrealEngine/4.15/DerivedDataCache/Boot.ddc.
[2017.06.07-14.50.48:282][  0]LogInit: Texture streaming: Enabled
[2017.06.07-14.50.48:330][  0]LogEngineSessionManager: EngineSessionManager initialized
[2017.06.07-14.50.48:379][  0]LogInit: Transaction tracking system initialized
[2017.06.07-14.50.48:565][  0]BlueprintLog: New page: Editor Load
[2017.06.07-14.50.49:019][  0]LocalizationService: Info Localization service is disabled
[2017.06.07-14.50.49:375][  0]LogConsoleResponse:Display: 
[2017.06.07-14.50.49:463][  0]LogCook:Display: Max memory allowance for cook 16384mb min free memory 0mb
[2017.06.07-14.50.49:463][  0]LogCook:Display: Mobile HDR setting 1
[2017.06.07-14.50.49:974][  0]LogFileCache: Scanning file cache for directory 'E:/Unreal 4/UE4 projects/TowerDefence4/Content/' took 0.02s
[2017.06.07-14.50.49:998][  0]SourceControl: Info Source control is disabled
[2017.06.07-14.50.49:998][  0]Cmd: MAP LOAD FILE="../../../../UE4 projects/TowerDefence4/Content/ThirdPersonBP/Maps/ThirdPersonExampleMap.umap" TEMPLATE=0 SHOWPROGRESS=1 FEATURELEVEL=3
[2017.06.07-14.50.49:998][  0]LightingResults: New page: Lighting Build
[2017.06.07-14.50.50:019][  0]MapCheck: New page: Map Check
[2017.06.07-14.50.50:019][  0]LightingResults: New page: Lighting Build
[2017.06.07-14.50.50:800][  0]LogAIModule: Creating AISystem for world ThirdPersonExampleMap
[2017.06.07-14.50.50:824][  0]LogEditorServer: Finished looking for orphan Actors (0.000 secs)
[2017.06.07-14.50.50:825][  0]Cmd: MAP CHECKDEP NOCLEARLOG
[2017.06.07-14.50.50:857][  0]MapCheck: Info Map check complete: 0 Error(s), 0 Warning(s), took 32.152ms to complete.
[2017.06.07-14.50.50:857][  0]LogFileHelpers: Loading map 'ThirdPersonExampleMap' took 0.859
[2017.06.07-14.50.50:915][  0]LogWindowsTextInputMethodSystem:Display: IME system now deactivated.
[2017.06.07-14.50.50:942][  0]LogCollectionManager: Loaded 0 collections in 0.000769 seconds
[2017.06.07-14.50.51:008][  0]LogFileCache: Scanning file cache for directory 'E:/Unreal 4/UE4 projects/TowerDefence4/Saved/Collections/' took 0.01s
[2017.06.07-14.50.51:008][  0]LogFileCache: Scanning file cache for directory 'E:/Unreal 4/UE4 projects/TowerDefence4/Content/Developers/Henry891/Collections/' took 0.01s
[2017.06.07-14.50.51:008][  0]LogFileCache: Scanning file cache for directory 'E:/Unreal 4/UE4 projects/TowerDefence4/Content/Collections/' took 0.01s
[2017.06.07-14.50.51:008][  0]LogCollectionManager: Rebuilt the GUID cache for 0 collections in 0.000002 seconds
[2017.06.07-14.50.51:015][  0]LogContentBrowser: Native class hierarchy populated in 0.0070 seconds. Added 2252 classes and 455 folders.
[2017.06.07-14.50.51:049][  0]LogContentBrowser: Native class hierarchy updated for 'WidgetCarousel' in 0.0004 seconds. Added 0 classes and 0 folders.
[2017.06.07-14.50.51:078][  0]LogContentBrowser: Native class hierarchy updated for 'AddContentDialog' in 0.0004 seconds. Added 0 classes and 0 folders.
[2017.06.07-14.50.51:166][  0]LogContentBrowser: Native class hierarchy updated for 'SceneOutliner' in 0.0004 seconds. Added 1 classes and 2 folders.
[2017.06.07-14.50.51:199][  0]LogCrashTracker: Crashtracker disabled due to settings.
[2017.06.07-14.50.51:205][  0]LogUObjectGlobals:Warning: Failed to find object 'Class None.'
[2017.06.07-14.50.51:252][  0]LogContentBrowser: Native class hierarchy updated for 'HierarchicalLODOutliner' in 0.0005 seconds. Added 1 classes and 2 folders.
[2017.06.07-14.50.51:252][  0]LogLoad: (Engine Initialization) Total time: 10.87 seconds
[2017.06.07-14.50.51:252][  0]LogLoad: (Engine Initialization) Total Blueprint compile time: 0.33 seconds
[2017.06.07-14.50.51:252][  0]LogExternalProfiler: No external profilers were discovered.  External profiling features will not be available.
[2017.06.07-14.50.51:262][  0]LogOcInput: OculusInput pre-init called
[2017.06.07-14.50.51:281][  0]LogContentStreaming: Texture pool size now 1000 MB
[2017.06.07-14.50.51:282][  0]LogSlate: Took 0.000145 seconds to synchronously load lazily loaded font '../../../Engine/Content/Slate/Fonts/Roboto-Regular.ttf' (155K)
[2017.06.07-14.50.51:285][  0]LogSlate: Took 0.000173 seconds to synchronously load lazily loaded font '../../../Engine/Content/Slate/Fonts/Roboto-Bold.ttf' (160K)
[2017.06.07-14.50.51:286][  0]LogSlate: Took 0.000167 seconds to synchronously load lazily loaded font '../../../Engine/Content/Editor/Slate/Fonts/FontAwesome.ttf' (139K)
[2017.06.07-14.50.51:438][  0]LogRenderer: Reallocating scene render targets to support 1508x1284 NumSamples 1 (Frame:2).
[2017.06.07-14.50.51:546][  1]LogAssetRegistry: Asset discovery search completed in 5.7716 seconds
[2017.06.07-14.50.51:546][  1]LogCollectionManager: Rebuilt the object cache for 0 collections in 0.000009 seconds (found 0 objects)
[2017.06.07-14.50.51:546][  1]LogCollectionManager: Fixed up redirectors for 0 collections in 0.000030 seconds (updated 0 objects)
[2017.06.07-14.50.55:851][485]LogTemp: Repeting last play command: Selected Viewport
[2017.06.07-14.50.55:865][485]LogBlueprintUserMessages: Early PlayInEditor Detection: Level '/Game/ThirdPersonBP/Maps/ThirdPersonExampleMap.ThirdPersonExampleMap:PersistentLevel' has LevelScriptBlueprint '/Game/ThirdPersonBP/Maps/ThirdPersonExampleMap.ThirdPersonExampleMap:PersistentLevel.ThirdPersonExampleMap' with GeneratedClass '/Game/ThirdPersonBP/Maps/ThirdPersonExampleMap.ThirdPersonExampleMap_C' with ClassGeneratedBy '/Game/ThirdPersonBP/Maps/ThirdPersonExampleMap.ThirdPersonExampleMap:PersistentLevel.ThirdPersonExampleMap'
[2017.06.07-14.50.55:865][485]LogPlayLevel: PlayLevel: No blueprints needed recompiling
[2017.06.07-14.50.55:866][485]PIE: New page: PIE session: ThirdPersonExampleMap (7 Jun 2017 16:50:55)
[2017.06.07-14.50.55:866][485]LogPlayLevel: Creating play world package: /Game/ThirdPersonBP/Maps/UEDPIE_0_ThirdPersonExampleMap
[2017.06.07-14.50.55:890][485]LogPlayLevel: PIE: StaticDuplicateObject took: (0.024560s)
[2017.06.07-14.50.55:891][485]LogAIModule: Creating AISystem for world ThirdPersonExampleMap
[2017.06.07-14.50.55:892][485]LogPlayLevel: PIE: World Init took: (0.001153s)
[2017.06.07-14.50.55:892][485]LogPlayLevel: PIE: Created PIE world by copying editor world from /Game/ThirdPersonBP/Maps/ThirdPersonExampleMap.ThirdPersonExampleMap to /Game/ThirdPersonBP/Maps/UEDPIE_0_ThirdPersonExampleMap.ThirdPersonExampleMap (0.026040s)
[2017.06.07-14.50.55:925][485]LogInit: XAudio2 using 'Speakers (Realtek High Definition Audio)' : 2 channels at 48 kHz using 32 bits per sample (channel mask 0x3)
[2017.06.07-14.50.55:933][485]LogInit: FAudioDevice initialized.
[2017.06.07-14.50.55:979][485]LogLoad: Game class is 'GDG_GameMode_C'
[2017.06.07-14.50.55:983][485]LogWorld: Bringing World /Game/ThirdPersonBP/Maps/UEDPIE_0_ThirdPersonExampleMap.ThirdPersonExampleMap up for play (max tick rate 0) at 2017.06.07-15.50.55
[2017.06.07-14.50.55:984][485]LogWorld: Bringing up level for play took: 0.003110
[2017.06.07-14.50.56:006][485]LogContentBrowser: Native class hierarchy updated for 'MovieSceneCapture' in 0.0004 seconds. Added 11 classes and 0 folders.
[2017.06.07-14.50.56:007][485]PIE: Info Play in editor start time for /Game/ThirdPersonBP/Maps/UEDPIE_0_ThirdPersonExampleMap 0.077
[2017.06.07-14.50.56:008][485]LogBlueprintUserMessages: Late PlayInEditor Detection: Level '/Game/ThirdPersonBP/Maps/ThirdPersonExampleMap.ThirdPersonExampleMap:PersistentLevel' has LevelScriptBlueprint '/Game/ThirdPersonBP/Maps/ThirdPersonExampleMap.ThirdPersonExampleMap:PersistentLevel.ThirdPersonExampleMap' with GeneratedClass '/Game/ThirdPersonBP/Maps/ThirdPersonExampleMap.ThirdPersonExampleMap_C' with ClassGeneratedBy '/Game/ThirdPersonBP/Maps/ThirdPersonExampleMap.ThirdPersonExampleMap:PersistentLevel.ThirdPersonExampleMap'
[2017.06.07-14.51.59:833][111]LogBlueprintUserMessages: Early EndPlayMap Detection: Level '/Game/ThirdPersonBP/Maps/ThirdPersonExampleMap.ThirdPersonExampleMap:PersistentLevel' has LevelScriptBlueprint '/Game/ThirdPersonBP/Maps/ThirdPersonExampleMap.ThirdPersonExampleMap:PersistentLevel.ThirdPersonExampleMap' with GeneratedClass '/Game/ThirdPersonBP/Maps/ThirdPersonExampleMap.ThirdPersonExampleMap_C' with ClassGeneratedBy '/Game/ThirdPersonBP/Maps/ThirdPersonExampleMap.ThirdPersonExampleMap:PersistentLevel.ThirdPersonExampleMap'
[2017.06.07-14.51.59:864][111]LogBlueprintUserMessages: Late EndPlayMap Detection: Level '/Game/ThirdPersonBP/Maps/ThirdPersonExampleMap.ThirdPersonExampleMap:PersistentLevel' has LevelScriptBlueprint '/Game/ThirdPersonBP/Maps/ThirdPersonExampleMap.ThirdPersonExampleMap:PersistentLevel.ThirdPersonExampleMap' with GeneratedClass '/Game/ThirdPersonBP/Maps/ThirdPersonExampleMap.ThirdPersonExampleMap_C' with ClassGeneratedBy '/Game/ThirdPersonBP/Maps/ThirdPersonExampleMap.ThirdPersonExampleMap:PersistentLevel.ThirdPersonExampleMap'
[2017.06.07-14.52.41:006][ 22]LogSlate: Took 0.000123 seconds to synchronously load lazily loaded font '../../../Engine/Content/Slate/Fonts/Roboto-Light.ttf' (159K)
[2017.06.07-14.52.41:333][ 22]LogContentBrowser: Native class hierarchy updated for 'BlueprintGraph' in 0.0007 seconds. Added 112 classes and 0 folders.
[2017.06.07-14.52.41:807][ 22]LogSlate: Took 0.000148 seconds to synchronously load lazily loaded font '../../../Engine/Content/Slate/Fonts/Roboto-Regular.ttf' (155K)
[2017.06.07-14.52.41:867][ 22]LogScript:Warning: Accessed None trying to read property CallFunc_K2_GetPawn_ReturnValue2
	GDG_PlayerController_C /Engine/Transient.World_1:PersistentLevel.GDG_PlayerController_C_0
	Function /Game/MOBA_Minion_AI/Game/GDG_PlayerController.GDG_PlayerController_C:ExecuteUbergraph_GDG_PlayerController:1088
[2017.06.07-14.52.41:867][ 22]LogScript:Warning: Accessed None trying to read property CallFunc_K2_GetRootComponent_ReturnValue
	GDG_PlayerController_C /Engine/Transient.World_1:PersistentLevel.GDG_PlayerController_C_0
	Function /Game/MOBA_Minion_AI/Game/GDG_PlayerController.GDG_PlayerController_C:ExecuteUbergraph_GDG_PlayerController:10BA
[2017.06.07-14.52.41:867][ 22]LogScript:Warning: Accessed None trying to read property CallFunc_K2_GetPawn_ReturnValue2
	GDG_PlayerController_C /Engine/Transient.World_1:PersistentLevel.GDG_PlayerController_C_0
	Function /Game/MOBA_Minion_AI/Game/GDG_PlayerController.GDG_PlayerController_C:ExecuteUbergraph_GDG_PlayerController:1111
[2017.06.07-14.52.41:867][ 22]LogScript:Warning: Accessed None trying to read property CallFunc_K2_GetPawn_ReturnValue2
	GDG_PlayerController_C /Engine/Transient.World_1:PersistentLevel.GDG_PlayerController_C_0
	Function /Game/MOBA_Minion_AI/Game/GDG_PlayerController.GDG_PlayerController_C:ExecuteUbergraph_GDG_PlayerController:113B
[2017.06.07-14.52.41:867][ 22]LogScript:Warning: Accessed None trying to read property CallFunc_K2_GetRootComponent_ReturnValue2
	GDG_PlayerController_C /Engine/Transient.World_1:PersistentLevel.GDG_PlayerController_C_0
	Function /Game/MOBA_Minion_AI/Game/GDG_PlayerController.GDG_PlayerController_C:ExecuteUbergraph_GDG_PlayerController:119B
[2017.06.07-14.52.41:867][ 22]LogScript:Warning: Accessed None trying to read property CallFunc_K2_GetPawn_ReturnValue3
	GDG_PlayerController_C /Engine/Transient.World_1:PersistentLevel.GDG_PlayerController_C_0
	Function /Game/MOBA_Minion_AI/Game/GDG_PlayerController.GDG_PlayerController_C:ExecuteUbergraph_GDG_PlayerController:125E
[2017.06.07-14.52.41:867][ 22]LogScript:Warning: Accessed None trying to read property CallFunc_K2_GetPawn_ReturnValue4
	GDG_PlayerController_C /Engine/Transient.World_1:PersistentLevel.GDG_PlayerController_C_0
	Function /Game/MOBA_Minion_AI/Game/GDG_PlayerController.GDG_PlayerController_C:ExecuteUbergraph_GDG_PlayerController:13B6
[2017.06.07-14.52.41:867][ 22]LogScript:Warning: Accessed None trying to read property CallFunc_K2_GetPawn_ReturnValue2
	GDG_PlayerController_C /Engine/Transient.World_1:PersistentLevel.GDG_PlayerController_C_0
	Function /Game/MOBA_Minion_AI/Game/GDG_PlayerController.GDG_PlayerController_C:ExecuteUbergraph_GDG_PlayerController:1088
[2017.06.07-14.52.41:867][ 22]LogScript:Warning: Accessed None trying to read property CallFunc_K2_GetRootComponent_ReturnValue
	GDG_PlayerController_C /Engine/Transient.World_1:PersistentLevel.GDG_PlayerController_C_0
	Function /Game/MOBA_Minion_AI/Game/GDG_PlayerController.GDG_PlayerController_C:ExecuteUbergraph_GDG_PlayerController:10BA
[2017.06.07-14.52.41:867][ 22]LogScript:Warning: Accessed None trying to read property CallFunc_K2_GetPawn_ReturnValue2
	GDG_PlayerController_C /Engine/Transient.World_1:PersistentLevel.GDG_PlayerController_C_0
	Function /Game/MOBA_Minion_AI/Game/GDG_PlayerController.GDG_PlayerController_C:ExecuteUbergraph_GDG_PlayerController:1111
[2017.06.07-14.52.41:867][ 22]LogScript:Warning: Accessed None trying to read property CallFunc_K2_GetPawn_ReturnValue2
	GDG_PlayerController_C /Engine/Transient.World_1:PersistentLevel.GDG_PlayerController_C_0
	Function /Game/MOBA_Minion_AI/Game/GDG_PlayerController.GDG_PlayerController_C:ExecuteUbergraph_GDG_PlayerController:113B
[2017.06.07-14.52.41:867][ 22]LogScript:Warning: Accessed None trying to read property CallFunc_K2_GetRootComponent_ReturnValue2
	GDG_PlayerController_C /Engine/Transient.World_1:PersistentLevel.GDG_PlayerController_C_0
	Function /Game/MOBA_Minion_AI/Game/GDG_PlayerController.GDG_PlayerController_C:ExecuteUbergraph_GDG_PlayerController:119B
[2017.06.07-14.52.41:867][ 22]LogScript:Warning: Accessed None trying to read property CallFunc_K2_GetPawn_ReturnValue3
	GDG_PlayerController_C /Engine/Transient.World_1:PersistentLevel.GDG_PlayerController_C_0
	Function /Game/MOBA_Minion_AI/Game/GDG_PlayerController.GDG_PlayerController_C:ExecuteUbergraph_GDG_PlayerController:125E
[2017.06.07-14.52.41:867][ 22]LogScript:Warning: Accessed None trying to read property CallFunc_K2_GetPawn_ReturnValue4
	GDG_PlayerController_C /Engine/Transient.World_1:PersistentLevel.GDG_PlayerController_C_0
	Function /Game/MOBA_Minion_AI/Game/GDG_PlayerController.GDG_PlayerController_C:ExecuteUbergraph_GDG_PlayerController:13B6
[2017.06.07-14.52.41:870][ 22]LogSlate: Took 0.000191 seconds to synchronously load lazily loaded font '../../../Engine/Content/Editor/Slate/Fonts/Roboto-BoldCondensed.ttf' (158K)
[2017.06.07-14.52.42:136][ 23]LogScript:Warning: Accessed None trying to read property CallFunc_K2_GetPawn_ReturnValue2
	GDG_PlayerController_C /Engine/Transient.World_1:PersistentLevel.GDG_PlayerController_C_0
	Function /Game/MOBA_Minion_AI/Game/GDG_PlayerController.GDG_PlayerController_C:ExecuteUbergraph_GDG_PlayerController:1088
[2017.06.07-14.52.42:136][ 23]LogScript:Warning: Accessed None trying to read property CallFunc_K2_GetRootComponent_ReturnValue
	GDG_PlayerController_C /Engine/Transient.World_1:PersistentLevel.GDG_PlayerController_C_0
	Function /Game/MOBA_Minion_AI/Game/GDG_PlayerController.GDG_PlayerController_C:ExecuteUbergraph_GDG_PlayerController:10BA
[2017.06.07-14.52.42:136][ 23]LogScript:Warning: Accessed None trying to read property CallFunc_K2_GetPawn_ReturnValue2
	GDG_PlayerController_C /Engine/Transient.World_1:PersistentLevel.GDG_PlayerController_C_0
	Function /Game/MOBA_Minion_AI/Game/GDG_PlayerController.GDG_PlayerController_C:ExecuteUbergraph_GDG_PlayerController:1111
[2017.06.07-14.52.42:140][ 23]LogSlate: Took 0.000204 seconds to synchronously load lazily loaded font '../../../Engine/Content/Editor/Slate/Fonts/Roboto-Italic.ttf' (157K)
[2017.06.07-14.54.51:248][175]BlueprintLog: New page: Compile GDG_PlayerController
[2017.06.07-14.54.51:869][207]Cmd: OBJ SAVEPACKAGE PACKAGE="/Game/MOBA_Minion_AI/Game/GDG_PlayerController" FILE="../../../../UE4 projects/TowerDefence4/Content/MOBA_Minion_AI/Game/GDG_PlayerController.uasset" SILENT=true
[2017.06.07-14.54.51:917][207]LogSavePackage: Save=41.27ms
[2017.06.07-14.54.51:917][207]LogSavePackage: Moving '../../../../UE4 projects/TowerDefence4/Saved/GDG_PlayerControllerAC7D783E4696432AC662DF81DC0C863A.tmp' to '../../../../UE4 projects/TowerDefence4/Content/MOBA_Minion_AI/Game/GDG_PlayerController.uasset'
[2017.06.07-14.54.51:919][207]LogSavePackage:Display: Finished SavePackage ../../../../UE4 projects/TowerDefence4/Content/MOBA_Minion_AI/Game/GDG_PlayerController.uasset
[2017.06.07-14.59.46:088][929]LogSlate: Took 0.000161 seconds to synchronously load lazily loaded font '../../../Engine/Content/Editor/Slate/Fonts/Roboto-BoldCondensedItalic.ttf' (160K)
[2017.06.07-15.00.00:120][595]BlueprintLog: New page: Compile Clickable
[2017.06.07-15.00.00:569][632]Cmd: OBJ SAVEPACKAGE PACKAGE="/Game/MOBA_Minion_AI/Interfaces/Clickable" FILE="../../../../UE4 projects/TowerDefence4/Content/MOBA_Minion_AI/Interfaces/Clickable.uasset" SILENT=true
[2017.06.07-15.00.00:581][632]LogSavePackage: Save=5.27ms
[2017.06.07-15.00.00:581][632]LogSavePackage: Moving '../../../../UE4 projects/TowerDefence4/Saved/Clickable5F9D72714ECA42440832C88D679D2B49.tmp' to '../../../../UE4 projects/TowerDefence4/Content/MOBA_Minion_AI/Interfaces/Clickable.uasset'
[2017.06.07-15.00.00:582][632]LogSavePackage:Display: Finished SavePackage ../../../../UE4 projects/TowerDefence4/Content/MOBA_Minion_AI/Interfaces/Clickable.uasset
[2017.06.07-15.01.45:518][301]BlueprintLog: New page: Compile GDG_PlayerController
[2017.06.07-15.01.46:050][344]Cmd: OBJ SAVEPACKAGE PACKAGE="/Game/MOBA_Minion_AI/Game/GDG_PlayerController" FILE="../../../../UE4 projects/TowerDefence4/Content/MOBA_Minion_AI/Game/GDG_PlayerController.uasset" SILENT=true
[2017.06.07-15.01.46:104][344]LogSavePackage: Save=46.46ms
[2017.06.07-15.01.46:104][344]LogSavePackage: Moving '../../../../UE4 projects/TowerDefence4/Saved/GDG_PlayerController53DC8EC44F6A54A80A6A9FB9FDC894B5.tmp' to '../../../../UE4 projects/TowerDefence4/Content/MOBA_Minion_AI/Game/GDG_PlayerController.uasset'
[2017.06.07-15.01.46:105][344]LogSavePackage:Display: Finished SavePackage ../../../../UE4 projects/TowerDefence4/Content/MOBA_Minion_AI/Game/GDG_PlayerController.uasset
[2017.06.07-15.02.51:714][683]BlueprintLog: New page: Compile BaseUnit
[2017.06.07-15.02.52:227][684]Cmd: OBJ SAVEPACKAGE PACKAGE="/Game/MOBA_Minion_AI/Units/Friendly/BaseUnit" FILE="../../../../UE4 projects/TowerDefence4/Content/MOBA_Minion_AI/Units/Friendly/BaseUnit.uasset" SILENT=true
[2017.06.07-15.02.52:325][684]LogSavePackage: Save=89.25ms
[2017.06.07-15.02.52:325][684]LogSavePackage: Moving '../../../../UE4 projects/TowerDefence4/Saved/BaseUnit7174E02C43B3EE7B9798299EA733E32C.tmp' to '../../../../UE4 projects/TowerDefence4/Content/MOBA_Minion_AI/Units/Friendly/BaseUnit.uasset'
[2017.06.07-15.02.52:326][684]LogSavePackage:Display: Finished SavePackage ../../../../UE4 projects/TowerDefence4/Content/MOBA_Minion_AI/Units/Friendly/BaseUnit.uasset
[2017.06.07-15.02.55:872][937]LogTemp: Repeting last play command: Selected Viewport
[2017.06.07-15.02.55:893][937]LogBlueprintUserMessages: Early PlayInEditor Detection: Level '/Game/ThirdPersonBP/Maps/ThirdPersonExampleMap.ThirdPersonExampleMap:PersistentLevel' has LevelScriptBlueprint '/Game/ThirdPersonBP/Maps/ThirdPersonExampleMap.ThirdPersonExampleMap:PersistentLevel.ThirdPersonExampleMap' with GeneratedClass '/Game/ThirdPersonBP/Maps/ThirdPersonExampleMap.ThirdPersonExampleMap_C' with ClassGeneratedBy '/Game/ThirdPersonBP/Maps/ThirdPersonExampleMap.ThirdPersonExampleMap:PersistentLevel.ThirdPersonExampleMap'
[2017.06.07-15.02.55:893][937]LogPlayLevel: PlayLevel: No blueprints needed recompiling
[2017.06.07-15.02.55:893][937]PIE: New page: PIE session: ThirdPersonExampleMap (7 Jun 2017 17:02:55)
[2017.06.07-15.02.55:893][937]LogPlayLevel: Creating play world package: /Game/ThirdPersonBP/Maps/UEDPIE_0_ThirdPersonExampleMap
[2017.06.07-15.02.55:909][937]LogPlayLevel: PIE: StaticDuplicateObject took: (0.015862s)
[2017.06.07-15.02.55:909][937]LogAIModule: Creating AISystem for world ThirdPersonExampleMap
[2017.06.07-15.02.55:910][937]LogPlayLevel: PIE: World Init took: (0.000693s)
[2017.06.07-15.02.55:910][937]LogPlayLevel: PIE: Created PIE world by copying editor world from /Game/ThirdPersonBP/Maps/ThirdPersonExampleMap.ThirdPersonExampleMap to /Game/ThirdPersonBP/Maps/UEDPIE_0_ThirdPersonExampleMap.ThirdPersonExampleMap (0.016771s)
[2017.06.07-15.02.55:941][937]LogInit: XAudio2 using 'Speakers (Realtek High Definition Audio)' : 2 channels at 48 kHz using 32 bits per sample (channel mask 0x3)
[2017.06.07-15.02.55:950][937]LogInit: FAudioDevice initialized.
[2017.06.07-15.02.55:982][937]LogLoad: Game class is 'GDG_GameMode_C'
[2017.06.07-15.02.55:986][937]LogWorld: Bringing World /Game/ThirdPersonBP/Maps/UEDPIE_0_ThirdPersonExampleMap.ThirdPersonExampleMap up for play (max tick rate 0) at 2017.06.07-16.02.55
[2017.06.07-15.02.55:987][937]LogWorld: Bringing up level for play took: 0.003910
[2017.06.07-15.02.55:989][937]PIE: Info Play in editor start time for /Game/ThirdPersonBP/Maps/UEDPIE_0_ThirdPersonExampleMap 0.059
[2017.06.07-15.02.55:989][937]LogBlueprintUserMessages: Late PlayInEditor Detection: Level '/Game/ThirdPersonBP/Maps/ThirdPersonExampleMap.ThirdPersonExampleMap:PersistentLevel' has LevelScriptBlueprint '/Game/ThirdPersonBP/Maps/ThirdPersonExampleMap.ThirdPersonExampleMap:PersistentLevel.ThirdPersonExampleMap' with GeneratedClass '/Game/ThirdPersonBP/Maps/ThirdPersonExampleMap.ThirdPersonExampleMap_C' with ClassGeneratedBy '/Game/ThirdPersonBP/Maps/ThirdPersonExampleMap.ThirdPersonExampleMap:PersistentLevel.ThirdPersonExampleMap'
[2017.06.07-15.03.00:062][347]LogBlueprintUserMessages: [ThirdPersonCharacter8] Hello
[2017.06.07-15.03.00:062][347]LogBlueprintUserMessages: [ThirdPersonCharacter8] X=-1155.587 Y=4251.306 Z=130.257
[2017.06.07-15.03.02:148][558]LogBlueprintUserMessages: [ThirdPersonCharacter8] Hello
[2017.06.07-15.03.02:148][558]LogBlueprintUserMessages: [ThirdPersonCharacter8] X=-1475.519 Y=4075.037 Z=130.248
[2017.06.07-15.03.04:182][764]LogBlueprintUserMessages: [ThirdPersonCharacter8] Hello
[2017.06.07-15.03.04:182][764]LogBlueprintUserMessages: [ThirdPersonCharacter8] X=-1746.900 Y=4085.886 Z=130.241
[2017.06.07-15.03.06:567][  5]LogBlueprintUserMessages: [ThirdPersonCharacter7] Hello
[2017.06.07-15.03.06:567][  5]LogBlueprintUserMessages: [ThirdPersonCharacter7] X=-1979.161 Y=4042.467 Z=130.234
[2017.06.07-15.03.23:491][221]LogEditorViewport: Clicking on Actor (LMB): BaseUnit_C (ThirdPersonCharacter8)
[2017.06.07-15.03.25:306][319]LogEditorViewport: Clicking on Actor (LMB): StaticMeshActor (Floor)
[2017.06.07-15.03.28:791][557]LogEditorViewport: Clicking on Actor (LMB): BaseUnit_C (ThirdPersonCharacter8)
[2017.06.07-15.03.37:973][ 47]LogBlueprintUserMessages: Early EndPlayMap Detection: Level '/Game/ThirdPersonBP/Maps/ThirdPersonExampleMap.ThirdPersonExampleMap:PersistentLevel' has LevelScriptBlueprint '/Game/ThirdPersonBP/Maps/ThirdPersonExampleMap.ThirdPersonExampleMap:PersistentLevel.ThirdPersonExampleMap' with GeneratedClass '/Game/ThirdPersonBP/Maps/ThirdPersonExampleMap.ThirdPersonExampleMap_C' with ClassGeneratedBy '/Game/ThirdPersonBP/Maps/ThirdPersonExampleMap.ThirdPersonExampleMap:PersistentLevel.ThirdPersonExampleMap'
[2017.06.07-15.03.38:121][ 47]LogBlueprintUserMessages: Late EndPlayMap Detection: Level '/Game/ThirdPersonBP/Maps/ThirdPersonExampleMap.ThirdPersonExampleMap:PersistentLevel' has LevelScriptBlueprint '/Game/ThirdPersonBP/Maps/ThirdPersonExampleMap.ThirdPersonExampleMap:PersistentLevel.ThirdPersonExampleMap' with GeneratedClass '/Game/ThirdPersonBP/Maps/ThirdPersonExampleMap.ThirdPersonExampleMap_C' with ClassGeneratedBy '/Game/ThirdPersonBP/Maps/ThirdPersonExampleMap.ThirdPersonExampleMap:PersistentLevel.ThirdPersonExampleMap'
[2017.06.07-15.04.10:038][616]BlueprintLog: New page: Compile GDG_PlayerController
[2017.06.07-15.04.10:551][646]Cmd: OBJ SAVEPACKAGE PACKAGE="/Game/MOBA_Minion_AI/Game/GDG_PlayerController" FILE="../../../../UE4 projects/TowerDefence4/Content/MOBA_Minion_AI/Game/GDG_PlayerController.uasset" SILENT=true
[2017.06.07-15.04.10:599][646]LogSavePackage: Save=46.32ms
[2017.06.07-15.04.10:599][646]LogSavePackage: Moving '../../../../UE4 projects/TowerDefence4/Saved/GDG_PlayerController0E8228814166FFC319CFB1A6C6DC7016.tmp' to '../../../../UE4 projects/TowerDefence4/Content/MOBA_Minion_AI/Game/GDG_PlayerController.uasset'
[2017.06.07-15.04.10:600][646]LogSavePackage:Display: Finished SavePackage ../../../../UE4 projects/TowerDefence4/Content/MOBA_Minion_AI/Game/GDG_PlayerController.uasset
[2017.06.07-15.04.12:566][809]LogTemp: Repeting last play command: Selected Viewport
[2017.06.07-15.04.12:583][809]LogBlueprintUserMessages: Early PlayInEditor Detection: Level '/Game/ThirdPersonBP/Maps/ThirdPersonExampleMap.ThirdPersonExampleMap:PersistentLevel' has LevelScriptBlueprint '/Game/ThirdPersonBP/Maps/ThirdPersonExampleMap.ThirdPersonExampleMap:PersistentLevel.ThirdPersonExampleMap' with GeneratedClass '/Game/ThirdPersonBP/Maps/ThirdPersonExampleMap.ThirdPersonExampleMap_C' with ClassGeneratedBy '/Game/ThirdPersonBP/Maps/ThirdPersonExampleMap.ThirdPersonExampleMap:PersistentLevel.ThirdPersonExampleMap'
[2017.06.07-15.04.12:583][809]LogPlayLevel: PlayLevel: No blueprints needed recompiling
[2017.06.07-15.04.12:583][809]PIE: New page: PIE session: ThirdPersonExampleMap (7 Jun 2017 17:04:12)
[2017.06.07-15.04.12:583][809]LogPlayLevel: Creating play world package: /Game/ThirdPersonBP/Maps/UEDPIE_0_ThirdPersonExampleMap
[2017.06.07-15.04.12:599][809]LogPlayLevel: PIE: StaticDuplicateObject took: (0.015902s)
[2017.06.07-15.04.12:600][809]LogAIModule: Creating AISystem for world ThirdPersonExampleMap
[2017.06.07-15.04.12:601][809]LogPlayLevel: PIE: World Init took: (0.000745s)
[2017.06.07-15.04.12:601][809]LogPlayLevel: PIE: Created PIE world by copying editor world from /Game/ThirdPersonBP/Maps/ThirdPersonExampleMap.ThirdPersonExampleMap to /Game/ThirdPersonBP/Maps/UEDPIE_0_ThirdPersonExampleMap.ThirdPersonExampleMap (0.016930s)
[2017.06.07-15.04.12:632][809]LogInit: XAudio2 using 'Speakers (Realtek High Definition Audio)' : 2 channels at 48 kHz using 32 bits per sample (channel mask 0x3)
[2017.06.07-15.04.12:639][809]LogInit: FAudioDevice initialized.
[2017.06.07-15.04.12:669][809]LogLoad: Game class is 'GDG_GameMode_C'
[2017.06.07-15.04.12:672][809]LogWorld: Bringing World /Game/ThirdPersonBP/Maps/UEDPIE_0_ThirdPersonExampleMap.ThirdPersonExampleMap up for play (max tick rate 0) at 2017.06.07-16.04.12
[2017.06.07-15.04.12:672][809]LogWorld: Bringing up level for play took: 0.002924
[2017.06.07-15.04.12:674][809]PIE: Info Play in editor start time for /Game/ThirdPersonBP/Maps/UEDPIE_0_ThirdPersonExampleMap 0.744
[2017.06.07-15.04.12:675][809]LogBlueprintUserMessages: Late PlayInEditor Detection: Level '/Game/ThirdPersonBP/Maps/ThirdPersonExampleMap.ThirdPersonExampleMap:PersistentLevel' has LevelScriptBlueprint '/Game/ThirdPersonBP/Maps/ThirdPersonExampleMap.ThirdPersonExampleMap:PersistentLevel.ThirdPersonExampleMap' with GeneratedClass '/Game/ThirdPersonBP/Maps/ThirdPersonExampleMap.ThirdPersonExampleMap_C' with ClassGeneratedBy '/Game/ThirdPersonBP/Maps/ThirdPersonExampleMap.ThirdPersonExampleMap:PersistentLevel.ThirdPersonExampleMap'
[2017.06.07-15.04.29:510][546]LogBlueprintUserMessages: [ThirdPersonCharacter6] Hello
[2017.06.07-15.04.29:510][546]LogBlueprintDebug:Warning: Hit breakpoint on node 'CallFunc_PrintString', from offset 333
[2017.06.07-15.04.29:510][546]LogBlueprintDebug: 
Script call stack:
	Function /Game/MOBA_Minion_AI/Game/GDG_PlayerController.GDG_PlayerController_C:InpActEvt_Q_K2Node_InputKeyEvent_25
	Function /Game/MOBA_Minion_AI/Game/GDG_PlayerController.GDG_PlayerController_C:ExecuteUbergraph_GDG_PlayerController
	Function /Game/MOBA_Minion_AI/Units/Friendly/BaseUnit.BaseUnit_C:AttackMoveTo
	Function /Game/MOBA_Minion_AI/Units/Friendly/BaseUnit.BaseUnit_C:ExecuteUbergraph_BaseUnit

[2017.06.07-15.04.38:048][546]LogBlueprintUserMessages: [ThirdPersonCharacter6] X=-2003.614 Y=3825.756 Z=130.234
[2017.06.07-15.04.38:049][546]LogBlueprintUserMessages: Early EndPlayMap Detection: Level '/Game/ThirdPersonBP/Maps/ThirdPersonExampleMap.ThirdPersonExampleMap:PersistentLevel' has LevelScriptBlueprint '/Game/ThirdPersonBP/Maps/ThirdPersonExampleMap.ThirdPersonExampleMap:PersistentLevel.ThirdPersonExampleMap' with GeneratedClass '/Game/ThirdPersonBP/Maps/ThirdPersonExampleMap.ThirdPersonExampleMap_C' with ClassGeneratedBy '/Game/ThirdPersonBP/Maps/ThirdPersonExampleMap.ThirdPersonExampleMap:PersistentLevel.ThirdPersonExampleMap'
[2017.06.07-15.04.38:153][546]LogBlueprintUserMessages: Late EndPlayMap Detection: Level '/Game/ThirdPersonBP/Maps/ThirdPersonExampleMap.ThirdPersonExampleMap:PersistentLevel' has LevelScriptBlueprint '/Game/ThirdPersonBP/Maps/ThirdPersonExampleMap.ThirdPersonExampleMap:PersistentLevel.ThirdPersonExampleMap' with GeneratedClass '/Game/ThirdPersonBP/Maps/ThirdPersonExampleMap.ThirdPersonExampleMap_C' with ClassGeneratedBy '/Game/ThirdPersonBP/Maps/ThirdPersonExampleMap.ThirdPersonExampleMap:PersistentLevel.ThirdPersonExampleMap'
[2017.06.07-15.04.43:225][898]LogSavePackage: Save=119.75ms
[2017.06.07-15.04.43:225][898]LogSavePackage: Moving '../../../../UE4 projects/TowerDefence4/Saved/ThirdPersonExampleMap4ED533DA4DFEA8CCDCBE4C926DDB1F05.tmp' to '../../../../UE4 projects/TowerDefence4/Content/ThirdPersonBP/Maps/ThirdPersonExampleMap.umap'
[2017.06.07-15.04.43:227][898]LogSavePackage:Display: Finished SavePackage ../../../../UE4 projects/TowerDefence4/Content/ThirdPersonBP/Maps/ThirdPersonExampleMap.umap
[2017.06.07-15.04.43:256][898]LogFileHelpers: Saving map 'ThirdPersonExampleMap' took 0.212
[2017.06.07-15.04.44:400][976]LogActorComponent: UnregisterComponent: (/Engine/Transient.EditorFloorComp) Not registered. Aborting.
[2017.06.07-15.04.44:453][976]LogWindowsTextInputMethodSystem:Display: IME system now deactivated.
[2017.06.07-15.04.44:646][977]Cmd: QUIT_EDITOR
[2017.06.07-15.04.45:488][977]LogExit: Preparing to exit.
[2017.06.07-15.04.46:187][977]LogDirectoryWatcher: A directory notification for 'E:/Unreal 4/UE4 projects/TowerDefence4/Content/' was aborted.
[2017.06.07-15.04.46:215][977]LogExit: Editor shut down
[2017.06.07-15.04.46:215][977]LogExit: Transaction tracking system shut down
[2017.06.07-15.04.46:291][977]LogObj: Freed 0b from 0 cluster array pools.
[2017.06.07-15.04.46:291][977]LogExit: Object subsystem successfully closed.
[2017.06.07-15.04.46:307][977]LogD3D11RHI: Shutdown
[2017.06.07-15.04.46:307][977]LogD3D11RHI: CleanupD3DDevice
[2017.06.07-15.04.46:386][977]LogD3D11RHI: ~FD3D11DynamicRHI
[2017.06.07-15.04.46:391][977]LogModuleManager: Shutting down and abandoning module BlueprintGraph (506)
[2017.06.07-15.04.46:391][977]LogModuleManager: Shutting down and abandoning module BlueprintProfiler (504)
[2017.06.07-15.04.46:391][977]LogModuleManager: Shutting down and abandoning module MovieSceneCapture (502)
[2017.06.07-15.04.46:391][977]LogModuleManager: Shutting down and abandoning module HierarchicalLODOutliner (500)
[2017.06.07-15.04.46:391][977]LogModuleManager: Shutting down and abandoning module CrashTracker (498)
[2017.06.07-15.04.46:391][977]LogModuleManager: Shutting down and abandoning module SceneOutliner (496)
[2017.06.07-15.04.46:391][977]LogModuleManager: Shutting down and abandoning module AddContentDialog (494)
[2017.06.07-15.04.46:391][977]LogDirectoryWatcher: A directory notification for 'E:/Unreal 4/UE_4.15/FeaturePacks/' was aborted.
[2017.06.07-15.04.46:392][977]LogModuleManager: Shutting down and abandoning module WidgetCarousel (493)
[2017.06.07-15.04.46:392][977]LogModuleManager: Shutting down and abandoning module EditorWidgets (490)
[2017.06.07-15.04.46:392][977]LogModuleManager: Shutting down and abandoning module CollectionManager (488)
[2017.06.07-15.04.46:392][977]LogDirectoryWatcher: A directory notification for 'E:/Unreal 4/UE4 projects/TowerDefence4/Content/Collections/' was aborted.
[2017.06.07-15.04.46:392][977]LogDirectoryWatcher: A directory notification for 'E:/Unreal 4/UE4 projects/TowerDefence4/Content/Developers/Henry891/Collections/' was aborted.
[2017.06.07-15.04.46:392][977]LogDirectoryWatcher: A directory notification for 'E:/Unreal 4/UE4 projects/TowerDefence4/Saved/Collections/' was aborted.
[2017.06.07-15.04.46:392][977]LogModuleManager: Shutting down and abandoning module StatsViewer (486)
[2017.06.07-15.04.46:392][977]LogModuleManager: Shutting down and abandoning module FoliageEdit (484)
[2017.06.07-15.04.46:392][977]LogModuleManager: Shutting down and abandoning module LandscapeEditor (482)
[2017.06.07-15.04.46:392][977]LogModuleManager: Shutting down and abandoning module SceneDepthPickerMode (480)
[2017.06.07-15.04.46:392][977]LogModuleManager: Shutting down and abandoning module ActorPickerMode (478)
[2017.06.07-15.04.46:392][977]LogModuleManager: Shutting down and abandoning module GeometryMode (476)
[2017.06.07-15.04.46:392][977]LogModuleManager: Shutting down and abandoning module TextureAlignMode (474)
[2017.06.07-15.04.46:392][977]LogModuleManager: Shutting down and abandoning module BspMode (472)
[2017.06.07-15.04.46:392][977]LogModuleManager: Shutting down and abandoning module HardwareSurvey (470)
[2017.06.07-15.04.46:392][977]LogModuleManager: Shutting down and abandoning module SequenceRecorderSections (468)
[2017.06.07-15.04.46:392][977]LogModuleManager: Shutting down and abandoning module AutomationWorker (466)
[2017.06.07-15.04.46:392][977]LogModuleManager: Shutting down and abandoning module MatineeToLevelSequence (464)
[2017.06.07-15.04.46:392][977]LogModuleManager: Shutting down and abandoning module LevelSequenceEditor (462)
[2017.06.07-15.04.46:392][977]LogModuleManager: Shutting down and abandoning module PlacementMode (461)
[2017.06.07-15.04.46:392][977]LogModuleManager: Shutting down and abandoning module WmfMediaFactory (458)
[2017.06.07-15.04.46:392][977]LogModuleManager: Shutting down and abandoning module WmfMediaEditor (456)
[2017.06.07-15.04.46:392][977]LogModuleManager: Shutting down and abandoning module MfMediaFactory (454)
[2017.06.07-15.04.46:392][977]LogModuleManager: Shutting down and abandoning module MfMediaEditor (452)
[2017.06.07-15.04.46:392][977]LogModuleManager: Shutting down and abandoning module AvfMediaFactory (450)
[2017.06.07-15.04.46:392][977]LogModuleManager: Shutting down and abandoning module AvfMediaEditor (448)
[2017.06.07-15.04.46:392][977]LogModuleManager: Shutting down and abandoning module AndroidMediaFactory (446)
[2017.06.07-15.04.46:392][977]LogModuleManager: Shutting down and abandoning module Media (445)
[2017.06.07-15.04.46:392][977]LogModuleManager: Shutting down and abandoning module AndroidMediaEditor (442)
[2017.06.07-15.04.46:392][977]LogModuleManager: Shutting down and abandoning module CharacterAI (440)
[2017.06.07-15.04.46:392][977]LogModuleManager: Shutting down and abandoning module AudioCapture (438)
[2017.06.07-15.04.46:392][977]LogModuleManager: Shutting down and abandoning module SequenceRecorder (437)
[2017.06.07-15.04.46:393][977]LogModuleManager: Shutting down and abandoning module SmartSnapping (434)
[2017.06.07-15.04.46:393][977]LogModuleManager: Shutting down and abandoning module SessionServices (432)
[2017.06.07-15.04.46:393][977]LogModuleManager: Shutting down and abandoning module ViewportSnapping (430)
[2017.06.07-15.04.46:393][977]LogModuleManager: Shutting down and abandoning module ViewportInteraction (428)
[2017.06.07-15.04.46:393][977]LogModuleManager: Shutting down and abandoning module LogVisualizer (426)
[2017.06.07-15.04.46:393][977]LogModuleManager: Shutting down and abandoning module IntroTutorials (424)
[2017.06.07-15.04.46:393][977]LogModuleManager: Shutting down and abandoning module GameProjectGeneration (423)
[2017.06.07-15.04.46:393][977]LogModuleManager: Shutting down and abandoning module EditorLiveStreaming (420)
[2017.06.07-15.04.46:393][977]LogModuleManager: Shutting down and abandoning module IOSPlatformEditor (418)
[2017.06.07-15.04.46:393][977]LogModuleManager: Shutting down and abandoning module HTML5PlatformEditor (416)
[2017.06.07-15.04.46:393][977]LogModuleManager: Shutting down and abandoning module AndroidPlatformEditor (414)
[2017.06.07-15.04.46:393][977]LogModuleManager: Shutting down and abandoning module AndroidDeviceDetection (413)
[2017.06.07-15.04.46:410][977]LogModuleManager: Shutting down and abandoning module IOSRuntimeSettings (410)
[2017.06.07-15.04.46:410][977]LogModuleManager: Shutting down and abandoning module AndroidRuntimeSettings (408)
[2017.06.07-15.04.46:410][977]LogModuleManager: Shutting down and abandoning module InputBindingEditor (406)
[2017.06.07-15.04.46:410][977]LogModuleManager: Shutting down and abandoning module NiagaraEditor (404)
[2017.06.07-15.04.46:411][977]LogModuleManager: Shutting down and abandoning module MergeActors (402)
[2017.06.07-15.04.46:411][977]LogModuleManager: Shutting down and abandoning module SizeMap (400)
[2017.06.07-15.04.46:411][977]LogModuleManager: Shutting down and abandoning module TreeMap (398)
[2017.06.07-15.04.46:411][977]LogModuleManager: Shutting down and abandoning module ReferenceViewer (396)
[2017.06.07-15.04.46:411][977]LogModuleManager: Shutting down and abandoning module LocalizationDashboard (394)
[2017.06.07-15.04.46:411][977]LogModuleManager: Shutting down and abandoning module LocalizationService (393)
[2017.06.07-15.04.46:411][977]LogModuleManager: Shutting down and abandoning module HardwareTargeting (390)
[2017.06.07-15.04.46:411][977]LogModuleManager: Shutting down and abandoning module DeviceProfileEditor (388)
[2017.06.07-15.04.46:411][977]LogModuleManager: Shutting down and abandoning module UndoHistory (386)
[2017.06.07-15.04.46:411][977]LogModuleManager: Shutting down and abandoning module UserFeedback (384)
[2017.06.07-15.04.46:411][977]LogModuleManager: Shutting down and abandoning module XmlParser (382)
[2017.06.07-15.04.46:411][977]LogModuleManager: Shutting down and abandoning module Blutility (380)
[2017.06.07-15.04.46:411][977]LogModuleManager: Shutting down and abandoning module ProjectSettingsViewer (378)
[2017.06.07-15.04.46:411][977]LogModuleManager: Shutting down and abandoning module ProjectTargetPlatformEditor (377)
[2017.06.07-15.04.46:411][977]LogModuleManager: Shutting down and abandoning module EditorSettingsViewer (374)
[2017.06.07-15.04.46:411][977]LogModuleManager: Shutting down and abandoning module SettingsEditor (372)
[2017.06.07-15.04.46:411][977]LogModuleManager: Shutting down and abandoning module ProjectLauncher (370)
[2017.06.07-15.04.46:411][977]LogModuleManager: Shutting down and abandoning module SessionFrontend (368)
[2017.06.07-15.04.46:411][977]LogModuleManager: Shutting down and abandoning module ProfilerClient (366)
[2017.06.07-15.04.46:411][977]LogModuleManager: Shutting down and abandoning module DeviceManager (364)
[2017.06.07-15.04.46:411][977]LogModuleManager: Shutting down and abandoning module TargetDeviceServices (363)
[2017.06.07-15.04.46:463][977]LogModuleManager: Shutting down and abandoning module AutomationController (360)
[2017.06.07-15.04.46:463][977]LogModuleManager: Shutting down and abandoning module AutomationWindow (358)
[2017.06.07-15.04.46:463][977]LogModuleManager: Shutting down and abandoning module Layers (356)
[2017.06.07-15.04.46:463][977]LogModuleManager: Shutting down and abandoning module ComponentVisualizers (354)
[2017.06.07-15.04.46:463][977]LogModuleManager: Shutting down and abandoning module DetailCustomizations (352)
[2017.06.07-15.04.46:463][977]LogModuleManager: Shutting down and abandoning module PackagesDialog (350)
[2017.06.07-15.04.46:463][977]LogModuleManager: Shutting down and abandoning module Persona (348)
[2017.06.07-15.04.46:463][977]LogModuleManager: Shutting down and abandoning module AnimGraph (347)
[2017.06.07-15.04.46:463][977]LogModuleManager: Shutting down and abandoning module Kismet (344)
[2017.06.07-15.04.46:469][977]LogModuleManager: Shutting down and abandoning module GraphEditor (342)
[2017.06.07-15.04.46:469][977]LogModuleManager: Shutting down and abandoning module ClassViewer (340)
[2017.06.07-15.04.46:469][977]LogModuleManager: Shutting down and abandoning module Toolbox (338)
[2017.06.07-15.04.46:469][977]LogModuleManager: Shutting down and abandoning module ModuleUI (336)
[2017.06.07-15.04.46:469][977]LogModuleManager: Shutting down and abandoning module MovieSceneTools (334)
[2017.06.07-15.04.46:469][977]LogModuleManager: Shutting down and abandoning module OutputLog (332)
[2017.06.07-15.04.46:469][977]LogModuleManager: Shutting down and abandoning module GammaUI (330)
[2017.06.07-15.04.46:469][977]LogModuleManager: Shutting down and abandoning module Documentation (328)
[2017.06.07-15.04.46:469][977]LogModuleManager: Shutting down and abandoning module Niagara (326)
[2017.06.07-15.04.46:469][977]LogModuleManager: Shutting down and abandoning module StreamingPauseRendering (324)
[2017.06.07-15.04.46:469][977]LogModuleManager: Shutting down and abandoning module AnalyticsET (322)
[2017.06.07-15.04.46:469][977]LogModuleManager: Shutting down and abandoning module PortalServices (320)
[2017.06.07-15.04.46:469][977]LogModuleManager: Shutting down and abandoning module PortalRpc (318)
[2017.06.07-15.04.46:469][977]LogModuleManager: Shutting down and abandoning module MessagingRpc (316)
[2017.06.07-15.04.46:469][977]LogModuleManager: Shutting down and abandoning module AIModule (314)
[2017.06.07-15.04.46:469][977]LogModuleManager: Shutting down and abandoning module GameplayDebugger (313)
[2017.06.07-15.04.46:469][977]LogModuleManager: Shutting down and abandoning module AITestSuite (311)
[2017.06.07-15.04.46:469][977]LogModuleManager: Shutting down and abandoning module ProfilerService (308)
[2017.06.07-15.04.46:546][977]LogModuleManager: Shutting down and abandoning module TaskGraph (306)
[2017.06.07-15.04.46:546][977]LogModuleManager: Shutting down and abandoning module SteamVRController (304)
[2017.06.07-15.04.46:546][977]LogModuleManager: Shutting down and abandoning module SteamVR (302)
[2017.06.07-15.04.46:546][977]LogModuleManager: Shutting down and abandoning module ProceduralMeshComponentEditor (300)
[2017.06.07-15.04.46:546][977]LogModuleManager: Shutting down and abandoning module ProceduralMeshComponent (298)
[2017.06.07-15.04.46:546][977]LogModuleManager: Shutting down and abandoning module OculusLibrary (296)
[2017.06.07-15.04.46:546][977]LogModuleManager: Shutting down and abandoning module OculusInput (294)
[2017.06.07-15.04.46:546][977]LogModuleManager: Shutting down and abandoning module MobilePatchingUtils (292)
[2017.06.07-15.04.46:546][977]LogModuleManager: Shutting down and abandoning module CustomMeshComponent (290)
[2017.06.07-15.04.46:546][977]LogModuleManager: Shutting down and abandoning module CableComponent (288)
[2017.06.07-15.04.46:546][977]LogModuleManager: Shutting down and abandoning module ArchVisCharacter (286)
[2017.06.07-15.04.46:546][977]LogModuleManager: Shutting down and abandoning module MediaPlayerEditor (282)
[2017.06.07-15.04.46:546][977]LogModuleManager: Shutting down and abandoning module HTML5Networking (280)
[2017.06.07-15.04.46:546][977]LogModuleManager: Shutting down and abandoning module AlembicImporter (278)
[2017.06.07-15.04.46:546][977]LogModuleManager: Shutting down and abandoning module AlembicLibrary (277)
[2017.06.07-15.04.46:546][977]LogModuleManager: Shutting down and abandoning module GeometryCache (276)
[2017.06.07-15.04.46:546][977]LogModuleManager: Shutting down and abandoning module GeometryCacheEd (275)
[2017.06.07-15.04.46:546][977]LogModuleManager: Shutting down and abandoning module SuperSearchEditor (270)
[2017.06.07-15.04.46:546][977]LogModuleManager: Shutting down and abandoning module SuperSearch (269)
[2017.06.07-15.04.46:546][977]LogModuleManager: Shutting down and abandoning module SpeedTreeImporter (266)
[2017.06.07-15.04.46:546][977]LogModuleManager: Shutting down and abandoning module PluginBrowser (264)
[2017.06.07-15.04.46:546][977]LogModuleManager: Shutting down and abandoning module MobileLauncherProfileWizard (262)
[2017.06.07-15.04.46:546][977]LogModuleManager: Shutting down and abandoning module EpicSurvey (260)
[2017.06.07-15.04.46:546][977]LogModuleManager: Shutting down and abandoning module VisualStudioSourceCodeAccess (258)
[2017.06.07-15.04.46:546][977]LogModuleManager: Shutting down and abandoning module DesktopPlatform (257)
[2017.06.07-15.04.46:546][977]LogModuleManager: Shutting down and abandoning module UObjectPlugin (254)
[2017.06.07-15.04.46:546][977]LogModuleManager: Shutting down and abandoning module SubversionSourceControl (252)
[2017.06.07-15.04.46:546][977]LogModuleManager: Shutting down and abandoning module PerforceSourceControl (250)
[2017.06.07-15.04.46:546][977]LogModuleManager: Shutting down and abandoning module GitSourceControl (248)
[2017.06.07-15.04.46:546][977]LogModuleManager: Shutting down and abandoning module SourceControl (247)
[2017.06.07-15.04.46:546][977]LogModuleManager: Shutting down and abandoning module LightPropagationVolumeEditor (244)
[2017.06.07-15.04.46:546][977]LogModuleManager: Shutting down and abandoning module PaperTiledImporter (242)
[2017.06.07-15.04.46:546][977]LogModuleManager: Shutting down and abandoning module PaperSpriteSheetImporter (240)
[2017.06.07-15.04.46:546][977]LogModuleManager: Shutting down and abandoning module Paper2DEditor (238)
[2017.06.07-15.04.46:546][977]LogModuleManager: Shutting down and abandoning module MeshPaint (237)
[2017.06.07-15.04.46:546][977]LogModuleManager: Shutting down and abandoning module LevelEditor (235)
[2017.06.07-15.04.46:547][977]LogModuleManager: Shutting down and abandoning module PixelInspectorModule (234)
[2017.06.07-15.04.46:547][977]LogModuleManager: Shutting down and abandoning module MainFrame (232)
[2017.06.07-15.04.46:547][977]LogModuleManager: Shutting down and abandoning module HotReload (231)
[2017.06.07-15.04.46:547][977]LogModuleManager: Shutting down and abandoning module ContentBrowser (227)
[2017.06.07-15.04.46:548][977]LogModuleManager: Shutting down and abandoning module PhysXVehiclesEditor (224)
[2017.06.07-15.04.46:548][977]LogModuleManager: Shutting down and abandoning module PhysXVehicles (222)
[2017.06.07-15.04.46:548][977]LogModuleManager: Shutting down and abandoning module LocationServicesBPLibrary (220)
[2017.06.07-15.04.46:548][977]LogModuleManager: Shutting down and abandoning module UdpMessaging (218)
[2017.06.07-15.04.46:649][977]LogModuleManager: Shutting down and abandoning module TcpMessaging (216)
[2017.06.07-15.04.47:053][977]LogModuleManager: Shutting down and abandoning module GameplayTagsEditor (214)
[2017.06.07-15.04.47:053][977]LogModuleManager: Shutting down and abandoning module FacialAnimationEditor (212)
[2017.06.07-15.04.47:053][977]LogModuleManager: Shutting down and abandoning module FacialAnimation (210)
[2017.06.07-15.04.47:053][977]LogModuleManager: Shutting down and abandoning module LightPropagationVolumeRuntime (208)
[2017.06.07-15.04.47:053][977]LogModuleManager: Shutting down and abandoning module Paper2D (206)
[2017.06.07-15.04.47:053][977]LogModuleManager: Shutting down and abandoning module WindowsMoviePlayer (204)
[2017.06.07-15.04.47:053][977]LogModuleManager: Shutting down and abandoning module WmfMedia (202)
[2017.06.07-15.04.47:053][977]LogModuleManager: Shutting down and abandoning module MfMedia (200)
[2017.06.07-15.04.47:053][977]LogModuleManager: Shutting down and abandoning module MediaAssets (198)
[2017.06.07-15.04.47:053][977]LogModuleManager: Shutting down and abandoning module GameLiveStreaming (196)
[2017.06.07-15.04.47:053][977]LogModuleManager: Shutting down and abandoning module EnvironmentQueryEditor (194)
[2017.06.07-15.04.47:053][977]LogModuleManager: Shutting down and abandoning module VREditor (192)
[2017.06.07-15.04.47:053][977]LogModuleManager: Shutting down and abandoning module GameplayTasksEditor (190)
[2017.06.07-15.04.47:053][977]LogModuleManager: Shutting down and abandoning module BehaviorTreeEditor (188)
[2017.06.07-15.04.47:053][977]LogModuleManager: Shutting down and abandoning module FunctionalTesting (186)
[2017.06.07-15.04.47:053][977]LogModuleManager: Shutting down and abandoning module CollisionAnalyzer (184)
[2017.06.07-15.04.47:053][977]LogModuleManager: Shutting down and abandoning module UMG (182)
[2017.06.07-15.04.47:053][977]LogModuleManager: Shutting down and abandoning module UMGEditor (181)
[2017.06.07-15.04.47:053][977]LogModuleManager: Shutting down and abandoning module Sequencer (180)
[2017.06.07-15.04.47:053][977]LogModuleManager: Shutting down and abandoning module AssetTools (178)
[2017.06.07-15.04.47:053][977]LogModuleManager: Shutting down and abandoning module MessageLog (177)
[2017.06.07-15.04.47:053][977]LogModuleManager: Shutting down and abandoning module WorkspaceMenuStructure (176)
[2017.06.07-15.04.47:053][977]LogModuleManager: Shutting down and abandoning module SlateReflector (170)
[2017.06.07-15.04.47:053][977]LogModuleManager: Shutting down and abandoning module Slate (168)
[2017.06.07-15.04.47:053][977]LogModuleManager: Shutting down and abandoning module EditorStyle (166)
[2017.06.07-15.04.47:055][977]LogModuleManager: Shutting down and abandoning module SourceCodeAccess (164)
[2017.06.07-15.04.47:055][977]LogModuleManager: Shutting down and abandoning module HeadMountedDisplay (162)
[2017.06.07-15.04.47:055][977]LogModuleManager: Shutting down and abandoning module XAudio2 (160)
[2017.06.07-15.04.47:055][977]LogModuleManager: Shutting down and abandoning module Networking (158)
[2017.06.07-15.04.47:055][977]LogModuleManager: Shutting down and abandoning module Core (154)
[2017.06.07-15.04.47:055][977]LogModuleManager: Shutting down and abandoning module AssetRegistry (152)
[2017.06.07-15.04.47:202][977]LogDirectoryWatcher: A directory notification for '../../../Engine/Content/' was aborted.
[2017.06.07-15.04.47:202][977]LogDirectoryWatcher: A directory notification for '../../../../UE4 projects/TowerDefence4/Content/' was aborted.
[2017.06.07-15.04.47:202][977]LogDirectoryWatcher: A directory notification for '../../../Engine/Plugins/2D/Paper2D/Content/' was aborted.
[2017.06.07-15.04.47:202][977]LogModuleManager: Shutting down and abandoning module DirectoryWatcher (151)
[2017.06.07-15.04.47:203][977]LogModuleManager: Shutting down and abandoning module KismetCompiler (148)
[2017.06.07-15.04.47:203][977]LogModuleManager: Shutting down and abandoning module PhysXFormats (146)
[2017.06.07-15.04.47:203][977]LogModuleManager: Shutting down and abandoning module MeshUtilities (144)
[2017.06.07-15.04.47:203][977]LogModuleManager: Shutting down and abandoning module SimplygonSwarm (143)
[2017.06.07-15.04.47:203][977]LogModuleManager: Shutting down and abandoning module SimplygonMeshReduction (141)
[2017.06.07-15.04.47:203][977]LogModuleManager: Shutting down and abandoning module QuadricMeshReduction (139)
[2017.06.07-15.04.47:203][977]LogModuleManager: Shutting down and abandoning module PropertyEditor (137)
[2017.06.07-15.04.47:203][977]LogModuleManager: Shutting down and abandoning module DerivedDataCache (134)
[2017.06.07-15.04.47:286][977]LogDerivedDataCache: Shutdown
[2017.06.07-15.04.47:286][977]LogModuleManager: Shutting down and abandoning module TargetPlatform (132)
[2017.06.07-15.04.47:286][977]LogModuleManager: Shutting down and abandoning module VulkanShaderFormat (131)
[2017.06.07-15.04.47:286][977]LogModuleManager: Shutting down and abandoning module ShaderFormatOpenGL (129)
[2017.06.07-15.04.47:287][977]LogModuleManager: Shutting down and abandoning module ShaderFormatD3D (127)
[2017.06.07-15.04.47:287][977]LogModuleManager: Shutting down and abandoning module MetalShaderFormat (125)
[2017.06.07-15.04.47:287][977]LogModuleManager: Shutting down and abandoning module TextureFormatUncompressed (123)
[2017.06.07-15.04.47:287][977]LogModuleManager: Shutting down and abandoning module TextureFormatPVR (121)
[2017.06.07-15.04.47:287][977]LogModuleManager: Shutting down and abandoning module TextureFormatDXT (119)
[2017.06.07-15.04.47:287][977]LogModuleManager: Shutting down and abandoning module TextureFormatIntelISPCTexComp (117)
[2017.06.07-15.04.47:287][977]LogModuleManager: Shutting down and abandoning module TextureFormatASTC (115)
[2017.06.07-15.04.47:287][977]LogModuleManager: Shutting down and abandoning module ImageWrapper (114)
[2017.06.07-15.04.47:287][977]LogModuleManager: Shutting down and abandoning module TextureFormatAndroid (111)
[2017.06.07-15.04.47:287][977]LogModuleManager: Shutting down and abandoning module AudioFormatOpus (109)
[2017.06.07-15.04.47:287][977]LogModuleManager: Shutting down and abandoning module AudioFormatOgg (107)
[2017.06.07-15.04.47:287][977]LogModuleManager: Shutting down and abandoning module AudioFormatADPCM (105)
[2017.06.07-15.04.47:287][977]LogModuleManager: Shutting down and abandoning module LinuxTargetPlatform (103)
[2017.06.07-15.04.47:287][977]LogModuleManager: Shutting down and abandoning module LinuxServerTargetPlatform (101)
[2017.06.07-15.04.47:287][977]LogModuleManager: Shutting down and abandoning module LinuxNoEditorTargetPlatform (99)
[2017.06.07-15.04.47:287][977]LogModuleManager: Shutting down and abandoning module LinuxClientTargetPlatform (97)
[2017.06.07-15.04.47:287][977]LogModuleManager: Shutting down and abandoning module TVOSTargetPlatform (95)
[2017.06.07-15.04.47:287][977]LogModuleManager: Shutting down and abandoning module Messaging (93)
[2017.06.07-15.04.47:287][977]LogModuleManager: Shutting down and abandoning module IOSTargetPlatform (91)
[2017.06.07-15.04.47:287][977]LogModuleManager: Shutting down and abandoning module HTML5TargetPlatform (89)
[2017.06.07-15.04.47:287][977]LogModuleManager: Shutting down and abandoning module Android_PVRTCTargetPlatform (87)
[2017.06.07-15.04.47:287][977]LogModuleManager: Shutting down and abandoning module Android_MultiTargetPlatform (85)
[2017.06.07-15.04.47:287][977]LogModuleManager: Shutting down and abandoning module Android_ETC2TargetPlatform (83)
[2017.06.07-15.04.47:287][977]LogModuleManager: Shutting down and abandoning module Android_ETC1TargetPlatform (81)
[2017.06.07-15.04.47:287][977]LogModuleManager: Shutting down and abandoning module Android_DXTTargetPlatform (79)
[2017.06.07-15.04.47:287][977]LogModuleManager: Shutting down and abandoning module Android_ATCTargetPlatform (77)
[2017.06.07-15.04.47:287][977]LogModuleManager: Shutting down and abandoning module Android_ASTCTargetPlatform (75)
[2017.06.07-15.04.47:287][977]LogModuleManager: Shutting down and abandoning module AndroidTargetPlatform (73)
[2017.06.07-15.04.47:287][977]LogModuleManager: Shutting down and abandoning module WindowsTargetPlatform (71)
[2017.06.07-15.04.47:287][977]LogModuleManager: Shutting down and abandoning module WindowsServerTargetPlatform (69)
[2017.06.07-15.04.47:287][977]LogModuleManager: Shutting down and abandoning module WindowsNoEditorTargetPlatform (67)
[2017.06.07-15.04.47:287][977]LogModuleManager: Shutting down and abandoning module WindowsClientTargetPlatform (65)
[2017.06.07-15.04.47:287][977]LogModuleManager: Shutting down and abandoning module MacTargetPlatform (63)
[2017.06.07-15.04.47:287][977]LogModuleManager: Shutting down and abandoning module MacServerTargetPlatform (61)
[2017.06.07-15.04.47:287][977]LogModuleManager: Shutting down and abandoning module MacNoEditorTargetPlatform (59)
[2017.06.07-15.04.47:287][977]LogModuleManager: Shutting down and abandoning module MacClientTargetPlatform (57)
[2017.06.07-15.04.47:287][977]LogModuleManager: Shutting down and abandoning module AllDesktopTargetPlatform (55)
[2017.06.07-15.04.47:287][977]LogModuleManager: Shutting down and abandoning module InputCore (52)
[2017.06.07-15.04.47:287][977]LogModuleManager: Shutting down and abandoning module Settings (50)
[2017.06.07-15.04.47:287][977]LogModuleManager: Shutting down and abandoning module OculusRift (48)
[2017.06.07-15.04.47:287][977]LogModuleManager: Shutting down and abandoning module GearVR (46)
[2017.06.07-15.04.47:287][977]LogModuleManager: Shutting down and abandoning module ExampleDeviceProfileSelector (44)
[2017.06.07-15.04.47:287][977]LogModuleManager: Shutting down and abandoning module OnlineBlueprintSupport (42)
[2017.06.07-15.04.47:287][977]LogModuleManager: Shutting down and abandoning module OnlineSubsystem (38)
[2017.06.07-15.04.47:287][977]LogOnline:Display: Unloading online subsystem: NULL
[2017.06.07-15.04.47:287][977]LogModuleManager: Shutting down and abandoning module XMPP (37)
[2017.06.07-15.04.47:287][977]LogModuleManager: Shutting down and abandoning module HTTP (35)
[2017.06.07-15.04.47:287][977]LogHttp:Display: Http module shutting down, but needs to wait on 1 outstanding Http requests:
[2017.06.07-15.04.47:287][977]LogHttp:Display: 	verb=[POST] url=[https://datarouter.ol.epicgames.com/datarouter/api/v1/public/data?SessionID=%7B23F9D4FB-401D-FADF-D357-7E9FADCD7125%7D&AppID=UEEditor.Rocket.Release&AppVersion=4.15.2-3416026%2B%2B%2BUE4%2BRelease-4.15&UserID=792a68a44fbb11f39c5b928b0a92b453%7C1c2770170c974dea87ad2b41ec4a65ab%7C76525198-daab-451b-b1f3-7338e1d38b7d&AppEnvironment=datacollector-binary&UploadType=eteventstream] status=Processing
[2017.06.07-15.04.47:321][977]LogModuleManager: Shutting down and abandoning module SSL (34)
[2017.06.07-15.04.47:322][977]LogModuleManager: Shutting down and abandoning module AudioEditor (30)
[2017.06.07-15.04.47:322][977]LogModuleManager: Shutting down and abandoning module TextureCompressor (28)
[2017.06.07-15.04.47:322][977]LogModuleManager: Shutting down and abandoning module ShaderCore (26)
[2017.06.07-15.04.47:322][977]LogModuleManager: Shutting down and abandoning module Landscape (24)
[2017.06.07-15.04.47:322][977]LogModuleManager: Shutting down and abandoning module SlateRHIRenderer (22)
[2017.06.07-15.04.47:325][977]LogModuleManager: Shutting down and abandoning module OpenGLDrv (20)
[2017.06.07-15.04.47:325][977]LogModuleManager: Shutting down and abandoning module D3D11RHI (18)
[2017.06.07-15.04.47:325][977]LogModuleManager: Shutting down and abandoning module AnimGraphRuntime (16)
[2017.06.07-15.04.47:325][977]LogModuleManager: Shutting down and abandoning module Renderer (14)
[2017.06.07-15.04.47:325][977]LogModuleManager: Shutting down and abandoning module Engine (12)
[2017.06.07-15.04.47:325][977]LogModuleManager: Shutting down and abandoning module CoreUObject (10)
[2017.06.07-15.04.47:325][977]LogModuleManager: Shutting down and abandoning module NetworkFile (8)
[2017.06.07-15.04.47:325][977]LogModuleManager: Shutting down and abandoning module StreamingFile (6)
[2017.06.07-15.04.47:325][977]LogModuleManager: Shutting down and abandoning module SandboxFile (4)
[2017.06.07-15.04.47:325][977]LogModuleManager: Shutting down and abandoning module PakFile (2)
[2017.06.07-15.04.47:326][977]LogExit: Exiting.
[2017.06.07-15.04.47:328][977]Log file closed, 06/07/17 16:04:47
